160
47 75
8 79
89 59
74 0
87 5
1 15
55 11
27 72
42 34
74 56
33 41
88 82
38 28
67 93
29 6
24 27
13 25
92 47
47 40
62 99
77 60
23 54
30 66
80 1
62 4
39 45
9 21
69 42
73 30
44 89
43 20
32 92
52 53
22 81
46 12
26 76
52 10
15 72
18 95
42 50
70 82
94 75
96 48
51 14
97 80
81 36
86 29
99 16
78 24
20 59
78 97
5 20
20 68
10 86
33 74
90 18
19 30
5 88
6 63
99 47
9 95
48 9
53 50
81 55
10 51
32 36
75 13
23 15
34 17
49 60
66 22
56 52
41 38
34 65
59 22
54 26
37 61
55 37
60 65
11 33
95 99
65 43
17 89
0 32
98 27
60 8
66 96
25 23
58 91
53 86
64 31
51 69
14 55
93 16
12 11
63 88
45 96
15 14
25 90
61 35
16 62
3 41
50 94
68 87
21 48
13 19
98 1
37 85
95 90
61 92
1 98
82 58
83 68
35 10
93 42
41 78
67 37
50 31
87 19
14 93
36 71
24 39
79 7
72 94
94 21
36 39
8 73
69 62
76 84
71 67
76 70
58 25
28 58
31 53
84 52
57 85
19 74
83 97
64 83
79 44
85 49
4 46
54 64
16 84
11 61
2 51
3 5
97 33
39 69
17 49
80 29
18 35
91 83
28 0
92 64
4 67
30 78
68 79
96 38
84 7
