153
39 99
37 54
43 32
21 4
3 90
13 85
27 7
39 80
94 56
32 7
77 10
59 27
19 78
50 4
20 29
6 86
53 86
34 38
72 97
74 23
38 40
62 63
69 24
99 75
5 97
4 39
56 0
88 58
30 41
80 35
79 48
71 65
86 92
42 72
62 3
71 44
35 16
14 60
55 69
16 99
64 46
80 17
27 89
24 1
26 75
46 97
18 62
83 27
63 95
84 23
68 4
44 86
95 87
51 44
54 55
94 40
80 23
34 58
28 20
69 31
5 76
16 95
14 30
48 15
30 4
98 43
34 49
80 1
96 22
3 20
72 49
17 17
94 5
60 11
86 11
85 89
82 68
96 47
72 60
34 76
13 12
12 23
21 69
59 65
61 18
32 70
34 43
55 8
35 83
0 55
68 77
9 35
32 91
11 51
4 62
26 36
86 26
21 53
78 31
48 87
51 10
0 49
23 38
59 7
15 25
37 75
50 92
88 21
86 71
59 42
62 70
51 28
57 23
26 93
17 50
41 45
19 98
12 0
6 55
47 11
11 76
44 64
4 16
43 10
32 35
48 30
60 53
25 22
67 41
89 9
8 6
21 61
94 66
72 56
9 96
11 44
4 6
83 65
20 34
86 39
54 43
73 30
63 91
59 88
24 64
32 79
6 80
5 12
54 38
90 0
51 65
5 34
33 10
