110
82 32
11 11
9 36
90 63
13 0
22 8
26 19
1 20
91 30
4 31
85 40
34 43
76 45
13 55
22 55
47 62
15 65
84 69
41 80
2 81
90 95
48 0
6 1
72 8
48 11
84 12
60 13
90 18
60 23
23 26
81 26
63 27
75 28
54 33
46 34
32 35
70 41
55 42
90 46
3 50
65 51
37 55
5 56
73 59
9 62
55 63
81 73
3 74
67 74
99 76
9 78
93 81
80 82
67 83
51 85
26 87
76 87
9 88
3 89
50 92
29 93
37 96
81 97
0 0
20 0
35 0
59 0
76 0
87 0
29 2
53 5
32 8
76 14
39 18
3 23
51 23
33 26
19 33
59 33
76 38
4 41
22 41
63 41
53 44
70 48
75 50
94 53
27 54
68 55
82 55
0 59
37 60
79 60
23 61
43 63
50 64
3 65
58 72
28 73
75 74
46 77
16 78
44 85
15 86
85 86
89 86
55 90
73 93
15 95
64 96
