105
34 79
28 34
11 44
52 47
1 65
41 79
44 93
89 3
55 5
49 17
27 24
10 27
21 33
32 40
98 55
21 61
39 61
19 68
3 83
48 87
63 89
70 90
3 2
69 4
18 5
51 8
58 14
63 17
87 18
39 21
59 22
22 27
80 28
14 29
32 30
89 32
51 34
43 37
86 38
47 40
20 41
68 43
19 49
9 50
57 50
42 52
79 52
63 57
72 57
89 60
30 63
67 63
80 68
5 69
89 70
44 71
72 74
63 77
97 77
17 81
84 82
29 84
53 88
78 91
97 92
39 0
48 0
60 0
14 3
78 6
86 8
17 11
34 11
67 11
26 14
47 24
63 25
55 26
72 28
11 33
75 34
56 36
31 44
63 46
71 47
51 53
14 59
94 61
45 62
74 65
65 69
58 70
86 71
0 72
30 75
69 75
9 76
38 81
77 82
92 82
6 87
82 94
25 95
74 95
31 96
