160
28 61
46 25
91 94
38 20
55 5
37 45
51 91
87 12
14 51
25 93
98 15
58 1
32 51
34 62
52 97
97 65
17 95
44 28
3 65
0 44
45 18
14 97
32 77
91 69
60 93
32 11
27 26
51 8
86 59
58 25
94 38
18 63
40 98
46 49
33 55
32 15
66 32
63 45
83 19
65 53
74 91
88 29
28 98
36 83
62 38
34 92
11 17
77 76
53 19
60 32
71 0
97 23
25 34
95 31
21 16
93 61
28 86
64 29
23 51
86 46
46 38
27 72
29 66
75 6
91 49
9 80
17 89
10 88
78 25
77 59
41 92
14 21
48 0
24 8
1 90
87 91
45 68
63 94
72 24
79 89
69 6
15 45
60 82
59 79
46 57
42 58
21 11
29 95
86 77
58 88
14 73
50 48
98 36
3 96
0 80
20 32
1 83
83 6
53 1
6 12
40 79
40 39
96 59
25 14
97 80
38 2
12 1
68 95
1 9
71 59
89 55
23 80
25 21
81 13
74 74
80 16
72 44
95 4
77 41
68 81
78 45
24 88
80 93
42 87
54 22
15 84
75 94
23 42
69 42
55 84
97 10
33 6
22 2
33 68
61 76
72 55
48 52
0 52
98 42
49 71
19 48
33 23
32 1
52 72
6 24
67 89
42 47
20 74
81 85
11 59
89 98
68 20
50 30
48 15
6 48
23 76
38 12
27 54
47 8
95 92
