153
81 57
46 74
48 16
96 58
4 57
5 12
24 74
64 2
33 97
8 40
86 41
75 50
76 27
0 51
70 82
70 39
62 37
18 58
72 4
63 29
86 97
53 57
36 68
20 44
10 79
17 39
12 6
83 11
20 85
31 39
86 71
12 76
27 69
88 57
42 7
10 68
39 24
30 64
59 82
99 72
38 53
78 34
64 62
88 29
50 63
60 85
24 65
51 36
33 86
81 16
71 15
24 92
47 66
0 46
48 95
3 44
55 45
43 25
16 72
99 24
91 13
45 80
21 34
49 50
23 95
15 57
83 27
68 72
13 14
8 27
81 75
26 20
11 41
22 16
67 15
39 96
84 49
35 7
58 39
16 21
85 38
19 47
21 11
34 75
26 98
5 84
42 15
44 21
41 89
47 38
98 86
97 14
60 4
1 0
33 14
76 21
27 46
42 99
36 58
67 76
89 21
69 18
89 85
47 33
76 69
5 91
83 93
37 41
28 93
38 88
95 85
60 8
49 42
30 10
70 28
61 25
45 93
83 31
71 11
65 98
12 62
48 91
61 55
44 57
88 75
5 31
71 68
11 26
80 43
67 9
27 55
9 88
44 41
4 78
36 21
85 5
79 1
37 84
79 65
66 65
83 81
46 62
42 37
92 65
37 77
91 32
65 86
43 83
67 50
86 63
43 73
47 19
77 58
