152
57 7
42 42
68 70
7 5
58 92
97 96
83 63
46 83
28 44
10 52
74 73
55 22
37 17
96 35
79 46
3 8
70 77
14 72
34 87
20 33
26 0
72 52
52 28
35 60
77 41
62 25
56 82
48 92
77 77
39 77
27 7
46 60
66 39
26 85
35 42
56 10
68 57
40 59
38 80
24 26
62 10
10 27
18 10
81 96
22 83
58 24
66 7
31 58
35 92
81 25
76 1
14 90
52 74
3 35
79 67
58 44
26 73
98 25
7 14
50 49
86 17
91 13
23 31
94 27
83 91
69 46
1 76
99 81
62 16
64 77
93 58
82 37
34 39
96 87
79 16
33 28
28 96
68 22
3 51
63 35
58 87
15 6
88 76
16 87
71 32
77 29
87 31
89 37
70 88
58 98
30 24
53 1
84 83
24 41
23 76
70 8
70 17
98 8
62 6
19 99
71 82
6 74
11 40
94 65
61 80
47 26
54 96
54 41
71 2
11 15
48 64
73 63
92 43
63 71
59 67
97 29
65 55
28 70
27 89
74 21
88 20
65 18
49 1
51 83
5 95
8 85
78 64
75 47
31 77
51 55
99 41
80 70
15 99
56 15
47 76
33 4
42 71
11 56
62 49
31 98
91 48
23 2
19 71
65 68
12 32
91 32
66 12
63 59
77 51
87 53
50 98
70 73
