117
50 70
26 69
50 41
46 62
33 87
45 0
54 13
79 27
82 38
16 46
72 49
10 56
90 57
25 60
66 65
9 71
59 80
10 0
36 0
60 1
90 2
48 6
76 7
70 9
39 10
87 13
63 16
12 23
29 23
25 27
55 27
74 29
31 30
67 32
55 33
98 38
19 39
89 39
29 44
1 51
58 53
54 57
31 64
94 67
65 72
5 73
36 75
15 76
29 78
41 79
83 84
65 88
54 89
12 91
7 92
18 92
91 92
27 96
77 97
2 0
7 3
29 4
20 5
83 6
13 7
8 10
95 10
49 12
5 15
41 17
49 19
81 19
75 20
99 20
36 22
64 22
42 23
92 23
86 25
14 26
3 27
22 32
75 34
4 35
42 36
34 39
74 40
93 40
46 43
22 44
9 45
99 45
32 46
81 47
39 50
44 53
32 54
4 55
16 58
4 61
55 61
98 62
87 66
43 67
32 71
21 72
81 73
2 79
67 80
21 81
34 81
44 81
26 83
82 87
76 89
1 93
27 97
