116
28 97
83 0
25 3
48 12
31 18
65 18
93 21
79 23
72 35
42 37
63 39
27 44
24 56
47 56
23 62
83 63
4 65
43 65
26 76
59 84
44 1
9 2
59 6
76 10
53 16
84 17
19 18
71 19
3 26
56 29
22 33
69 40
94 43
16 45
48 45
97 47
78 48
29 50
16 52
66 52
97 54
10 55
74 63
67 66
7 70
74 70
84 71
43 73
50 76
97 76
80 77
18 78
89 79
35 82
3 83
86 84
17 90
26 91
47 93
71 93
6 97
30 0
52 1
1 2
16 5
95 6
22 7
41 8
65 9
7 13
13 14
38 16
8 20
59 20
40 22
98 23
76 24
14 26
33 26
90 26
63 28
80 29
38 31
99 32
51 33
12 36
22 41
53 44
86 45
54 51
72 52
28 53
82 53
1 56
64 56
90 57
13 59
56 60
31 65
59 65
94 65
78 66
36 73
10 74
58 76
45 79
75 81
69 83
9 88
33 88
83 89
2 90
41 91
21 93
94 93
86 95
