100
3 2
16 28
62 33
35 20
96 49
19 55
64 70
41 72
78 74
48 88
12 89
51 97
69 10
17 17
50 19
29 33
43 33
14 35
73 38
34 41
82 47
51 61
83 61
63 79
74 81
75 86
34 96
61 11
38 15
58 24
32 26
84 27
67 30
45 39
77 42
29 47
47 47
89 47
19 48
79 49
40 50
8 56
37 57
90 61
61 63
76 65
30 81
47 82
19 83
40 85
64 85
43 91
95 92
25 94
85 97
32 6
6 7
44 7
80 8
86 9
56 15
75 15
86 17
40 18
48 22
18 23
98 23
71 24
58 27
79 30
96 31
21 32
58 34
26 38
62 39
11 40
67 43
8 47
68 49
86 51
29 52
44 53
96 56
77 57
15 58
98 65
34 66
7 67
53 67
81 68
88 71
21 72
96 80
56 81
7 83
81 83
71 87
17 90
63 94
78 95
