152
19 30
31 76
88 88
35 67
51 22
21 52
82 74
38 33
94 62
21 42
92 5
6 49
65 22
18 94
7 89
43 92
50 46
25 50
51 79
79 1
29 27
47 94
96 26
70 0
15 67
99 59
91 14
63 2
62 28
5 56
80 6
9 77
12 72
46 53
80 25
40 93
39 13
90 49
84 61
5 10
55 60
22 23
24 91
4 32
85 41
50 28
92 83
53 13
74 79
86 55
29 59
62 21
65 85
9 53
49 39
5 28
11 34
76 95
66 57
4 59
24 15
81 39
63 6
28 99
52 90
56 18
43 74
84 9
30 95
47 56
41 65
80 34
17 55
20 81
49 62
87 5
41 21
71 59
16 50
83 56
82 17
8 6
74 30
14 59
17 78
71 96
24 83
62 68
97 31
12 66
12 25
96 35
74 11
0 77
66 78
39 9
43 82
20 18
58 69
15 82
99 5
57 96
67 11
16 35
23 74
61 18
2 3
28 7
90 63
50 36
43 11
7 94
13 42
20 99
88 1
64 41
62 45
13 96
70 17
82 79
24 2
86 64
61 56
95 66
16 20
66 96
22 7
29 65
3 92
12 51
76 65
46 9
13 88
13 55
0 64
28 32
93 95
72 14
68 73
32 12
63 98
13 12
14 77
95 45
0 51
53 39
67 69
61 12
71 76
62 91
37 4
86 75
