108
1 71
29 89
97 2
43 9
61 77
1 92
22 8
32 8
84 12
92 17
6 21
80 23
95 24
52 37
24 41
94 46
61 50
16 60
87 64
16 93
79 93
58 94
0 0
58 1
13 4
54 6
57 13
65 18
27 20
37 20
45 21
49 24
57 24
73 24
31 30
91 30
37 33
79 34
57 41
20 44
79 47
13 48
31 49
49 52
85 57
62 63
0 66
71 68
93 68
58 69
51 72
28 82
39 83
91 84
51 85
64 88
83 88
96 88
49 89
25 93
7 94
86 94
7 0
46 0
64 2
88 2
61 8
37 9
72 9
96 9
48 11
6 12
12 16
30 22
99 22
0 24
6 32
64 32
99 34
19 36
1 37
47 40
39 47
16 50
70 50
34 54
41 54
92 56
79 58
48 59
70 59
11 63
17 63
99 67
12 69
18 70
47 70
64 70
32 74
99 75
74 85
57 86
35 89
68 95
99 96
11 97
30 97
0 98
