113
11 9
69 29
79 50
16 82
65 1
97 9
2 10
77 19
21 26
57 30
53 54
36 62
68 64
7 69
44 71
86 74
61 79
88 86
95 92
17 3
44 3
72 4
76 10
90 12
46 19
11 20
62 22
73 26
84 26
30 37
78 37
88 39
42 40
67 40
56 41
11 42
35 44
0 46
96 47
12 49
62 51
97 53
42 55
4 57
29 58
76 60
53 62
91 63
19 65
99 69
2 70
19 71
28 73
65 73
79 80
66 82
83 88
35 90
19 91
28 96
22 0
34 0
77 0
50 3
84 4
55 6
35 8
65 8
48 10
13 12
0 13
67 14
95 15
26 16
33 16
4 17
91 17
26 25
14 27
90 28
94 32
21 33
5 36
19 43
65 43
46 44
55 45
21 49
85 51
0 53
57 53
14 54
35 55
90 55
21 57
97 58
58 66
96 74
33 75
40 76
6 78
10 84
49 84
61 84
98 84
40 87
69 89
58 90
79 90
99 93
1 94
47 95
76 95
