143
98 18
69 12
84 75
50 51
76 96
98 78
15 86
78 48
33 74
92 93
23 51
44 78
6 86
52 10
26 12
93 5
57 72
97 99
66 23
58 99
28 15
45 67
24 89
95 9
81 66
0 67
50 33
5 48
93 25
18 98
25 8
64 30
87 47
66 1
99 1
60 63
89 69
50 82
71 54
79 29
59 31
92 83
42 9
41 84
97 24
35 23
90 3
27 1
14 4
18 42
5 57
50 64
25 57
29 91
42 36
37 56
92 32
6 75
38 48
54 29
76 63
21 44
77 82
50 44
73 62
32 27
88 8
81 46
94 12
2 54
7 43
22 35
1 35
31 44
36 66
31 22
43 90
91 16
19 71
71 68
73 38
40 42
49 77
51 21
53 69
53 32
84 98
83 56
80 14
35 9
57 16
67 70
67 34
90 98
80 57
31 67
55 44
35 28
94 77
75 33
29 79
62 80
99 84
87 26
57 37
88 54
97 33
6 19
82 10
9 51
78 10
19 27
94 90
65 81
10 58
45 3
98 27
22 60
87 15
24 42
89 20
80 51
27 27
93 38
7 13
1 85
10 2
7 78
43 63
22 80
20 12
56 66
19 53
16 65
70 73
57 6
95 0
61 48
51 41
29 60
2 97
66 27
65 10
