105
49 94
54 24
15 79
10 94
47 1
95 4
59 9
46 23
89 25
78 42
55 43
40 45
60 48
66 55
39 58
51 60
3 63
15 68
38 78
62 79
27 85
34 88
46 90
26 98
0 0
27 0
58 0
32 5
2 7
78 7
10 10
65 11
28 14
2 16
56 16
38 17
73 21
95 21
0 24
64 25
43 27
85 33
27 35
66 36
98 36
41 37
17 38
35 38
89 41
48 44
23 51
3 52
24 61
80 61
39 68
84 71
95 71
30 78
83 78
86 86
60 87
4 88
17 91
69 93
65 0
80 0
39 3
69 3
82 3
18 6
52 6
24 11
43 12
16 16
51 17
59 17
11 19
24 20
34 23
23 24
57 28
1 31
9 31
73 34
59 36
13 38
7 42
12 47
33 50
95 50
19 51
87 54
94 59
32 61
85 64
43 71
2 74
19 75
54 79
72 79
38 85
24 89
0 91
81 96
72 97
