111
17 33
60 27
42 53
51 55
89 64
38 76
38 0
73 6
96 12
12 22
2 28
69 32
96 32
46 33
24 36
88 37
21 53
50 67
14 71
31 78
39 89
80 96
16 5
35 8
59 9
1 12
9 14
66 15
59 20
93 20
37 24
35 31
9 36
96 39
29 42
16 47
67 52
95 55
13 56
31 58
59 59
39 61
6 65
32 65
74 73
3 74
85 76
44 77
93 78
66 80
25 85
80 87
61 89
53 90
31 94
97 94
89 96
10 97
0 0
50 0
55 0
84 0
99 1
29 2
66 6
85 6
26 11
42 12
33 14
73 14
22 19
29 20
76 21
68 23
50 24
97 24
89 25
77 32
44 36
52 37
80 37
47 41
93 44
33 48
53 49
84 49
76 50
8 52
18 59
85 59
47 60
78 60
98 60
28 62
83 68
27 70
58 70
21 75
54 76
11 77
35 81
6 84
19 86
69 87
86 88
0 89
44 92
60 92
25 94
3 95
35 97
