104
13 13
3 3
8 8
4 15
16 18
58 59
42 61
84 85
78 88
42 2
91 5
92 18
46 31
27 36
34 56
79 64
20 69
89 70
26 71
94 76
31 83
11 88
31 98
60 2
72 8
15 9
32 11
86 11
51 13
86 19
2 21
38 21
22 23
73 31
14 32
53 33
78 34
39 38
21 40
56 40
45 41
91 41
64 48
16 52
80 53
95 53
68 54
21 58
97 64
73 68
7 74
44 74
77 75
22 80
55 84
3 86
71 87
95 87
19 88
74 92
10 97
18 0
23 0
63 0
99 2
2 7
65 8
77 9
51 14
63 14
26 18
61 20
66 24
39 26
58 27
1 28
35 31
68 35
13 37
26 39
85 41
6 42
34 42
16 43
71 47
2 48
9 51
76 56
5 57
63 58
10 60
24 60
98 67
83 74
12 75
51 75
72 75
90 85
81 89
82 94
23 95
51 95
64 95
37 96
