109
83 20
69 6
8 27
96 41
53 53
5 64
5 4
23 7
3 10
56 18
48 27
34 37
32 43
84 56
61 59
73 64
24 76
95 78
62 84
88 84
36 92
13 93
93 0
81 1
14 3
73 3
59 4
46 6
88 6
94 10
39 11
69 14
77 19
6 20
91 21
19 22
69 27
78 28
54 35
47 37
9 40
38 42
67 42
20 43
1 44
12 44
90 45
33 51
41 65
62 66
80 66
3 70
88 72
40 73
64 73
31 78
4 82
76 85
24 88
30 96
37 98
22 0
34 0
32 1
39 4
62 6
79 8
84 10
47 17
64 18
41 19
62 25
93 28
70 30
0 31
14 31
5 33
78 37
91 37
41 44
50 46
70 49
17 50
0 51
23 53
58 53
9 54
29 55
94 55
18 57
23 60
68 60
95 61
8 62
32 63
53 65
23 68
81 70
49 72
72 74
61 75
10 81
0 82
34 84
2 88
80 89
19 94
98 94
4 95
