115
97 13
37 18
24 30
62 83
32 9
83 14
56 20
37 28
97 38
22 39
71 40
79 42
63 44
30 45
89 58
5 59
67 62
73 63
65 75
92 82
33 90
82 92
32 0
74 1
55 2
15 4
25 4
8 14
20 19
72 20
5 21
87 23
9 24
63 24
2 28
97 29
65 33
52 43
21 46
95 47
26 50
38 56
17 59
27 60
34 61
83 64
4 65
38 67
56 71
14 72
28 72
7 76
40 79
75 84
6 90
14 90
31 95
59 96
92 96
1 0
38 0
97 0
61 2
1 4
70 4
96 4
40 6
53 10
68 10
27 11
78 11
91 11
47 16
99 17
69 25
81 25
15 29
52 29
58 31
77 32
88 32
6 33
40 33
35 37
91 37
49 38
44 44
81 45
13 46
37 48
92 51
84 52
13 53
77 53
61 54
71 56
96 57
46 60
88 64
98 65
71 70
92 70
99 74
60 76
19 78
37 80
0 82
48 82
28 83
86 83
99 86
92 89
0 91
97 94
10 96
