110
84 42
26 51
24 9
73 13
35 18
51 21
6 28
19 35
98 37
32 41
38 43
50 44
3 47
6 53
25 64
65 65
29 69
53 69
75 77
84 81
23 82
58 83
72 90
86 90
28 91
95 94
37 95
78 95
70 96
60 5
18 7
63 9
86 11
57 12
4 18
25 19
23 28
73 35
47 36
66 42
19 44
39 47
49 50
14 52
38 56
88 59
11 60
54 60
72 61
61 69
94 71
34 76
42 77
11 89
61 90
0 0
25 0
47 0
69 0
33 4
48 4
0 8
38 8
78 11
48 12
66 14
74 19
9 20
31 20
84 21
71 25
52 27
10 28
60 31
2 34
9 37
26 37
78 42
24 43
30 45
68 45
60 46
44 49
54 49
76 51
91 51
62 52
22 54
19 56
79 57
44 58
93 59
2 61
79 64
36 65
9 72
88 72
16 73
60 74
31 78
79 80
4 81
36 84
66 84
79 87
0 88
51 90
57 93
6 95
92 95
