149
12 53
94 72
78 82
57 46
59 91
55 25
22 42
51 49
97 64
3 3
21 80
35 54
62 85
54 92
32 20
27 96
16 27
46 42
27 12
33 70
28 42
89 9
37 76
1 80
19 55
16 22
82 19
50 36
81 39
50 54
74 7
73 33
99 84
98 40
57 66
27 66
64 43
64 35
87 29
28 59
53 61
76 66
59 84
43 92
61 76
12 63
34 87
66 70
92 54
35 32
43 50
24 50
28 84
49 26
17 59
30 47
60 65
38 64
41 47
58 14
61 40
92 25
45 59
74 61
93 40
65 80
14 76
68 28
73 4
98 50
37 12
91 75
80 62
66 74
19 97
78 30
7 1
58 36
24 91
10 31
14 12
46 27
78 24
31 67
36 4
65 26
69 61
7 80
68 91
19 3
83 28
89 85
76 16
33 40
17 7
98 77
9 83
81 70
44 7
90 79
32 2
82 34
74 79
95 15
53 9
6 45
81 0
1 53
5 53
7 15
48 96
89 59
93 31
58 18
93 80
34 99
57 57
96 90
71 22
90 98
39 92
63 5
28 22
16 80
20 10
98 0
74 43
77 2
98 81
43 22
71 89
24 29
38 49
63 17
20 87
96 28
96 37
40 87
0 86
78 97
79 77
89 14
42 14
66 66
5 24
87 62
8 61
12 43
88 88
