152
3 47
67 23
9 31
61 22
19 77
45 56
44 34
16 85
30 75
26 65
65 64
93 45
93 11
88 96
58 79
87 13
39 81
92 8
81 52
48 63
84 8
33 40
55 8
26 40
88 69
38 14
67 80
57 66
2 94
29 68
69 60
76 42
48 50
82 23
72 47
17 46
45 69
85 25
55 36
92 72
32 31
80 44
44 4
99 93
36 1
27 58
10 43
54 46
36 98
32 27
72 28
26 31
11 63
34 22
52 89
20 47
67 39
19 6
17 12
24 27
25 92
27 47
20 31
75 71
63 5
86 28
61 51
81 85
80 1
76 12
32 65
63 43
99 15
15 33
98 51
20 56
12 57
46 76
77 21
93 2
55 99
95 77
69 5
76 55
10 87
12 71
57 30
93 38
39 89
75 36
11 15
96 0
96 84
70 18
2 85
76 82
3 89
64 87
33 50
61 67
30 91
62 70
15 94
87 64
71 90
22 72
69 85
15 17
27 8
29 50
33 62
32 97
86 52
74 19
81 36
58 69
69 55
56 27
51 72
44 48
8 51
47 47
23 4
49 4
15 52
40 26
95 63
70 70
0 68
32 13
23 45
68 13
90 3
70 8
54 42
69 96
21 59
51 15
22 81
12 24
6 77
39 53
90 20
5 8
36 33
33 5
7 1
88 44
63 26
23 62
23 67
49 54
