106
67 10
61 78
51 20
83 40
63 47
76 10
92 11
80 17
2 18
95 21
11 22
68 24
39 27
86 27
18 30
73 36
7 43
95 56
82 58
23 60
56 67
34 70
50 73
9 74
26 75
96 82
5 84
41 87
88 88
37 7
9 8
86 12
29 21
54 27
27 29
63 32
22 37
49 40
39 46
85 47
66 48
48 52
73 52
5 55
18 62
28 66
66 66
75 68
61 71
92 71
68 74
7 78
33 80
54 88
94 89
81 90
34 91
15 93
74 93
9 94
60 8
25 9
40 12
24 15
70 15
44 17
16 21
61 23
73 23
92 26
79 27
2 28
96 32
42 34
10 36
33 37
55 37
64 37
80 44
74 45
1 46
28 48
96 48
34 53
58 53
2 57
29 58
88 59
98 61
96 62
82 71
14 72
55 72
38 77
45 77
74 79
17 80
66 80
80 81
47 87
26 90
86 91
42 92
64 93
32 95
78 95
