150
22 12
57 16
11 30
48 27
84 61
86 2
52 81
61 92
52 90
31 26
7 54
5 93
2 47
32 16
14 36
11 84
87 40
66 74
62 65
2 89
71 17
16 20
58 81
29 65
10 75
46 32
65 92
13 12
68 82
26 93
74 75
52 12
25 99
79 84
62 76
93 73
69 96
23 50
74 24
96 66
17 34
91 97
4 7
46 46
22 31
10 14
8 3
20 94
23 66
49 75
5 31
19 4
0 44
78 80
95 95
43 62
3 39
57 70
98 77
94 5
33 96
90 19
60 28
13 3
99 50
41 18
43 33
33 77
85 7
32 4
90 4
91 56
29 79
79 90
87 54
35 67
96 0
49 52
2 23
96 29
13 27
3 66
58 39
87 97
55 54
65 2
46 2
66 15
78 46
37 88
47 39
13 39
57 7
62 59
26 75
78 9
0 36
39 92
96 62
73 47
96 44
50 15
78 42
82 50
27 88
60 99
90 63
37 45
93 53
62 87
37 50
29 20
33 70
86 89
12 9
45 22
53 8
82 4
90 85
56 22
67 36
42 66
31 91
65 32
21 20
30 51
45 97
73 93
18 59
56 92
3 76
49 94
65 6
61 35
51 32
90 93
46 70
42 91
95 84
10 97
92 28
85 48
81 1
40 59
2 51
12 49
25 35
17 1
55 61
9 44
