99
73 55
12 80
83 9
15 13
94 30
32 48
85 63
32 83
64 86
19 90
59 4
28 9
46 16
52 26
3 31
78 33
17 35
33 35
24 37
94 42
53 47
96 58
32 69
52 81
40 95
84 0
19 2
38 4
94 4
50 5
66 6
87 13
68 14
82 16
9 21
45 22
38 24
71 34
97 34
83 36
3 41
1 46
75 46
41 53
80 53
62 54
31 56
39 59
21 62
17 64
52 66
41 75
69 76
99 83
76 84
10 87
82 88
48 94
21 96
12 1
10 8
23 13
63 13
33 16
87 19
0 20
27 20
69 22
97 23
7 24
51 34
59 36
38 39
76 39
72 40
97 46
69 47
10 48
58 49
21 51
55 54
89 55
46 59
77 60
42 64
59 65
69 66
88 67
4 68
21 68
15 71
91 75
85 76
24 77
44 78
59 78
89 88
16 89
8 94
