150
77 27
83 39
69 6
8 6
98 83
17 18
52 20
54 15
81 47
49 18
23 84
63 67
79 65
78 93
5 45
41 73
0 6
6 38
83 21
35 15
97 23
77 42
56 6
76 72
47 85
33 62
10 10
94 68
85 85
98 98
53 63
91 13
36 95
72 57
58 61
86 54
29 83
19 95
3 29
31 89
41 12
32 34
85 69
33 73
60 30
91 81
29 18
55 98
54 52
4 58
14 22
19 12
49 6
38 26
99 2
55 37
12 38
18 90
57 91
25 70
77 16
41 64
8 52
90 49
96 57
94 80
59 26
45 33
95 8
0 50
8 20
9 69
71 70
17 69
72 98
54 84
53 3
94 4
49 27
15 76
35 91
67 52
13 67
36 44
78 53
6 88
25 5
26 34
78 0
44 37
81 54
42 15
28 52
96 31
67 10
69 43
18 15
2 99
5 94
39 84
20 67
69 18
63 19
70 34
28 99
45 53
50 0
63 28
19 22
64 13
27 76
1 85
81 81
23 73
93 60
1 39
18 0
97 11
93 53
70 40
66 40
23 35
89 77
91 27
4 82
48 90
40 22
59 8
32 93
56 24
49 38
22 40
56 2
58 40
58 49
12 96
93 44
75 4
24 25
40 35
20 60
59 88
9 30
14 42
14 5
69 26
30 23
27 37
81 74
69 1
