128
16 70
4 21
18 58
34 77
52 59
66 89
0 34
11 19
12 56
25 27
25 52
27 89
31 84
32 93
34 63
35 53
38 48
55 67
57 88
62 95
0 82
1 46
4 14
5 26
6 50
7 68
10 98
11 63
12 36
12 92
16 18
19 30
21 69
22 36
24 41
27 94
33 41
33 96
45 96
50 74
54 77
59 82
62 72
69 76
72 94
77 97
87 92
90 93
1 17
3 10
3 63
3 76
4 92
5 33
5 42
5 82
5 95
6 88
7 11
7 17
8 32
8 75
10 83
11 53
11 77
12 69
14 30
14 44
14 51
15 47
16 99
17 78
17 91
18 25
18 48
18 88
19 22
19 40
23 75
23 89
23 94
24 79
25 63
26 67
27 57
27 98
28 64
28 72
29 30
30 34
32 67
32 72
35 73
36 67
37 57
38 39
38 71
39 87
39 98
40 82
43 81
44 54
45 58
45 90
46 61
47 65
47 79
50 56
51 53
51 86
55 62
58 92
59 64
59 68
65 66
65 80
67 97
73 87
77 87
81 91
82 87
83 98
91 98
3 36
13 14
17 61
18 54
18 67
