149
53 72
69 4
67 58
42 70
74 80
21 9
85 6
74 20
37 95
32 57
71 30
60 74
26 31
67 98
62 69
97 21
74 37
3 11
46 62
82 71
9 88
22 16
53 50
30 16
99 51
38 86
41 0
74 57
17 32
88 54
18 7
64 28
69 79
95 40
1 44
0 62
60 6
83 15
55 24
44 19
59 99
13 21
75 61
73 33
16 80
34 42
15 96
13 93
11 13
31 99
46 7
25 96
49 67
84 68
30 27
92 28
89 81
47 18
57 1
13 7
39 4
60 83
4 30
2 78
37 64
70 95
4 61
37 7
79 86
93 62
58 34
86 36
70 47
47 84
66 89
52 9
41 41
41 14
34 77
8 25
56 66
15 88
94 44
14 12
53 79
46 35
34 61
2 27
46 90
25 12
79 76
17 91
32 22
86 78
22 94
54 30
25 1
62 97
3 67
10 84
58 80
27 45
52 46
80 49
47 46
5 99
79 11
95 76
17 50
54 38
51 90
13 57
60 59
13 28
67 92
55 19
7 20
1 88
81 56
14 76
51 83
68 65
9 74
48 24
88 85
38 35
84 40
1 21
55 57
69 68
67 13
10 39
64 36
50 41
84 27
43 98
9 68
95 80
62 10
75 92
88 92
65 31
8 65
72 5
65 5
71 1
74 27
82 7
45 73
