152
5 1
38 37
28 25
19 7
85 89
14 5
10 7
42 9
8 40
14 70
55 67
11 18
49 60
48 49
61 69
99 98
44 33
56 55
69 3
59 10
51 25
29 8
21 38
19 17
78 6
71 69
67 65
22 20
15 15
8 99
33 45
15 84
31 86
19 31
12 78
13 49
72 90
16 26
35 84
8 93
22 94
99 51
45 20
95 81
81 3
50 20
56 40
68 50
90 67
92 47
83 76
72 56
76 11
63 59
44 75
31 34
33 97
26 18
20 1
87 21
99 90
97 30
96 38
93 90
90 44
87 86
86 71
84 50
81 80
75 16
74 19
66 45
66 7
64 1
62 56
60 20
57 36
55 45
53 35
50 14
49 7
43 38
40 15
35 17
33 28
2 10
4 20
6 30
10 50
12 60
16 80
18 90
20 99
42 89
6 16
18 22
19 45
2 17
1 99
24 77
76 86
75 94
12 65
14 55
24 58
19 72
64 93
17 54
27 93
3 93
36 89
28 49
26 62
38 83
49 94
28 82
93 95
3 84
83 85
26 44
28 36
38 57
28 97
28 66
35 92
26 40
8 63
71 79
81 88
75 78
26 69
16 51
30 21
24 26
17 4
13 8
48 46
41 9
14 2
77 5
69 2
59 8
58 54
52 25
45 9
44 30
36 35
29 7
19 15
10 9
9 6
2 3
