155
16 32
67 24
31 37
35 52
66 4
45 36
74 80
25 68
48 59
48 83
43 8
50 99
5 27
50 73
9 38
82 5
4 59
97 33
7 71
58 40
48 53
13 64
64 19
96 58
72 23
33 7
15 17
55 29
5 33
54 91
14 72
22 33
38 70
89 83
73 98
75 54
23 53
52 54
85 58
60 80
3 7
30 21
39 93
59 13
89 79
46 10
48 70
38 3
69 18
34 85
7 62
44 33
24 44
35 28
72 44
21 85
70 47
81 97
47 78
4 55
50 2
29 86
58 35
23 20
96 29
80 12
24 61
38 47
85 68
87 48
80 27
84 89
86 11
54 6
8 87
32 47
3 40
5 92
26 56
21 5
54 79
92 53
25 8
51 7
83 35
9 22
20 48
13 43
78 96
14 48
92 9
88 93
71 83
27 52
74 17
10 76
76 50
15 26
4 24
89 36
11 80
76 92
1 34
95 73
16 0
57 70
82 57
37 31
31 96
0 88
61 5
74 59
73 39
77 39
17 75
70 7
7 96
32 70
41 80
95 12
83 15
92 87
32 30
16 20
65 49
88 20
50 39
96 42
81 49
96 68
84 40
68 51
2 78
43 41
10 66
76 64
10 46
36 38
59 85
10 11
75 34
62 44
12 27
54 21
69 75
91 33
72 4
27 73
80 89
33 89
41 23
15 52
26 28
61 51
38 58
