154
11 13
82 38
8 55
19 11
58 81
75 62
71 67
96 82
74 81
20 6
53 78
52 58
56 74
74 9
18 74
67 70
9 92
17 44
17 62
25 45
43 7
75 21
96 46
50 33
19 36
88 90
34 82
74 86
1 80
0 75
76 39
10 60
94 95
68 85
37 91
38 23
89 4
32 46
47 7
62 26
77 35
65 79
51 25
43 21
74 91
97 1
13 81
93 6
91 73
40 43
83 78
28 23
49 64
16 70
25 91
96 53
71 88
62 94
20 88
76 1
74 77
66 9
6 52
21 50
35 21
67 56
99 24
53 66
89 65
76 95
61 58
17 0
47 13
92 21
32 73
18 53
87 61
33 35
81 93
76 51
23 15
74 72
80 85
4 29
1 5
19 84
52 96
26 77
53 6
11 89
94 50
66 98
32 41
37 71
6 95
41 71
96 16
88 12
13 73
44 85
25 81
0 27
86 23
13 39
33 60
26 67
84 28
7 34
8 8
7 43
79 77
1 20
99 34
17 56
15 95
44 0
55 85
11 6
11 70
56 47
71 11
93 41
58 59
98 95
49 44
90 45
36 28
71 50
9 75
10 18
36 37
5 86
61 48
55 71
80 70
36 67
62 31
50 75
99 59
46 62
71 6
17 90
68 16
37 47
52 29
94 35
93 57
45 72
28 1
89 20
2 55
5 99
97 63
79 59
