138
22 40
1 97
0 76
0 83
0 90
0 54
0 61
0 68
7 99
14 99
21 99
28 99
35 99
42 99
49 99
90 70
37 4
82 33
57 37
71 51
99 0
66 30
82 27
37 17
44 24
49 29
65 45
76 56
80 60
96 76
93 0
85 0
69 0
37 0
44 4
52 4
68 4
99 4
70 70
74 70
70 66
74 66
77 68
67 68
72 63
72 73
80 30
85 30
89 30
73 32
30 10
33 13
85 65
99 79
86 33
61 41
97 0
83 27
79 33
68 32
39 19
46 26
50 30
55 35
67 47
70 50
82 62
38 4
40 4
83 33
59 39
73 53
74 54
89 69
94 74
0 51
91 71
92 72
0 52
0 69
48 99
0 53
47 99
0 55
0 56
0 57
0 58
0 59
0 60
0 62
0 63
0 64
0 65
0 66
0 67
0 70
0 71
4 99
5 99
6 99
8 99
9 99
10 99
11 99
12 99
13 99
15 99
16 99
17 99
18 99
19 99
20 99
22 99
23 99
24 99
25 99
26 99
27 99
29 99
30 99
31 99
32 99
33 99
34 99
36 99
37 99
38 99
39 99
40 99
41 99
43 99
44 99
45 99
46 99
0 72
0 78
0 85
0 91
