150
61 51
52 26
29 61
72 8
31 27
36 72
9 36
52 93
16 58
1 96
68 55
82 0
7 25
89 98
22 60
54 3
40 53
96 84
6 51
60 87
99 23
63 22
38 64
71 16
58 70
68 0
46 66
22 92
89 79
3 37
78 42
10 44
31 74
32 20
18 14
26 45
55 0
13 78
99 42
57 19
64 78
74 81
52 42
35 55
8 93
21 63
3 8
82 89
99 77
44 4
13 40
52 37
40 93
49 89
22 53
51 77
53 66
4 30
11 64
47 33
10 97
96 0
63 60
23 17
10 89
59 58
50 5
50 81
46 52
12 34
69 4
53 11
88 49
82 77
69 63
39 23
93 28
75 4
21 78
85 69
34 17
21 43
96 32
33 30
54 76
75 49
13 82
17 70
42 57
63 29
0 59
92 47
70 39
1 22
36 20
90 34
65 44
64 54
80 12
79 95
2 79
28 35
87 27
21 6
33 93
41 16
98 63
29 0
83 27
84 40
63 89
6 67
84 55
19 94
38 27
17 54
8 84
21 89
23 74
60 11
27 51
32 7
75 57
20 48
43 88
32 51
36 8
79 82
50 60
2 54
59 39
14 28
89 71
20 25
26 99
86 58
83 83
59 82
56 81
79 68
42 98
80 16
38 50
17 77
34 26
14 62
17 85
27 40
82 59
32 57
