150
18 10
75 76
23 71
55 80
73 69
5 63
16 22
23 4
32 22
88 71
45 91
72 16
55 93
3 89
66 0
80 4
45 7
66 81
4 34
1 28
83 40
14 28
42 24
1 36
61 90
63 37
26 98
79 49
33 2
3 95
86 21
23 14
79 28
83 90
2 48
22 43
51 97
70 83
23 92
94 76
72 65
37 54
31 16
18 48
63 5
69 8
11 78
98 74
44 14
45 28
71 49
19 98
46 54
98 80
58 72
91 26
22 24
90 40
23 85
63 33
13 40
60 98
69 91
27 66
35 93
59 16
11 6
30 26
92 62
44 39
54 50
21 80
21 30
86 0
37 71
57 88
64 8
45 85
62 21
48 10
29 11
70 56
91 65
77 34
85 13
32 97
11 60
82 52
38 6
40 70
77 67
49 42
98 35
33 70
56 62
98 10
30 85
22 74
19 63
48 58
54 70
53 0
95 86
26 94
19 84
80 61
61 25
74 60
39 46
83 31
50 13
30 7
47 65
38 27
87 89
10 1
5 28
59 45
35 40
7 50
9 26
92 18
79 82
79 89
95 43
5 10
82 15
90 47
80 77
87 44
76 23
36 74
33 37
62 44
15 78
63 47
19 59
63 69
43 76
75 9
27 36
27 29
78 95
16 5
85 78
28 72
0 0
68 33
21 0
18 16
