148
2 56
91 67
3 31
95 77
80 35
1 92
62 71
3 21
34 84
49 81
5 95
20 59
74 9
11 69
41 15
12 61
87 18
3 70
29 6
91 57
40 91
10 22
5 62
41 85
54 12
55 31
94 59
4 4
6 86
24 55
64 45
25 81
43 6
27 3
58 82
26 40
17 72
61 52
59 9
53 23
21 46
35 17
31 65
90 26
33 47
45 76
75 1
30 75
0 16
69 97
32 32
18 76
71 24
64 82
37 74
28 71
60 14
92 83
81 82
53 75
73 87
50 33
16 10
81 75
59 63
14 3
62 89
23 15
54 85
66 4
95 40
61 17
10 8
24 7
6 1
61 99
81 22
85 38
9 37
10 99
54 69
68 86
60 75
84 51
4 40
27 35
90 73
55 60
94 43
88 39
34 68
91 1
45 13
41 0
85 67
87 31
71 62
7 68
19 42
60 43
43 36
29 28
4 8
40 28
13 50
23 30
64 95
19 17
73 52
47 97
79 13
88 89
80 57
7 18
52 50
6 28
47 8
93 5
53 42
30 19
39 52
35 6
28 31
74 83
63 62
32 22
17 49
48 27
21 10
40 23
45 22
93 80
65 9
94 88
63 0
88 84
18 95
91 12
91 94
87 78
20 91
29 39
54 93
30 80
30 89
74 98
33 27
0 22
