159
28 4
49 13
65 18
29 26
95 71
83 18
40 24
46 68
35 62
72 78
61 55
21 5
20 95
23 26
75 6
27 77
97 83
72 2
85 63
56 79
70 45
41 4
60 99
53 37
27 64
16 90
65 14
94 92
44 92
11 88
72 96
44 98
44 88
93 22
24 39
67 93
33 79
77 72
20 18
78 51
20 67
77 80
12 79
89 30
68 86
89 1
45 18
30 75
57 88
50 73
39 44
2 52
70 22
6 98
4 25
39 64
63 8
56 19
84 90
54 45
36 54
25 60
5 73
8 44
59 32
87 25
57 75
37 14
67 69
80 97
67 79
3 92
11 2
62 1
19 15
21 56
54 15
94 36
53 31
61 64
34 69
94 40
65 29
96 20
86 74
91 96
13 65
96 64
20 33
62 22
17 69
98 9
29 90
26 10
87 92
26 20
30 18
15 55
56 53
28 44
12 56
47 49
10 20
45 4
57 50
99 35
55 65
83 30
7 55
29 31
97 99
49 23
2 86
56 23
64 65
51 50
67 52
70 36
79 60
86 49
41 84
11 34
45 23
99 0
19 11
9 41
27 72
11 16
88 80
94 79
1 97
98 17
92 9
87 12
83 11
75 61
5 58
32 13
1 9
22 86
3 20
19 81
0 66
87 21
70 15
68 74
57 94
29 11
91 82
15 44
24 73
79 6
3 38
50 40
8 62
97 26
74 87
93 74
30 22
