150
12 79
87 71
7 35
22 67
40 91
83 16
92 12
93 31
58 67
31 32
57 23
53 69
73 26
56 92
7 1
52 42
78 70
64 80
5 67
73 12
89 8
74 4
0 9
6 43
29 63
79 85
57 36
64 50
79 78
91 47
12 10
25 65
65 21
28 93
93 25
68 87
43 33
69 56
18 17
41 49
59 0
98 46
61 61
87 16
56 19
37 15
36 25
8 18
92 97
29 4
29 68
78 52
6 75
72 20
36 55
93 52
28 51
0 44
28 23
86 95
66 71
32 14
77 46
87 48
87 66
62 76
55 79
86 33
63 56
38 11
59 98
33 42
51 4
32 0
77 32
32 64
14 28
67 40
53 59
17 39
42 38
60 9
94 75
9 71
7 55
98 84
11 25
10 90
77 0
69 69
64 36
67 35
36 93
68 24
82 23
91 1
36 65
30 58
69 7
58 80
72 42
98 15
34 98
72 60
98 79
59 33
90 20
5 98
23 3
23 12
31 25
84 92
99 62
78 39
1 66
59 44
0 22
2 28
65 96
68 92
95 85
35 70
18 54
19 28
28 31
18 93
61 73
8 12
34 49
8 30
46 78
3 52
32 88
87 30
4 78
0 56
37 20
76 29
13 13
58 54
50 50
16 82
24 40
93 57
81 46
65 13
5 26
93 93
75 88
9 80
