153
71 6
56 78
83 20
17 77
87 38
24 44
99 22
55 31
26 54
92 35
68 65
54 61
4 66
95 46
45 48
58 22
74 0
40 85
70 57
74 41
64 20
19 49
98 12
44 41
63 86
59 51
58 55
57 43
11 5
76 51
44 23
26 12
71 26
56 90
26 59
62 35
62 41
9 31
5 53
53 36
84 46
17 58
98 30
48 5
30 17
24 38
68 46
8 83
30 4
38 77
84 9
68 10
72 47
76 19
14 99
55 53
15 34
58 38
21 84
61 98
0 69
91 5
31 10
33 57
51 74
30 94
67 34
66 61
77 63
8 21
17 53
69 74
44 68
49 62
89 21
12 53
4 0
56 68
8 6
44 11
19 13
77 58
62 17
99 64
99 89
19 94
30 41
79 4
87 25
82 75
73 80
61 3
14 37
76 70
36 20
85 61
18 46
10 75
59 95
96 88
66 92
54 57
85 95
34 76
46 14
80 99
80 0
48 83
25 8
98 54
44 32
46 58
54 97
24 80
95 36
59 88
37 64
63 64
33 51
43 44
61 57
61 75
61 10
88 69
92 51
21 77
53 92
76 93
39 2
83 41
9 94
50 78
47 36
77 23
30 21
39 12
28 72
95 9
53 24
72 73
2 50
66 72
97 98
41 6
84 88
4 72
41 76
3 92
50 56
73 44
7 18
60 78
86 33
