151
9 25
89 80
2 24
73 34
24 30
8 45
55 29
70 21
43 34
47 55
88 40
85 19
96 89
84 31
1 52
44 6
74 84
95 47
39 83
71 61
12 50
87 45
74 44
95 24
70 26
19 66
82 71
82 88
15 66
7 83
25 72
18 56
77 35
85 65
62 16
66 86
80 96
70 72
98 36
68 48
91 46
30 15
99 75
49 91
49 85
58 38
1 84
35 46
66 40
21 15
78 78
45 24
50 22
58 44
23 0
77 29
69 88
87 87
52 83
1 35
83 10
21 47
47 79
31 25
0 81
49 18
17 71
28 67
76 10
80 40
71 51
73 5
11 59
3 21
82 13
1 31
94 40
2 61
95 73
44 63
25 93
85 99
1 94
95 30
8 64
72 93
5 7
84 96
55 18
90 25
60 53
17 17
0 41
42 13
1 13
94 13
53 66
60 58
25 79
3 38
25 47
9 32
33 13
6 37
51 75
76 16
38 95
27 12
63 23
91 52
26 39
37 28
41 50
77 98
14 42
10 5
23 23
56 0
22 62
32 36
62 50
89 91
49 34
57 87
18 45
78 13
55 24
55 77
33 90
73 79
20 11
7 21
82 52
66 82
33 86
62 61
17 86
20 83
91 56
53 6
30 54
63 74
51 62
56 12
50 11
48 42
74 52
11 38
40 26
67 97
81 77
