153
18 62
49 47
3 21
15 13
27 53
81 78
74 38
40 71
0 33
1 6
67 89
45 16
9 70
47 42
52 72
39 99
60 33
26 78
83 28
66 30
93 17
48 19
96 55
25 45
81 87
53 23
29 27
30 6
7 64
68 43
78 50
40 3
11 23
20 67
62 52
46 84
17 31
45 21
63 40
5 76
52 2
63 63
4 39
74 87
56 53
5 82
99 30
70 51
81 58
98 96
22 49
94 85
99 20
82 43
88 47
46 25
33 37
55 89
2 51
55 47
83 62
0 39
34 65
23 4
37 23
82 84
49 93
30 32
79 38
30 39
25 92
11 88
79 66
60 77
7 99
35 70
28 94
85 75
20 20
90 54
9 52
53 59
38 57
58 61
31 45
33 5
90 1
77 70
79 42
92 38
10 56
31 54
37 87
91 89
78 25
72 31
49 3
80 93
91 23
23 40
55 27
87 9
40 49
72 16
59 70
33 50
46 95
33 99
40 81
91 49
62 92
31 22
5 10
57 94
0 96
66 81
87 91
77 91
65 17
13 47
60 5
60 39
38 17
84 46
68 97
53 9
56 74
43 86
75 7
7 35
96 44
88 94
80 20
22 32
9 93
94 12
70 58
3 60
89 65
59 10
83 13
31 0
57 3
54 40
79 30
72 35
24 98
7 13
84 3
12 61
31 60
39 12
0 29
