153
90 42
68 19
17 22
28 55
78 59
94 25
57 51
41 44
45 41
51 96
19 29
18 69
33 77
52 67
76 43
53 62
95 4
6 43
55 3
52 24
77 74
84 99
8 61
23 55
94 70
49 79
67 42
61 72
78 8
98 12
17 51
28 29
18 98
88 74
2 93
97 16
27 76
48 57
14 13
81 67
13 87
86 63
28 14
0 80
7 21
1 20
1 11
14 93
45 67
94 95
25 84
6 57
59 68
23 87
43 92
57 33
55 42
53 13
92 75
12 23
66 65
35 99
29 24
53 35
93 7
42 78
72 48
75 54
7 99
39 81
99 71
57 25
36 8
38 77
70 16
80 12
61 25
5 51
20 6
30 41
61 18
83 22
70 26
71 94
33 93
35 39
61 76
72 52
9 94
98 39
97 28
92 86
89 51
71 35
41 99
21 83
42 88
18 86
23 92
45 31
1 89
3 55
93 81
42 16
59 12
62 66
8 1
55 69
85 83
57 93
7 54
97 75
9 32
12 73
40 72
36 56
43 60
40 93
85 89
45 7
36 94
34 46
97 82
49 18
65 15
7 17
29 10
87 37
56 8
65 47
48 92
20 90
1 26
15 90
89 55
24 14
81 38
88 22
84 34
95 54
1 34
16 80
27 93
36 27
70 88
39 50
42 55
79 33
30 59
46 36
96 22
65 20
86 40
