124
97 3
86 90
90 50
0 4
7 1
10 11
32 40
54 31
96 78
8 65
12 77
14 55
21 51
24 35
27 65
38 3
44 98
50 4
64 2
80 6
3 97
5 55
16 43
18 16
20 95
23 84
26 77
32 20
34 8
35 15
42 40
45 27
46 10
53 45
59 58
65 37
70 59
72 21
72 30
77 49
82 60
92 56
93 34
0 54
2 8
4 12
5 19
6 22
13 45
14 51
16 76
17 79
19 19
19 90
22 64
24 46
25 56
27 23
28 44
29 35
30 90
33 31
36 58
37 78
37 99
39 20
39 89
41 67
42 56
43 32
45 75
47 23
48 40
48 68
49 57
51 75
51 97
52 23
54 79
55 52
56 92
56 43
57 10
58 3
58 27
59 46
60 24
61 97
62 86
62 81
63 65
63 90
65 53
66 50
67 9
67 89
68 22
68 29
69 43
69 35
70 68
71 92
73 2
73 67
74 54
75 16
76 72
76 46
78 38
78 30
79 97
79 89
81 17
82 80
83 40
83 57
84 53
86 19
87 27
87 34
91 11
93 23
94 89
36 39
