155
43 39
17 5
8 17
67 59
56 37
14 95
75 83
30 59
3 65
64 52
69 2
83 79
87 71
36 89
41 51
15 25
62 12
28 89
24 67
79 94
9 78
29 13
67 33
84 88
2 33
8 49
56 43
8 24
89 39
71 9
92 58
81 85
72 27
72 36
39 88
47 16
44 63
59 82
19 73
57 66
68 75
78 43
52 88
26 23
72 20
15 32
13 35
20 86
92 26
86 95
93 88
94 32
44 22
95 6
49 73
36 11
30 4
14 81
20 97
80 26
32 71
52 19
90 3
77 48
26 73
72 79
31 81
93 74
92 94
34 46
42 93
91 43
42 47
47 6
37 14
86 28
22 89
41 5
13 53
89 97
44 10
33 74
45 57
77 64
38 27
3 5
67 8
40 33
46 49
40 42
7 39
98 68
88 67
60 93
95 60
37 37
39 64
71 14
91 65
78 10
3 71
14 71
81 36
52 9
18 41
44 78
10 85
85 42
38 22
95 28
83 72
41 11
26 56
87 51
55 46
2 10
47 97
71 82
66 95
17 56
26 31
26 49
59 28
34 93
71 66
62 63
3 41
29 69
14 50
58 59
15 88
97 75
21 83
4 21
17 15
78 98
10 64
30 85
32 15
31 77
18 31
33 50
25 46
31 34
21 51
68 80
56 72
19 62
57 55
73 51
68 64
43 74
60 35
69 47
17 11
