160
52 87
23 77
56 35
42 13
64 50
75 43
68 17
76 37
52 78
73 63
42 52
38 7
31 92
41 78
77 4
24 32
91 55
43 44
7 7
93 84
34 72
73 53
12 93
21 66
20 96
51 5
51 37
60 49
28 71
35 25
16 50
60 9
54 21
34 62
49 31
32 11
56 54
56 16
93 9
4 23
4 75
65 75
68 69
25 44
78 72
58 5
48 97
97 45
64 13
86 54
10 61
38 66
45 32
20 60
98 62
52 29
92 77
2 11
95 76
20 18
18 92
86 29
12 39
69 60
90 12
98 68
47 8
49 45
63 24
9 81
94 47
99 57
43 85
12 99
6 96
0 62
31 88
49 61
34 49
12 52
74 99
27 62
77 83
36 89
14 88
37 12
92 87
47 92
83 85
17 11
62 63
55 2
80 92
41 26
97 38
65 16
67 30
86 96
33 68
1 19
76 90
33 31
23 58
97 87
87 58
31 38
91 15
21 36
84 73
0 94
28 6
45 58
99 8
82 77
12 21
14 7
5 39
71 12
81 47
25 2
68 6
87 66
81 3
79 87
27 51
97 30
9 58
66 65
55 71
75 17
91 66
22 43
38 77
20 6
47 70
97 82
59 31
82 70
53 55
53 95
47 80
12 64
58 86
57 64
83 80
13 42
20 87
6 35
31 98
48 11
68 1
91 42
6 87
91 50
62 89
98 52
30 29
28 85
41 97
57 97
