142
24 13
7 13
15 26
1 2
27 18
16 23
20 9
3 58
26 62
23 84
16 79
74 18
52 90
15 4
12 18
29 7
1 19
29 2
2 68
12 92
13 97
21 73
29 76
18 53
13 54
14 88
72 27
54 4
98 10
99 54
50 67
95 1
82 24
89 46
70 91
95 32
13 21
4 21
25 29
20 20
1 26
30 19
28 22
18 16
29 85
25 91
15 70
5 96
4 90
15 61
16 98
24 95
18 69
16 94
19 89
7 72
19 66
13 78
6 55
28 99
12 63
1 82
9 60
26 52
11 50
9 75
20 83
55 7
66 13
93 26
81 29
77 25
88 9
60 78
75 65
69 35
85 70
92 8
68 97
57 74
64 39
70 50
59 68
71 85
99 45
65 93
84 84
80 61
76 47
56 25
58 12
87 55
61 53
83 17
67 81
63 69
62 14
94 78
90 23
91 62
86 52
79 34
97 40
65 6
53 83
72 63
98 31
99 36
91 76
86 41
77 86
59 28
57 96
92 59
84 58
54 98
60 42
64 64
66 87
88 80
63 44
69 66
55 21
96 71
85 10
80 7
51 99
75 82
61 95
71 5
81 73
67 38
97 60
56 15
74 94
87 75
78 57
89 19
58 49
62 27
12 24
78 18
