95
92 29
92 78
92 9
91 15
91 40
91 90
91 85
92 23
92 33
92 47
92 57
92 64
92 69
92 95
98 78
61 60
90 52
92 5
96 13
96 17
96 42
98 27
98 90
1 1
5 4
10 9
20 14
16 20
12 49
23 60
14 75
19 92
48 4
51 9
41 14
39 28
35 33
52 60
38 75
45 83
75 4
74 14
78 20
64 33
81 40
73 49
83 59
83 75
77 83
96 38
98 23
98 33
98 47
98 57
98 64
98 85
21 28
6 33
27 40
16 53
7 59
5 83
21 36
6 41
27 46
16 57
7 63
5 89
31 1
51 20
47 40
34 49
42 53
34 92
51 28
47 35
34 44
42 49
59 54
34 99
61 1
86 28
71 53
81 92
82 28
75 53
80 95
91 20
91 60
91 75
96 52
96 5
96 69
96 95
98 10
