152
29 26
34 50
28 78
92 72
19 62
36 77
49 30
88 96
65 53
50 25
36 8
19 18
41 38
34 69
53 7
9 80
68 87
51 82
84 30
10 16
69 62
71 77
90 19
67 56
28 43
4 36
77 70
44 42
16 68
20 49
25 36
8 25
41 13
69 45
82 94
62 1
47 83
54 23
75 42
87 56
85 98
54 40
51 75
84 36
32 37
30 13
55 43
6 43
49 6
52 96
53 33
14 63
54 13
11 98
94 77
85 12
14 11
76 60
87 69
72 84
35 3
81 20
61 74
28 49
99 3
1 86
75 20
30 7
53 66
16 26
95 59
12 29
71 40
15 51
98 98
99 22
55 85
90 91
14 93
93 84
23 27
67 19
39 62
14 22
21 92
77 35
71 5
19 22
74 73
41 82
91 8
61 88
90 42
21 4
23 82
39 6
60 81
8 55
66 97
40 57
6 52
82 78
59 12
17 37
6 73
48 90
91 60
78 9
33 42
23 45
41 22
2 17
24 12
10 64
92 14
98 26
18 86
89 25
42 33
51 54
28 1
5 81
73 67
96 32
45 64
40 16
63 96
80 88
88 61
87 86
13 47
51 42
48 95
85 53
95 70
44 16
91 0
81 24
13 89
46 19
87 45
63 16
3 48
98 35
78 43
18 74
36 45
55 0
97 52
29 63
30 29
38 48
