145
51 51
29 53
36 42
3 67
54 16
90 31
75 84
67 76
51 2
0 93
4 62
88 99
31 15
45 91
57 25
98 24
90 16
54 85
3 48
79 73
28 97
43 84
64 44
62 69
29 92
46 42
22 92
76 27
45 29
49 56
16 72
98 90
95 36
58 94
89 46
13 38
30 24
45 3
35 4
44 15
67 57
74 9
25 82
2 52
9 34
63 34
67 51
9 29
18 23
45 25
31 11
10 59
82 24
43 41
17 61
34 31
84 51
78 41
97 56
65 94
14 3
7 44
18 88
22 66
59 47
95 46
62 89
17 26
47 34
90 71
0 57
97 8
60 38
90 58
55 0
34 82
78 89
59 81
37 11
99 42
75 94
7 13
73 30
33 67
28 58
23 11
92 77
13 99
85 10
63 62
13 78
94 60
57 88
28 83
7 49
35 76
97 4
25 32
24 75
22 47
12 41
93 99
7 1
95 80
79 59
85 59
51 22
59 30
84 81
57 64
2 98
29 70
17 7
26 23
2 15
72 38
79 22
99 32
28 3
75 71
21 59
98 61
6 93
72 55
36 79
53 39
39 31
51 28
16 32
11 48
61 2
75 46
65 83
2 31
72 67
97 70
61 16
19 35
33 62
73 0
8 5
89 95
79 82
53 54
8 66
