162
66 28
21 37
3 42
37 7
32 63
53 62
61 10
46 12
36 71
75 26
95 22
29 54
35 78
79 23
59 63
39 89
47 29
23 43
43 39
9 1
77 46
8 41
29 91
95 54
76 49
27 31
88 37
38 36
25 56
48 54
48 63
21 64
95 13
4 2
2 50
88 1
25 52
4 87
68 13
90 10
55 70
77 76
9 85
85 43
22 5
73 87
85 52
45 25
95 93
96 76
90 5
79 14
63 24
92 69
10 8
21 54
44 19
19 93
43 50
89 17
13 55
16 51
35 64
2 8
93 37
0 93
23 67
74 60
14 18
4 81
45 91
47 42
82 9
68 83
9 52
58 66
43 22
55 23
65 55
13 63
99 66
16 59
92 27
9 20
9 47
42 53
58 79
82 98
74 23
86 6
45 99
26 76
50 43
18 81
82 93
73 53
68 59
7 67
73 39
12 29
94 80
91 93
44 79
35 21
88 24
95 72
88 51
69 19
67 95
40 86
83 75
41 69
56 75
61 19
18 48
79 64
42 33
83 34
63 65
82 78
11 36
91 65
41 73
52 73
56 43
22 50
37 57
98 45
18 34
58 27
50 23
70 90
91 33
70 99
39 13
12 14
4 28
34 47
10 89
13 91
30 3
36 83
29 62
71 77
0 35
40 80
62 86
50 4
5 72
58 93
95 2
45 1
73 81
44 45
10 61
32 76
1 88
79 35
55 86
40 8
30 68
33 59
