152
59 27
12 36
54 94
42 59
2 11
93 35
53 88
81 64
22 39
52 36
23 63
4 69
75 71
11 50
67 80
53 32
44 66
50 67
9 44
2 65
31 32
29 93
62 53
92 74
45 0
78 51
77 30
3 51
8 22
11 66
61 68
98 51
28 50
35 82
64 97
65 85
71 89
58 55
51 41
76 88
6 36
15 78
74 97
54 50
1 27
55 27
52 11
61 14
56 46
90 88
98 91
24 31
52 45
20 32
85 69
98 43
42 46
45 24
10 92
67 16
95 47
73 22
27 96
59 90
17 33
34 14
17 54
30 84
51 64
24 98
82 81
48 50
36 30
6 78
29 72
79 12
96 87
33 89
92 27
50 99
72 13
42 70
0 95
93 39
95 82
57 52
90 20
94 12
80 85
82 6
90 9
18 50
13 24
98 34
43 76
67 12
60 60
10 74
44 80
25 13
50 33
13 13
74 47
31 59
90 78
38 6
39 24
44 10
78 70
20 10
21 56
83 89
42 53
45 37
57 66
69 5
92 85
86 98
47 45
86 47
17 72
13 97
73 37
78 57
14 28
91 23
67 51
29 18
70 79
0 31
58 82
90 45
78 19
30 15
62 35
87 75
7 26
75 55
77 38
89 17
36 3
36 10
37 87
94 94
87 84
80 28
3 18
8 54
73 62
58 98
15 37
84 66
