150
63 96
90 82
55 61
24 31
79 67
42 10
35 43
49 7
59 22
40 60
11 3
94 22
42 65
64 12
2 97
6 29
34 52
29 4
27 48
36 63
17 56
35 88
67 14
8 99
26 61
54 47
59 36
16 45
46 16
36 96
55 15
9 16
19 67
57 94
66 72
15 87
73 69
52 92
13 82
32 11
0 57
19 21
49 76
45 70
18 13
85 65
73 30
63 40
21 26
64 19
23 68
96 11
93 64
67 89
11 76
80 23
3 23
70 41
69 68
22 5
63 82
36 92
95 28
89 51
77 77
70 84
34 36
33 76
32 85
33 68
0 40
79 37
43 81
8 35
19 63
85 3
21 97
33 99
83 88
53 86
97 35
37 11
37 72
66 42
28 86
67 7
39 55
41 90
58 5
16 0
0 36
91 46
82 55
78 95
46 29
42 77
55 34
89 36
22 84
90 7
46 24
79 32
62 7
98 52
3 49
97 40
90 0
11 30
18 49
44 45
98 65
97 84
70 26
9 40
51 17
20 18
80 91
0 19
70 60
5 81
47 55
21 73
8 2
59 85
23 88
7 86
27 67
80 16
48 52
57 31
48 46
26 42
75 4
36 83
14 40
18 98
8 95
39 33
56 24
36 24
75 27
48 33
96 32
51 41
46 1
77 57
45 32
65 1
75 80
54 56
