164
64 42
69 42
25 29
80 76
88 16
99 8
58 22
28 21
2 11
28 94
58 49
6 41
75 74
72 68
34 5
5 60
42 61
85 77
93 47
77 96
66 50
45 2
37 53
74 56
61 1
70 95
76 39
54 2
78 32
24 61
87 7
1 40
15 39
17 67
5 10
62 99
93 13
8 73
49 53
80 38
15 14
42 41
34 67
22 19
93 70
34 85
12 91
24 1
84 52
46 13
38 64
18 3
10 29
62 67
39 74
24 37
29 27
83 7
0 0
40 36
94 16
92 92
44 97
18 87
31 17
34 16
45 16
92 67
93 74
41 67
60 89
59 36
16 10
89 58
44 35
27 58
83 57
29 86
31 83
86 83
3 76
70 38
27 42
73 91
67 17
41 25
98 22
1 16
82 14
85 31
83 43
48 85
20 23
49 38
87 22
31 96
71 53
74 88
75 4
32 63
27 12
21 42
70 90
44 71
65 87
38 70
68 83
30 99
15 22
31 73
38 42
54 32
42 12
47 26
28 77
56 38
79 15
93 41
32 22
65 34
57 94
97 75
69 4
96 52
50 64
40 96
55 78
47 19
0 63
96 79
45 40
68 69
77 47
17 97
20 59
92 54
33 32
41 45
69 61
15 26
64 19
84 34
73 31
10 57
65 11
83 81
23 66
12 66
41 56
16 91
56 72
26 46
37 13
59 80
55 91
51 69
9 15
93 29
12 96
48 70
94 37
9 33
46 82
63 38
