153
82 75
61 55
34 94
94 67
6 91
21 43
44 26
90 33
70 49
66 68
6 42
8 5
3 24
37 23
74 33
6 98
44 50
87 83
80 89
59 86
24 96
25 84
60 7
53 70
69 8
45 96
43 69
11 84
99 7
33 21
36 58
93 62
33 29
52 93
40 37
75 86
79 27
68 73
34 88
82 41
31 78
56 81
29 27
72 61
49 12
63 5
86 13
20 62
32 52
40 87
47 30
92 23
38 33
98 92
14 18
51 51
42 99
61 77
2 66
39 68
29 54
83 10
86 18
42 23
85 7
31 42
32 15
95 33
55 24
5 50
89 97
3 37
89 91
58 43
15 97
68 37
90 9
15 92
29 67
41 14
39 95
83 47
67 87
25 71
33 48
80 19
38 83
32 32
94 49
41 48
58 32
41 18
58 97
38 12
78 83
13 30
39 3
70 67
80 49
69 25
65 84
34 36
70 89
13 76
79 56
87 73
80 5
52 30
79 2
66 54
93 5
5 8
78 37
63 91
22 49
53 7
45 92
76 15
65 38
67 95
97 50
58 49
19 21
28 8
4 20
86 3
47 68
43 33
25 37
24 89
36 47
75 74
98 67
31 6
63 72
43 59
4 72
94 92
82 54
31 86
77 11
91 40
96 56
60 73
4 57
34 79
72 97
10 50
44 36
47 37
97 3
37 92
17 41
