154
13 10
28 50
99 36
20 42
80 33
16 7
74 61
27 58
49 47
30 83
82 11
91 85
97 67
78 16
26 88
59 83
18 29
83 72
22 34
92 14
38 29
10 12
39 87
64 11
75 85
17 33
4 87
91 68
66 35
86 39
63 78
8 73
72 78
57 34
98 48
0 22
6 48
4 71
95 9
6 76
21 64
31 21
7 19
15 49
68 52
24 12
20 47
41 56
25 55
91 33
20 77
2 99
65 60
20 71
53 39
89 23
14 68
81 23
1 9
59 22
73 28
95 78
90 46
99 7
55 28
31 25
44 46
93 74
61 51
31 94
42 0
37 61
48 66
22 7
54 87
92 58
99 97
73 10
98 79
80 3
45 43
92 1
24 83
88 50
23 1
39 38
96 88
48 57
53 15
72 15
70 91
1 76
80 7
32 35
41 69
26 77
9 59
80 19
19 1
64 72
24 20
35 81
8 30
61 17
64 43
71 24
50 6
8 37
97 27
50 36
81 94
54 20
35 24
83 58
56 13
12 24
30 31
33 6
16 55
4 95
67 85
80 73
84 47
32 69
12 30
39 94
62 20
95 91
63 1
24 4
83 18
33 47
50 70
29 67
87 73
12 43
69 32
51 54
95 19
73 43
42 26
74 2
61 37
87 0
45 76
57 89
13 90
54 25
21 26
3 14
61 4
96 62
20 82
24 42
