158
50 28
13 45
74 79
40 81
42 69
59 51
4 80
3 38
67 13
6 57
94 94
21 55
81 5
87 55
99 29
62 37
21 48
37 1
76 10
32 7
49 57
85 86
61 86
45 25
18 89
59 29
24 71
45 75
63 65
33 94
59 6
12 83
89 3
22 36
27 25
83 26
15 21
27 59
63 25
82 38
96 67
85 18
75 26
2 96
27 6
56 30
91 82
82 49
14 79
92 26
39 53
72 13
59 59
36 57
45 14
5 69
68 52
71 51
94 16
89 29
49 66
80 99
44 79
1 74
18 14
62 78
19 61
41 3
92 21
97 99
30 36
53 77
14 3
30 54
77 7
2 47
52 69
44 1
89 33
18 46
70 84
96 78
49 70
53 52
26 77
63 8
13 89
90 89
92 53
47 63
68 31
4 4
92 7
75 64
50 19
41 25
17 34
22 75
94 61
72 24
3 62
10 3
69 34
88 69
70 97
5 34
34 52
34 61
63 21
76 48
67 67
31 16
21 79
35 41
72 90
31 89
72 35
6 99
90 50
6 44
88 98
74 44
82 91
72 19
12 14
23 14
4 10
43 65
4 92
36 90
57 76
76 89
43 40
38 26
69 4
33 48
46 5
73 1
30 85
27 98
57 96
49 92
13 38
67 18
59 14
27 73
93 73
30 32
23 66
43 99
77 67
50 50
88 43
96 1
95 57
43 83
51 41
39 78
