159
10 96
96 4
60 47
93 93
73 50
84 89
10 3
11 79
52 8
90 77
48 24
93 75
2 56
3 14
22 85
85 14
32 2
93 51
3 41
54 36
69 28
14 88
25 12
25 40
81 13
84 72
46 32
8 58
48 62
49 72
57 78
43 63
54 74
99 1
68 69
80 5
24 50
88 46
40 52
2 77
32 57
33 26
21 25
15 15
28 87
44 87
50 75
89 11
45 11
36 34
80 47
89 63
76 45
47 55
40 18
87 27
71 59
24 9
17 35
14 93
72 11
98 34
60 69
61 72
67 86
25 20
51 82
39 85
39 9
4 0
36 56
58 27
40 29
37 17
13 35
30 78
19 46
37 48
60 98
22 32
63 54
29 70
25 29
73 83
92 32
30 40
89 34
58 64
41 78
85 10
0 87
35 93
11 86
18 11
7 71
12 11
69 8
87 71
58 10
49 11
11 14
65 83
61 79
11 47
6 44
75 37
84 63
13 6
26 99
28 8
54 85
35 42
34 76
25 96
92 21
94 40
90 68
23 66
97 85
48 91
90 90
14 53
27 76
90 17
68 22
74 61
49 19
25 4
3 60
23 55
99 81
78 97
93 29
57 2
48 40
41 89
63 20
90 83
39 2
48 7
63 16
72 56
81 35
13 29
31 86
30 25
82 28
81 9
71 76
58 16
81 93
20 29
50 88
2 23
52 48
6 80
31 67
98 24
8 93
