147
68 41
17 44
42 17
69 58
12 13
5 64
86 39
65 74
20 55
12 96
68 9
32 12
84 68
22 83
9 74
9 28
15 7
87 66
73 12
9 49
16 97
57 43
11 9
51 20
0 30
48 51
81 2
23 49
18 62
41 94
45 64
93 42
52 62
6 58
14 53
73 41
89 12
40 37
77 56
15 85
67 68
90 97
56 19
37 24
38 53
43 67
52 88
41 42
84 77
42 50
25 98
79 44
30 57
62 92
59 75
92 90
33 77
38 73
25 27
9 67
3 90
13 58
94 34
98 98
21 25
69 83
21 98
61 79
83 91
38 68
24 78
53 50
93 49
22 62
76 42
28 11
97 83
94 84
57 65
71 3
91 36
19 38
76 99
29 88
48 46
86 30
38 45
63 99
64 36
47 29
99 12
41 80
89 53
10 83
33 30
64 63
29 8
10 37
21 77
5 13
32 61
61 85
22 41
76 21
6 17
69 0
97 25
78 76
23 30
42 83
49 6
11 31
69 48
39 77
99 55
52 68
74 74
73 63
5 47
89 62
16 32
64 81
55 32
51 83
68 32
83 51
72 78
78 9
45 79
44 59
48 41
53 37
31 34
31 43
41 29
40 9
60 60
96 56
26 46
83 19
93 93
38 60
9 79
66 94
71 38
23 56
8 14
