150
36 65
22 33
86 14
55 97
28 27
47 89
20 96
74 72
41 15
43 56
5 8
52 52
3 45
10 2
15 38
94 85
69 22
1 67
85 56
70 37
45 61
72 44
29 59
86 97
93 35
50 62
6 59
38 38
93 16
44 94
21 10
55 20
44 78
25 18
80 97
36 80
2 57
79 7
74 57
76 48
54 2
20 20
23 75
93 59
60 41
65 71
70 91
35 16
4 49
6 86
14 73
90 12
18 41
36 74
15 88
52 15
94 78
82 10
23 24
28 31
85 83
40 24
76 66
13 64
37 7
65 2
99 36
31 13
40 33
5 76
33 59
24 14
12 76
72 79
36 93
60 74
30 19
52 67
67 88
90 46
56 90
78 26
76 36
53 83
22 42
93 73
9 49
47 18
95 53
30 76
44 25
43 46
33 94
18 47
40 97
51 80
51 3
60 35
93 29
86 20
29 88
36 32
39 94
62 86
15 24
89 38
48 33
23 85
94 46
90 20
17 71
84 67
20 5
84 92
87 61
1 98
95 6
78 18
37 11
69 47
31 53
75 78
37 60
96 92
97 13
50 71
33 81
18 23
0 30
96 41
29 43
10 73
1 7
94 20
10 93
85 0
74 91
56 67
20 68
15 42
46 85
36 56
47 46
57 87
12 17
46 49
55 35
75 86
49 8
1 17
