156
21 34
61 53
47 85
6 34
70 17
71 57
33 58
69 74
37 22
94 53
37 38
64 82
1 38
50 77
31 31
36 78
75 27
74 45
78 90
33 37
43 96
86 74
49 1
34 50
39 75
34 26
14 9
88 6
46 29
61 26
69 23
25 45
56 28
20 3
0 8
91 60
84 2
15 2
95 77
54 86
13 52
18 13
9 77
90 76
11 6
0 72
11 42
1 80
80 3
81 81
87 82
59 46
59 1
72 68
76 20
92 30
37 69
66 4
51 52
54 76
57 89
63 75
59 39
23 81
72 12
43 25
52 59
55 82
60 78
58 97
87 1
68 83
7 82
81 64
70 96
55 41
75 16
11 47
0 64
47 67
91 83
79 15
16 42
96 23
7 49
60 33
15 90
20 91
89 26
16 70
55 92
67 66
77 82
74 3
68 33
46 73
38 8
98 0
34 12
88 17
18 57
97 67
64 86
56 47
21 39
47 44
89 88
64 60
6 27
32 77
2 23
45 2
35 30
38 89
35 73
6 44
62 6
41 62
87 47
64 34
79 35
99 63
92 37
3 7
40 68
45 10
42 81
82 11
46 53
74 90
19 26
88 95
80 73
41 99
81 41
20 77
14 73
95 11
65 45
6 58
62 30
31 82
81 97
39 51
16 28
76 38
10 53
46 19
45 37
23 54
37 43
35 9
51 65
31 13
21 45
23 29
