150
64 65
36 34
8 85
52 40
28 3
94 12
56 37
63 52
91 34
49 62
38 7
6 66
68 84
19 39
17 14
94 78
92 44
73 67
16 33
57 34
77 39
98 80
27 93
69 53
71 17
45 46
21 29
11 27
12 65
38 84
49 29
91 40
84 10
12 51
77 61
86 18
3 75
41 59
89 96
26 24
19 53
22 81
14 40
69 40
44 20
61 36
51 34
4 2
17 5
67 45
41 35
21 66
73 21
85 4
76 1
23 84
32 7
8 98
99 33
1 37
9 78
3 92
15 57
15 2
50 88
96 85
58 46
52 94
27 40
96 94
24 78
76 24
33 99
82 28
46 93
38 98
61 72
84 57
66 77
88 74
19 84
17 96
10 90
1 96
66 98
5 57
20 21
11 61
61 10
84 97
97 39
27 81
73 48
41 80
50 37
79 82
73 75
5 50
20 87
24 48
55 90
43 70
90 57
70 24
78 92
22 41
61 94
11 20
9 41
45 6
74 51
7 34
73 34
58 91
65 87
20 0
8 44
74 44
49 24
68 37
23 23
25 51
24 61
35 61
11 6
48 55
57 21
46 85
86 66
68 94
28 33
39 63
75 29
77 47
89 50
81 17
63 82
56 24
66 1
80 36
0 28
68 80
20 70
4 16
81 46
30 16
77 97
21 44
20 63
63 62
