149
48 48
18 96
80 97
42 89
51 96
79 85
32 18
31 10
82 5
83 40
27 77
74 64
89 70
53 16
40 34
16 70
81 25
46 34
40 27
74 59
77 21
66 0
41 10
67 29
65 95
28 46
79 69
7 71
62 64
67 35
8 6
50 85
8 97
36 58
57 44
91 24
97 73
47 17
89 59
93 50
35 51
50 70
76 52
62 99
51 89
24 72
72 11
98 94
16 86
29 34
83 14
99 65
14 24
75 10
23 36
49 0
35 28
37 10
94 62
28 71
0 9
83 89
72 52
81 64
90 30
82 81
54 83
22 78
84 29
76 67
9 78
3 92
95 56
15 66
78 49
52 39
34 0
47 61
69 76
61 72
56 2
36 63
97 12
32 41
54 23
25 42
31 30
23 81
44 3
90 0
87 56
50 12
73 41
16 53
99 5
2 17
71 71
40 74
43 36
37 66
24 32
98 54
92 84
88 62
1 2
33 89
29 3
21 8
29 21
72 83
4 10
49 42
59 19
87 44
70 92
71 2
90 15
0 79
6 3
82 20
67 53
63 16
52 34
14 59
9 45
58 13
93 7
91 19
22 93
2 5
45 40
92 91
38 1
58 6
78 73
61 84
66 10
46 71
35 86
12 11
72 25
79 40
93 66
54 93
14 20
2 64
60 35
98 19
85 98
