148
61 95
76 56
30 98
73 33
49 74
39 5
35 69
85 71
48 80
91 85
70 2
64 53
42 49
64 32
61 11
31 80
78 71
43 77
81 5
73 73
46 96
88 25
2 66
11 18
67 66
9 47
93 27
86 61
8 76
18 32
28 36
73 96
47 69
86 98
76 42
48 53
33 9
33 63
34 39
80 92
35 45
74 48
14 40
17 37
57 14
10 67
30 26
50 44
99 57
5 5
24 87
64 8
6 46
89 34
20 92
39 73
66 79
87 79
95 13
39 59
69 80
42 58
52 13
19 60
22 74
61 27
37 0
95 79
65 87
87 12
57 52
98 63
41 84
22 26
71 68
21 21
14 85
63 76
61 85
94 53
36 34
80 56
9 8
56 97
72 65
68 25
94 75
1 53
86 85
89 45
68 38
55 38
25 3
54 32
5 31
2 23
47 18
24 97
41 96
71 50
93 32
91 8
17 94
31 1
80 19
68 99
80 23
26 40
47 28
52 19
84 52
1 35
71 37
55 90
14 31
9 25
90 22
10 36
94 84
97 96
95 88
17 52
16 63
0 75
65 4
16 7
12 55
45 60
90 42
49 92
13 46
98 20
25 17
19 64
70 18
17 11
87 49
14 2
44 64
1 31
25 82
30 41
37 64
24 50
3 41
46 49
9 97
87 68
