152
70 90
23 83
1 95
69 65
12 58
89 68
38 52
23 90
81 3
61 6
19 45
64 58
76 34
92 40
19 50
42 58
33 99
76 20
87 0
32 7
26 13
30 49
96 93
81 95
43 20
24 78
55 51
57 46
8 71
40 6
89 93
0 82
12 73
35 76
20 11
58 81
82 78
62 32
49 81
87 12
91 49
21 61
44 50
1 63
35 65
79 77
27 25
8 89
58 52
49 35
67 75
80 89
75 88
19 94
16 39
34 2
78 65
27 2
61 85
52 93
81 12
7 95
97 67
9 2
52 59
13 66
71 40
18 27
6 13
8 54
41 63
93 71
89 6
63 70
5 26
77 27
20 87
34 44
66 18
90 23
53 73
69 16
80 48
81 40
40 31
51 42
96 28
27 10
15 44
11 18
36 90
30 38
95 87
71 76
86 80
77 17
48 31
97 23
74 49
39 37
16 75
65 49
66 33
41 83
13 5
51 76
28 68
97 59
29 83
43 34
31 33
3 9
13 49
31 59
19 98
6 46
17 83
16 18
93 17
3 57
30 79
8 36
3 66
26 86
20 3
87 76
84 62
2 78
78 82
63 24
68 78
40 40
43 44
89 41
57 99
20 40
43 15
31 24
86 89
99 49
49 98
86 54
85 44
44 4
45 79
25 21
61 89
86 34
58 41
68 68
67 93
11 62
