153
30 30
37 70
75 65
80 89
0 92
47 29
26 93
35 62
63 90
31 10
59 16
2 46
65 40
60 94
90 6
62 67
22 36
91 18
42 68
10 75
21 64
76 90
42 85
43 99
51 65
68 43
90 71
87 39
76 6
29 42
28 83
63 23
95 7
54 93
0 88
19 18
79 60
84 35
64 47
67 82
4 12
76 52
95 48
25 3
99 63
37 28
48 90
32 38
60 30
18 87
13 38
75 47
17 31
83 39
39 13
22 6
9 21
14 10
50 32
33 90
33 76
13 14
78 25
79 97
57 32
13 45
88 62
96 89
98 73
44 91
42 17
18 28
95 23
72 49
27 97
41 21
38 46
28 65
79 19
36 57
96 82
71 55
31 23
86 56
4 98
83 55
49 9
14 93
16 69
6 41
87 48
15 62
44 27
14 48
10 85
58 65
84 81
43 12
5 65
49 56
30 20
14 41
99 86
6 22
15 23
52 81
42 48
29 5
38 87
63 19
59 81
7 97
98 11
20 93
21 15
52 3
16 84
58 71
23 24
74 75
32 2
61 74
96 1
99 80
40 56
35 82
52 60
97 98
92 57
47 72
16 53
32 15
25 74
33 65
67 36
61 48
39 53
50 51
19 12
76 83
96 78
50 13
51 18
54 49
92 1
74 40
52 46
68 11
86 88
77 68
4 70
28 33
64 86
