155
75 56
5 20
47 45
59 37
23 95
85 26
48 68
74 61
2 63
46 55
98 4
28 73
36 80
69 54
23 33
19 74
37 12
11 45
83 22
98 78
65 34
60 63
71 81
14 63
6 97
88 10
75 19
66 91
38 44
87 74
84 62
3 3
90 14
21 13
38 38
36 48
74 42
93 31
88 17
13 50
32 30
63 81
69 46
23 25
72 25
41 3
40 8
2 54
46 5
30 85
17 8
55 65
55 56
56 87
83 83
63 56
20 80
39 88
34 93
74 0
3 51
52 45
36 24
37 41
99 49
33 84
30 54
10 79
15 53
45 36
38 2
58 16
10 92
43 22
60 25
19 43
15 80
87 1
3 69
40 57
89 23
14 99
30 13
32 41
15 24
42 96
97 45
84 79
26 52
67 39
63 44
92 82
97 99
80 95
11 74
80 99
69 17
98 13
1 98
32 16
71 7
16 30
50 36
44 86
11 26
85 92
74 89
65 3
56 21
16 36
76 67
77 96
63 16
84 35
94 35
68 28
46 20
20 51
94 75
74 8
80 78
8 83
46 1
88 80
62 2
89 69
54 48
76 81
72 50
27 45
41 92
35 60
55 76
73 22
68 2
74 74
88 32
98 82
80 45
62 53
67 75
43 89
54 17
56 71
99 18
65 78
80 69
11 69
61 89
44 60
45 66
25 98
58 9
58 30
6 27
