155
69 69
12 87
72 83
33 54
48 10
39 66
79 82
42 2
40 50
64 25
69 19
88 79
36 98
83 11
38 85
90 27
68 74
54 54
77 93
69 79
91 93
4 25
74 24
11 45
80 58
77 52
24 44
86 32
66 89
44 76
95 62
51 86
94 83
34 88
12 32
71 25
27 58
26 79
74 55
76 42
93 49
3 94
73 33
13 92
1 20
98 17
45 37
21 27
92 23
30 5
43 70
84 96
98 97
38 8
7 75
1 71
87 91
53 80
3 2
51 32
65 9
63 4
81 42
87 66
78 63
51 67
53 23
83 59
54 15
6 46
58 41
70 12
23 22
57 29
31 51
10 21
1 63
31 64
77 27
56 61
47 54
19 78
60 88
41 20
97 84
41 9
65 50
68 6
0 6
22 39
37 92
30 41
27 67
16 81
81 72
24 32
54 19
2 48
1 24
72 89
92 4
83 39
62 76
73 86
9 65
12 2
27 13
83 49
54 75
36 5
68 0
85 53
91 85
40 32
12 57
13 20
89 30
84 81
61 92
20 67
31 36
7 36
17 65
88 88
27 83
34 73
61 9
77 79
44 64
88 36
8 85
58 66
90 59
79 45
8 94
73 51
13 50
97 25
4 98
69 64
63 39
52 42
12 83
66 36
65 67
81 52
26 75
1 40
20 18
20 71
12 6
73 6
38 1
68 84
45 0
