149
16 28
21 4
77 66
10 72
61 62
6 60
55 99
79 48
40 19
7 12
86 94
96 99
42 91
97 66
80 92
80 18
60 34
81 38
41 4
39 9
51 52
63 22
43 48
3 76
68 47
74 32
44 18
71 17
49 95
34 74
49 73
0 65
28 0
91 31
80 86
93 20
54 62
12 51
59 98
49 20
51 25
41 28
17 45
99 14
68 10
85 80
32 16
94 91
80 0
59 43
84 53
89 82
15 88
45 12
75 24
52 10
66 62
89 71
33 89
78 12
3 45
93 58
26 87
45 76
61 39
94 70
40 24
34 57
84 41
1 80
73 39
17 56
19 96
33 20
97 17
1 95
97 77
23 98
58 13
10 99
55 89
5 6
87 85
48 51
63 94
5 23
52 91
70 98
67 79
19 15
61 66
86 88
90 60
96 1
47 2
77 16
76 74
55 67
20 72
73 63
10 43
24 12
58 69
31 97
80 30
43 32
42 10
10 6
60 51
2 53
89 51
1 19
87 99
34 96
96 42
82 9
48 61
41 58
30 37
84 27
85 63
73 96
51 41
24 42
16 98
31 5
85 69
7 81
37 85
19 90
42 35
21 27
5 38
36 53
90 21
95 46
15 71
61 55
96 53
69 72
13 29
85 91
73 56
15 65
11 24
70 33
88 35
43 40
9 9
