149
69 20
36 65
95 62
61 46
32 94
30 89
83 66
47 71
83 22
92 89
61 13
55 6
92 73
19 55
17 28
91 39
47 54
74 78
86 48
96 6
40 74
76 33
22 81
94 34
84 89
54 81
72 54
86 99
39 29
9 63
16 50
25 97
86 28
57 69
18 66
59 83
99 41
62 72
86 75
47 79
73 40
22 28
6 98
67 34
41 93
43 65
66 73
35 82
66 5
69 82
27 69
89 23
80 18
90 80
45 26
1 54
48 96
61 36
25 40
80 34
10 44
99 16
77 23
47 48
42 9
51 78
76 95
69 49
87 14
55 38
49 84
61 91
11 11
29 79
15 65
71 73
46 75
45 95
59 78
5 23
40 37
63 39
7 87
82 59
44 1
85 80
33 74
33 21
72 48
93 55
51 71
49 33
58 88
99 72
2 88
18 2
65 77
79 61
6 20
76 85
14 61
6 64
66 65
59 20
69 88
79 57
36 76
97 93
34 35
43 42
65 42
86 33
30 2
66 46
32 63
83 13
89 42
47 90
32 56
98 53
63 51
27 50
24 47
83 56
76 60
24 17
17 14
23 88
86 8
98 81
69 41
10 96
12 35
62 65
38 34
13 26
40 26
55 89
54 11
14 71
80 98
85 45
68 70
94 68
46 87
36 92
14 32
14 45
8 76
