152
60 9
62 50
16 84
10 98
15 87
97 31
15 53
1 46
7 44
54 85
27 79
46 58
42 79
70 87
87 7
47 7
82 56
76 79
9 56
48 38
91 57
58 26
65 31
7 78
16 28
90 96
63 88
38 34
77 27
82 69
49 29
38 77
63 21
38 8
85 92
23 4
57 91
49 23
73 17
31 93
92 79
82 65
26 69
18 1
19 39
83 14
57 59
9 19
52 81
14 42
77 55
35 83
73 76
34 5
45 78
48 95
14 72
31 88
29 36
48 49
66 64
43 7
38 57
49 57
61 40
30 70
20 44
92 30
49 4
80 37
70 45
2 84
37 60
23 70
59 29
72 56
79 7
55 49
19 29
54 69
63 81
80 87
10 65
25 63
70 95
76 19
2 15
30 31
20 60
62 84
31 14
25 99
39 82
86 78
85 58
97 23
5 68
78 74
80 16
61 76
87 40
41 18
67 37
88 69
5 98
17 45
20 80
36 24
2 65
36 97
56 45
81 10
8 26
61 96
68 74
46 92
20 18
15 31
99 55
76 71
3 56
28 49
43 31
78 62
94 58
1 34
61 0
93 7
80 22
87 46
76 9
57 14
41 27
83 42
65 91
95 16
35 93
47 67
87 85
88 50
65 2
99 13
99 77
11 74
6 53
31 6
54 20
26 46
97 45
87 53
24 24
62 4
