155
44 19
6 9
70 54
74 7
18 69
15 73
85 44
53 68
46 78
79 78
0 61
94 45
27 4
30 11
73 74
71 17
79 26
63 87
63 43
65 53
74 58
34 60
39 82
91 49
63 7
36 16
94 31
50 50
16 88
58 99
7 24
62 59
24 30
84 15
60 84
50 83
68 12
46 74
7 64
11 55
53 8
7 72
15 28
50 6
37 53
39 71
87 23
73 81
24 47
12 70
91 8
99 40
59 74
58 46
38 31
23 89
99 31
10 73
38 67
93 57
36 77
9 15
21 96
5 85
9 97
40 43
76 63
89 85
93 89
73 87
57 36
78 14
27 98
21 57
35 90
53 45
87 48
29 19
10 22
19 29
84 29
75 23
33 36
0 18
72 40
65 79
83 86
94 6
87 71
13 61
81 51
56 20
14 43
13 0
26 78
81 32
46 60
15 14
39 10
18 13
2 26
67 46
69 3
97 67
11 89
33 66
45 98
28 68
69 99
78 97
51 94
29 25
66 63
45 93
3 3
33 24
88 77
44 57
46 10
29 60
25 43
26 61
82 10
49 91
96 25
61 22
55 81
42 11
59 51
95 10
92 20
21 16
3 19
83 18
70 70
16 2
1 92
67 95
17 55
3 32
27 37
64 30
97 75
41 33
16 7
74 66
53 64
65 2
23 77
0 99
19 22
18 60
79 92
48 19
20 66
