152
82 8
72 81
7 77
37 10
15 30
51 93
59 19
42 18
49 19
45 27
40 47
21 45
1 73
65 26
86 12
30 10
26 85
73 10
54 39
74 3
83 85
14 98
11 58
7 23
64 97
7 6
68 2
81 79
72 29
78 23
53 63
25 52
85 88
91 64
29 39
86 59
90 83
98 25
49 46
12 50
58 48
47 60
64 49
55 42
91 76
68 32
43 35
64 61
18 16
28 99
84 17
40 70
56 62
16 93
48 90
14 73
43 99
94 2
85 1
69 66
21 32
81 15
43 51
88 0
8 17
17 7
20 92
85 55
42 75
78 84
77 63
78 94
7 42
70 41
1 56
37 71
12 5
57 25
70 98
55 35
62 46
1 49
19 75
14 45
3 30
97 32
49 96
5 51
34 87
43 4
76 30
18 24
90 33
82 69
97 19
62 28
13 2
90 22
83 94
22 73
9 65
96 98
98 12
14 85
91 28
84 46
95 85
55 67
33 25
96 38
92 38
42 96
86 71
45 8
58 10
25 47
48 30
53 16
83 39
41 65
95 74
46 73
73 57
72 73
56 20
3 85
87 26
8 87
66 17
96 16
82 54
3 37
48 2
72 34
90 7
17 66
4 3
70 46
98 75
76 58
53 56
29 24
38 67
78 68
45 1
29 17
34 39
3 14
40 28
82 5
39 14
57 16
