144
43 64
30 64
81 41
80 90
50 49
2 54
8 29
63 35
87 79
0 40
38 92
70 53
61 70
53 32
4 94
49 7
41 24
67 43
60 94
86 58
16 79
76 38
22 3
53 18
48 22
45 32
60 87
73 5
45 53
56 62
90 5
45 48
96 41
20 23
18 41
24 43
21 28
48 41
53 14
16 93
90 97
34 74
94 67
93 77
9 72
69 31
75 26
46 75
17 14
91 82
52 8
66 7
46 59
28 87
98 14
13 28
34 60
45 5
25 91
45 69
87 84
0 9
79 12
24 85
24 94
74 43
46 91
56 16
54 28
38 50
44 72
79 69
55 56
0 50
60 9
5 73
94 11
0 68
41 69
80 85
44 1
79 7
50 90
43 84
60 57
1 22
1 16
33 30
40 8
82 23
97 69
94 15
18 96
10 3
53 38
58 34
1 64
61 30
25 10
63 3
0 84
80 0
95 92
59 17
19 8
35 4
13 4
91 33
20 46
11 86
40 12
60 45
32 93
18 27
13 43
32 56
98 10
36 26
10 80
2 76
37 61
40 78
78 62
90 36
83 33
76 91
57 23
12 0
46 87
6 23
15 90
47 12
11 10
12 39
83 53
56 8
71 36
56 90
74 16
34 99
66 21
46 82
75 97
84 92
