147
88 49
65 16
41 83
65 59
27 3
2 58
64 82
8 13
45 50
91 76
46 25
86 93
44 5
8 65
96 58
83 33
33 64
81 55
74 2
22 48
41 34
85 5
5 35
10 71
72 46
43 69
35 99
87 16
31 89
34 33
71 83
61 60
72 19
73 76
91 69
68 55
79 71
12 85
3 63
95 90
52 58
6 40
45 32
21 83
71 41
27 18
31 81
90 58
69 25
87 89
54 14
64 74
97 35
50 26
40 26
57 93
17 59
22 39
27 75
22 80
78 2
16 6
33 51
13 96
11 89
47 84
94 71
99 81
50 63
82 85
99 51
80 12
15 15
16 37
86 22
17 66
4 16
3 47
24 59
50 50
99 1
76 88
11 2
74 35
37 87
87 36
18 94
35 44
72 31
73 22
79 45
86 1
90 39
92 96
94 36
82 3
12 45
91 31
71 7
62 86
41 23
76 20
39 63
38 3
74 50
30 47
80 38
50 44
14 50
35 69
66 36
97 41
38 76
69 12
7 0
94 49
69 92
18 90
25 9
12 38
2 70
50 8
77 37
20 87
93 62
55 21
25 38
4 2
15 77
87 10
1 88
36 39
38 11
74 65
43 40
59 6
26 26
78 79
28 31
18 49
6 68
70 96
37 36
57 67
31 3
85 47
39 79
