145
9 62
90 51
62 9
29 81
48 32
40 91
70 32
41 31
34 35
39 67
70 23
72 56
1 11
37 79
35 84
22 21
7 76
61 46
52 50
18 41
78 74
58 64
19 79
1 4
49 38
52 26
99 69
63 2
2 22
80 51
87 78
12 43
13 6
87 3
8 28
64 94
32 59
95 57
31 5
51 18
66 16
5 71
87 30
48 26
97 18
99 50
97 84
78 88
48 93
5 54
43 58
29 88
69 45
20 67
1 68
55 51
40 44
28 33
98 10
93 5
33 50
51 96
14 50
23 97
46 68
98 35
51 84
39 98
27 56
85 14
66 90
87 62
40 8
25 73
48 83
8 10
50 87
16 87
97 97
7 2
53 1
41 24
12 19
58 13
86 51
8 48
62 89
11 3
2 60
6 90
17 61
26 25
9 35
81 5
95 28
20 18
52 75
16 96
45 13
56 36
40 15
35 18
49 77
41 4
72 46
81 70
89 56
75 39
18 83
37 40
36 29
21 42
82 73
23 30
94 20
15 22
59 79
58 24
31 29
73 17
33 9
30 12
48 5
88 74
80 39
22 27
68 28
94 46
12 72
51 65
66 44
60 17
63 22
54 72
34 54
90 94
12 67
73 76
77 17
18 45
72 64
78 60
43 88
65 7
5 64
