120
4 19
48 58
4 79
20 61
26 30
38 43
40 86
7 70
10 12
19 71
23 41
25 78
46 98
57 81
66 73
79 97
80 90
84 93
0 15
1 3
1 43
1 51
7 24
10 19
10 45
11 73
12 60
13 32
14 20
16 53
18 33
21 67
21 86
22 38
24 93
28 59
29 99
31 38
31 79
39 77
44 50
44 91
45 87
55 68
59 98
64 85
78 79
89 90
90 99
1 35
2 67
2 92
3 30
4 8
4 55
4 59
6 65
6 88
7 51
7 85
8 39
9 63
10 26
12 64
12 96
14 26
15 47
15 90
17 96
18 39
18 83
19 48
20 43
21 22
25 52
26 48
26 74
27 96
28 41
28 69
28 86
30 83
31 71
31 88
32 76
32 91
35 62
39 61
40 54
40 64
41 72
41 95
44 62
45 53
47 63
47 94
50 71
50 80
51 94
52 57
52 99
54 93
56 59
56 73
57 88
59 60
63 77
64 66
67 80
68 85
73 98
74 81
74 89
82 85
82 98
86 97
90 94
24 59
25 33
43 58
