159
15 76
38 12
48 83
37 59
47 19
14 91
25 27
80 75
16 80
32 56
27 75
38 72
53 2
34 41
43 97
71 11
84 73
44 58
73 31
71 20
13 54
62 95
65 41
85 50
68 54
1 37
6 44
55 95
60 41
57 6
47 78
83 58
47 53
51 40
72 71
98 36
7 8
0 56
46 31
90 49
56 32
93 63
92 33
64 34
3 2
92 69
25 50
20 93
8 73
16 68
53 25
53 88
5 80
24 38
71 50
44 10
81 21
56 55
59 54
20 30
17 51
2 64
34 46
89 67
24 59
4 76
3 69
5 62
71 24
79 95
97 39
80 40
11 33
97 30
83 97
51 80
66 22
13 87
86 61
4 20
74 46
36 88
30 45
12 9
34 64
48 10
43 0
17 62
74 15
43 20
21 99
42 49
70 90
60 19
13 66
42 14
61 13
77 79
66 64
21 20
82 78
20 81
71 63
47 62
9 58
87 84
67 30
56 43
71 2
0 13
38 76
63 30
32 93
14 60
90 40
87 79
53 68
44 63
97 17
49 44
26 44
43 67
60 34
63 77
34 3
33 83
40 6
87 20
39 22
69 85
37 99
93 36
7 1
50 13
8 26
99 0
64 68
24 96
86 98
97 95
50 75
18 42
44 71
15 10
85 10
57 36
17 13
26 89
8 55
57 98
58 74
5 84
32 29
73 55
21 49
0 19
88 16
21 85
18 73
