151
77 30
2 52
19 33
22 18
87 32
68 82
93 13
51 47
10 58
87 40
58 46
10 41
44 79
22 87
54 28
35 67
64 74
82 29
17 57
66 94
26 41
1 32
67 89
67 45
93 6
11 16
23 9
89 16
82 94
6 71
1 46
14 89
51 18
99 77
72 12
76 99
21 54
67 41
90 51
20 95
81 19
98 9
15 18
69 26
69 34
94 31
0 29
4 64
61 34
69 1
25 13
45 17
63 69
12 3
54 80
73 16
84 71
82 87
7 50
23 49
35 76
29 92
47 35
66 31
18 90
3 76
45 86
43 10
88 89
97 19
18 85
5 57
58 16
36 85
18 7
47 67
77 36
23 36
15 23
32 37
93 71
28 56
26 24
35 61
56 56
24 5
93 42
58 21
54 12
21 66
12 74
35 53
74 1
9 95
28 7
94 66
55 39
0 75
57 97
72 86
98 4
9 81
84 97
81 34
11 53
69 6
38 91
81 55
99 32
19 49
43 38
21 84
38 16
40 50
62 27
92 34
93 97
73 64
26 77
85 79
72 5
47 76
70 99
84 76
5 4
28 31
4 83
91 94
12 96
37 24
35 27
52 70
70 69
91 90
41 70
41 97
0 8
77 44
51 39
26 0
31 20
47 63
13 85
38 98
89 86
15 40
51 91
55 43
2 56
7 54
24 32
