152
6 39
7 60
12 85
71 36
30 75
92 65
46 63
32 29
22 54
90 94
84 93
51 32
28 65
68 11
80 13
48 78
98 48
35 90
60 90
59 5
73 9
57 86
84 17
81 90
98 24
13 52
77 40
81 47
34 82
12 98
94 22
69 74
96 64
2 40
48 41
68 15
8 27
35 64
99 4
86 84
70 79
1 95
53 25
48 20
82 35
66 83
13 58
38 62
14 8
56 39
60 45
7 82
26 78
34 24
97 11
97 20
61 78
65 3
27 14
23 85
67 78
21 69
13 74
95 15
97 37
0 50
0 85
79 30
9 3
92 28
74 46
51 48
79 63
39 77
89 66
0 59
24 92
32 61
21 12
19 45
14 78
56 57
97 51
25 26
82 31
4 92
74 91
89 20
3 60
4 55
16 90
17 38
55 92
62 58
32 70
76 61
91 78
52 82
53 72
5 72
32 36
91 72
53 37
93 5
30 89
40 74
32 51
81 66
70 58
90 85
39 87
45 6
14 26
23 60
70 0
16 66
68 53
61 73
40 16
42 86
98 58
80 74
88 81
27 33
75 36
46 48
16 85
6 99
20 77
14 18
97 90
8 6
37 20
78 87
67 65
36 15
26 71
70 21
73 41
89 6
16 30
53 11
27 8
89 31
42 22
76 29
31 5
89 37
17 98
12 29
1 78
3 84
