125
5 96
90 94
42 72
29 66
13 33
19 46
0 5
16 40
6 41
66 80
67 93
12 47
2 20
65 88
62 64
5 57
22 43
28 88
33 68
16 93
8 64
46 75
33 56
29 34
12 27
57 77
16 79
2 89
50 56
66 73
44 51
10 58
50 88
61 97
39 62
28 61
42 81
10 21
10 94
13 96
18 98
36 88
17 84
78 87
5 86
50 52
45 65
55 84
22 35
76 79
49 62
58 95
49 71
68 84
13 81
35 99
22 74
70 75
45 94
23 27
47 91
35 74
50 93
96 99
19 41
81 89
49 66
42 91
49 78
52 67
5 25
52 76
38 68
82 92
0 59
60 91
11 89
3 14
20 30
23 99
0 27
22 66
21 77
87 95
11 84
31 62
29 83
21 24
14 18
59 81
86 98
13 68
10 14
63 69
23 69
6 28
4 74
35 52
16 57
75 91
17 49
40 87
52 61
34 77
1 52
8 76
11 72
8 85
28 97
28 42
54 70
32 33
72 87
14 54
16 27
36 60
72 98
31 91
22 88
34 44
38 78
90 99
24 92
70 80
43 68
