148
24 67
89 86
34 8
9 74
12 47
11 67
74 34
18 59
47 48
88 23
8 95
61 14
86 28
96 92
29 47
56 21
21 40
36 67
48 28
14 89
23 8
78 14
36 87
24 38
59 80
4 71
61 53
62 25
73 46
30 86
71 14
17 76
71 24
27 96
74 10
21 17
18 51
56 63
78 92
11 93
15 6
31 69
62 49
51 51
26 26
47 12
24 53
44 47
70 59
97 29
20 24
51 21
23 28
54 49
18 30
37 41
51 10
59 34
90 75
10 9
48 33
27 19
5 54
50 92
32 50
62 42
35 96
80 78
16 23
85 91
21 34
78 2
7 49
20 70
70 10
97 15
53 96
57 72
67 17
97 59
98 32
56 98
89 38
53 3
75 62
27 29
92 61
1 36
64 67
64 87
92 6
58 41
41 7
44 72
86 61
42 64
24 75
92 19
77 67
86 51
20 97
95 62
7 8
61 60
2 62
1 58
94 41
52 80
44 1
58 3
13 11
56 90
29 13
8 22
83 67
37 22
70 70
38 17
79 75
28 92
89 78
37 54
66 2
24 49
63 71
44 11
50 99
46 96
95 1
89 59
82 17
39 3
2 8
37 48
14 53
75 28
63 97
95 12
73 42
83 81
42 43
84 94
93 88
6 77
6 99
9 63
77 33
65 13
