162
96 94
35 52
55 85
36 57
4 97
44 27
46 20
31 5
67 46
12 60
87 74
95 47
37 44
15 19
81 55
3 43
63 61
61 31
64 88
50 35
59 48
80 69
40 68
73 51
5 10
97 63
26 40
30 79
22 97
15 33
64 6
51 64
99 38
1 72
22 12
8 90
60 39
41 95
19 23
33 81
92 94
74 96
42 1
86 92
34 89
14 87
57 7
18 65
79 50
71 2
89 32
88 56
23 45
49 83
20 0
24 76
54 28
76 8
93 54
85 84
66 30
84 34
7 67
38 14
70 13
56 73
9 25
69 6
82 80
21 3
0 86
52 9
27 18
94 75
68 99
53 82
72 41
90 66
62 11
25 62
11 16
2 53
16 24
96 70
28 15
45 71
47 98
6 36
77 17
65 78
17 37
75 58
32 22
83 26
78 91
91 77
51 91
99 26
67 22
1 58
12 37
87 78
8 79
60 17
41 36
19 98
33 71
81 15
92 70
39 24
42 16
86 62
55 10
14 11
43 66
57 41
61 21
18 49
71 69
89 48
88 82
49 75
20 18
24 9
76 3
93 80
50 25
84 13
7 14
70 34
29 30
9 35
69 88
21 8
0 28
52 76
27 0
94 83
53 56
80 2
40 50
58 65
72 7
90 29
73 89
5 85
25 92
11 1
16 42
28 55
45 81
47 23
10 44
77 39
30 90
65 74
17 60
75 72
32 46
83 38
78 64
91 5
