150
10 65
87 16
42 75
82 56
37 85
10 84
86 39
48 16
52 50
81 44
27 84
26 30
67 13
96 3
52 42
20 31
80 97
52 90
81 71
75 37
67 54
65 29
2 34
22 67
77 21
10 41
93 47
97 37
92 32
47 45
98 93
23 37
10 94
46 94
49 1
47 85
7 72
47 53
72 18
54 77
74 0
64 16
96 51
10 45
61 63
44 56
17 14
94 87
52 35
43 32
27 54
39 19
17 53
76 47
0 55
58 17
6 43
60 23
29 63
50 95
20 8
17 0
57 54
20 44
26 57
59 91
35 14
35 96
16 92
63 79
98 11
4 38
95 58
2 22
16 30
57 31
73 27
97 76
11 75
63 90
86 21
14 23
41 71
50 74
19 77
11 18
25 26
64 72
5 50
39 27
57 97
63 37
95 44
4 88
52 18
79 66
55 44
81 63
0 11
22 59
77 59
68 90
54 73
31 16
13 32
78 12
20 25
6 35
14 82
58 27
45 10
99 16
51 24
65 23
71 73
66 95
77 6
59 10
99 0
98 65
87 44
80 93
91 90
17 86
44 18
70 46
49 81
72 76
67 71
60 1
58 13
24 45
89 80
10 0
85 3
65 64
85 30
48 11
41 45
84 25
62 95
19 69
86 52
44 98
50 68
22 88
77 88
91 96
14 38
33 27
