155
46 68
61 58
72 66
69 87
2 29
43 42
50 61
12 17
44 23
50 3
0 68
4 94
57 31
76 86
11 46
56 64
16 41
93 35
40 46
66 0
27 45
64 79
36 63
59 86
23 63
91 39
19 71
77 67
95 38
76 98
70 96
58 74
72 35
59 43
15 2
52 26
30 79
27 12
94 7
60 93
25 48
45 92
80 49
98 51
6 85
44 61
11 80
53 1
20 74
92 95
24 34
10 84
64 25
91 77
34 93
79 21
88 91
62 75
83 29
11 58
29 4
9 51
12 34
37 28
17 15
72 44
1 45
34 34
86 21
74 82
69 48
16 31
27 74
29 68
26 23
17 53
22 23
1 0
89 82
26 78
48 93
69 62
80 17
53 92
38 78
38 53
38 85
7 73
13 63
80 34
73 70
55 6
58 2
2 8
0 57
28 54
65 85
80 27
32 64
3 23
34 78
30 95
30 83
77 42
9 65
17 63
70 79
69 8
4 61
87 6
58 17
41 62
96 28
79 80
27 97
91 22
51 42
85 76
41 0
90 52
23 97
19 5
38 2
29 42
90 74
7 41
95 24
2 51
95 96
75 79
9 37
63 67
99 79
97 41
98 75
82 20
84 36
21 86
29 51
84 45
66 14
34 41
63 62
85 61
34 89
57 67
64 44
40 18
66 31
3 40
51 81
44 89
5 44
22 46
49 70
