179
13 17
12 95
11 86
94 14
14 11
12 4
3 5
1 19
13 35
2 12
22 4
47 84
35 32
23 58
12 75
14 45
82 15
49 14
33 19
45 8
71 26
42 19
91 19
22 19
33 12
45 95
32 91
28 3
32 4
72 19
12 26
2 34
1 99
22 24
45 48
22 89
74 15
1 1
57 14
4 55
11 91
33 7
39 5
45 4
13 55
33 98
18 39
22 46
49 54
33 47
55 8
66 4
73 5
89 5
95 4
41 1
63 12
77 34
84 1
11 81
1 66
81 19
3 47
5 58
6 64
3 75
5 94
37 14
16 54
23 65
39 75
91 26
78 39
23 76
52 46
28 35
27 11
93 47
32 54
43 67
55 78
66 84
73 95
11 66
52 19
63 92
77 14
1 91
33 27
39 65
45 74
81 26
42 12
18 79
8 35
27 31
49 41
5 8
6 4
9 5
84 18
16 4
21 1
14 88
11 39
14 98
33 37
10 11
89 15
15 38
13 48
13 7
13 76
23 5
73 26
27 1
43 7
32 1
51 15
13 21
12 1
12 25
10 77
2 99
4 35
33 18
82 12
71 19
33 92
47 14
92 21
21 91
72 15
23 18
32 12
41 19
16 44
47 94
45 45
35 30
32 21
23 26
2 4
3 7
3 18
3 12
14 8
12 46
1 21
3 11
45 84
45 85
35 35
84 15
23 55
10 88
22 1
22 56
5 4
10 97
2 19
94 15
12 35
9 85
11 36
92 12
93 12
11 11
95 14
13 86
14 37
92 15
10 18
12 85
10 87
11 4
13 5
14 4
14 12
