145
18 94
50 54
33 8
98 13
25 42
16 4
2 60
89 33
35 68
75 87
39 11
54 40
62 63
90 75
1 42
33 37
65 31
82 91
13 98
4 35
20 67
20 47
90 49
35 24
78 84
35 46
14 32
91 22
61 50
59 87
33 14
72 96
28 69
24 9
18 23
45 30
59 23
80 0
87 82
1 70
54 81
81 28
52 34
16 74
11 36
36 21
76 51
18 18
3 75
63 19
23 50
27 11
45 77
30 44
27 2
22 92
77 3
35 79
25 65
94 20
75 69
91 99
64 15
49 71
70 48
79 17
44 95
1 57
98 64
90 27
62 25
54 73
76 78
90 8
7 63
95 62
22 83
43 90
87 88
41 56
43 72
42 26
17 38
53 53
85 85
85 30
67 5
30 58
53 9
51 80
89 16
66 0
36 4
22 62
85 36
83 45
60 20
91 92
8 54
40 64
35 18
37 88
70 85
60 59
58 17
34 43
98 56
86 53
57 27
78 24
30 19
13 93
96 38
1 81
98 68
46 83
86 58
7 40
10 57
30 73
91 78
24 16
28 86
65 55
3 21
66 80
94 28
78 99
11 84
87 44
29 49
37 76
72 32
57 61
11 10
42 8
61 1
76 47
14 77
87 71
65 72
81 79
49 94
27 33
19 98
