150
42 40
46 86
74 36
22 31
25 57
80 71
38 4
96 98
33 52
63 11
24 38
57 65
31 71
93 3
76 33
45 69
69 23
67 36
69 83
24 48
61 73
85 6
15 63
70 39
44 17
51 88
67 99
37 94
94 50
12 82
58 36
19 4
68 47
80 89
91 62
64 29
47 56
31 10
95 69
47 77
23 43
14 43
98 78
20 87
14 4
53 94
23 6
19 80
38 61
80 39
66 63
69 17
34 91
86 67
60 51
51 81
4 59
92 13
51 34
2 32
23 1
78 5
81 36
79 19
36 10
63 80
27 45
2 16
37 89
48 96
31 47
89 59
74 1
27 81
54 62
8 42
52 30
8 97
27 93
6 66
83 93
24 15
45 8
41 24
71 13
82 76
6 39
34 26
70 5
60 43
61 0
68 0
0 25
77 57
40 58
76 15
86 98
63 89
57 76
13 36
85 41
42 98
30 26
47 41
31 95
36 39
31 79
1 52
46 3
17 30
2 39
16 73
26 78
47 62
73 41
21 65
53 21
99 31
11 66
85 81
85 49
4 75
88 55
76 22
15 10
21 10
34 77
48 15
75 11
16 1
27 86
35 18
0 71
18 43
1 0
85 0
56 57
2 63
43 83
41 62
43 28
2 83
3 56
61 6
7 11
64 5
4 88
30 33
30 20
84 12
