157
10 5
84 25
58 49
98 80
46 72
34 89
35 37
44 7
16 42
29 31
72 11
21 2
71 85
26 49
47 18
1 59
57 96
63 17
16 18
79 18
53 82
33 61
55 56
38 89
66 14
38 83
87 78
24 39
74 84
94 23
36 96
57 21
6 84
18 93
2 9
54 12
4 35
71 15
31 13
32 96
16 67
14 54
66 26
25 0
64 41
49 1
77 32
49 88
62 68
41 66
23 18
48 4
25 98
28 62
14 32
59 39
3 13
9 28
21 48
47 84
1 55
88 48
16 4
93 7
43 10
52 47
0 92
60 79
19 30
76 95
90 66
29 73
43 2
26 82
87 19
53 42
9 37
52 65
36 20
95 96
34 69
10 68
78 45
72 30
36 24
96 19
80 72
56 8
12 78
24 94
76 78
45 61
7 22
92 11
26 56
24 13
99 35
49 48
82 15
78 8
93 84
13 66
73 36
32 20
28 28
50 10
30 79
32 4
52 15
70 73
96 49
43 97
11 42
61 26
91 18
25 69
60 11
64 37
92 49
71 40
51 52
85 41
23 24
18 47
58 83
73 26
52 39
13 82
83 10
95 89
56 92
84 47
17 59
11 23
9 14
10 18
84 88
85 72
41 45
95 32
71 94
8 75
87 23
93 71
69 81
54 4
98 66
86 0
89 32
19 21
20 7
30 44
34 9
4 93
70 47
87 59
41 31
