163
89 79
54 68
61 67
90 58
11 37
49 55
9 92
6 13
26 30
19 24
14 44
63 48
50 72
38 52
2 1
11 74
76 99
98 49
71 17
60 32
50 23
82 5
34 39
26 25
20 12
19 93
73 21
12 11
6 43
96 33
55 97
13 28
89 62
0 70
11 43
1 87
67 23
16 90
88 13
85 70
46 99
72 44
8 7
39 38
30 87
7 51
78 19
86 90
92 38
75 68
98 71
72 25
29 48
4 94
54 23
48 63
45 79
5 80
1 58
93 62
27 35
66 94
11 23
64 30
79 78
0 18
21 55
48 38
50 92
69 28
49 2
82 97
54 62
80 63
31 45
99 26
64 34
68 70
44 29
31 41
89 22
81 45
22 5
51 34
84 63
97 80
99 64
32 21
74 16
36 0
71 33
33 15
20 49
84 67
4 24
0 33
57 11
27 94
34 4
53 83
62 87
80 14
8 2
50 10
74 40
30 57
84 10
99 40
64 71
31 81
80 57
15 84
9 48
15 69
64 81
71 41
55 6
54 10
17 8
16 61
5 57
2 28
53 75
44 24
31 53
54 30
16 16
42 50
39 71
34 29
42 42
90 93
42 85
10 80
78 95
50 18
25 19
87 95
61 8
71 94
67 7
35 66
96 67
98 3
41 0
10 31
37 89
47 15
66 53
62 24
1 79
66 42
67 3
89 51
24 90
33 93
37 3
38 22
25 60
4 85
64 77
28 5
81 54
