150
80 52
73 26
55 0
35 80
51 26
23 34
58 54
79 37
81 24
76 80
41 43
46 47
55 34
88 82
55 85
13 87
69 78
43 35
95 95
88 60
47 70
35 91
8 63
44 78
73 91
4 84
25 41
31 28
37 31
51 96
36 25
24 24
64 85
59 48
83 91
79 5
18 54
33 6
7 50
22 7
44 73
75 53
63 13
21 13
4 15
87 11
39 53
20 65
5 68
22 92
20 80
62 26
63 35
66 16
11 33
42 9
1 99
47 51
69 61
32 12
14 2
40 64
55 52
41 94
7 71
23 79
32 98
15 55
88 88
43 26
97 76
1 10
54 27
69 21
0 22
36 19
15 29
19 57
22 59
26 28
53 78
65 60
54 49
69 43
0 16
61 99
66 39
97 49
85 54
4 7
81 47
48 19
38 7
57 71
27 93
75 39
69 66
98 73
66 2
64 98
88 97
86 46
13 18
28 36
50 61
22 71
39 97
91 47
51 42
90 10
25 66
35 36
82 98
76 66
14 25
18 83
55 13
31 46
1 1
66 52
80 61
41 75
93 2
29 4
61 80
49 7
6 26
4 62
61 45
23 53
30 80
28 48
39 49
12 36
89 56
12 79
75 47
97 0
75 98
20 18
36 41
14 59
94 40
28 20
1 63
13 8
63 20
55 30
43 48
52 83
