165
64 2
27 92
32 1
85 26
46 46
23 81
37 59
60 12
51 12
8 2
42 1
64 56
94 82
96 27
1 6
31 42
47 90
2 20
71 53
77 36
73 67
18 87
14 20
43 93
28 66
9 86
49 73
10 60
71 62
42 77
31 55
1 39
17 48
85 12
76 5
93 22
69 48
36 25
57 8
99 74
94 32
23 69
23 35
97 7
88 60
65 84
74 9
76 73
80 45
0 62
4 33
98 96
88 30
92 12
73 48
28 11
56 79
19 59
39 94
86 90
50 3
92 94
55 94
5 89
19 52
16 80
86 66
22 47
96 10
82 37
94 88
91 69
2 99
61 79
32 60
44 72
8 28
92 43
5 81
10 25
38 76
57 16
98 31
42 86
59 86
95 74
87 17
85 54
79 83
40 67
98 21
1 2
73 38
2 29
16 70
15 56
39 40
3 10
5 76
66 20
69 18
32 99
75 59
66 67
5 65
14 92
51 67
80 58
27 85
22 94
84 19
63 37
31 85
69 91
36 50
48 38
62 90
95 18
67 34
59 97
84 45
98 57
7 59
60 64
43 43
94 97
60 35
20 31
14 11
69 65
12 40
71 7
63 73
39 12
39 45
36 64
95 35
84 85
75 1
73 42
28 32
98 91
54 26
72 33
85 2
85 79
79 0
72 84
57 0
6 42
43 68
55 84
19 75
0 53
11 48
80 26
53 6
54 53
38 5
63 26
65 29
41 7
31 25
61 17
30 91
