153
85 15
31 57
63 92
75 30
50 37
65 43
16 45
50 89
87 93
80 33
53 70
21 39
96 68
13 32
83 20
65 66
57 22
17 8
69 47
10 11
68 75
1 7
80 22
30 35
88 72
85 90
89 10
72 18
80 77
30 63
83 51
36 14
97 65
22 5
32 48
85 84
56 38
81 44
69 16
46 99
46 45
22 9
60 4
1 64
28 74
89 22
8 45
57 33
22 63
5 7
72 57
43 66
51 78
17 27
52 23
15 48
51 2
7 84
18 59
36 30
2 91
38 26
41 15
74 99
40 31
61 39
96 14
63 8
82 68
96 48
34 23
93 40
42 8
99 9
68 32
39 66
88 87
78 17
6 94
40 37
34 42
2 35
57 74
88 56
76 71
44 26
75 52
76 14
97 45
73 90
73 45
26 68
3 96
96 96
57 92
15 72
24 71
27 26
7 59
42 52
40 60
9 3
14 94
41 0
53 56
99 23
60 68
88 63
6 72
1 49
5 53
39 56
39 72
27 82
95 89
1 1
69 12
89 82
30 0
55 64
75 93
15 82
5 26
10 71
44 36
25 1
14 78
32 82
21 15
5 33
22 50
12 50
91 1
16 98
92 85
7 19
35 63
73 12
49 15
88 79
34 91
97 55
2 87
52 82
44 56
94 52
65 36
14 90
99 98
34 86
89 99
52 65
34 58
