157
17 34
94 92
25 71
0 77
71 86
34 86
89 15
88 68
75 51
85 1
16 23
97 20
75 66
66 69
62 55
62 14
83 50
32 50
83 68
56 29
44 44
28 27
19 53
67 27
25 65
6 74
5 29
69 48
13 59
31 32
26 57
2 15
42 50
64 3
76 22
57 51
8 13
70 40
30 37
72 11
46 99
34 35
19 61
58 94
99 50
21 74
86 84
27 39
68 35
9 5
13 14
44 54
96 14
88 92
75 74
44 30
28 88
16 11
37 4
8 20
90 23
76 86
2 46
38 84
61 21
23 46
80 13
39 49
34 47
32 89
69 8
80 92
61 32
23 99
47 93
72 3
91 84
78 42
51 45
30 78
91 40
35 44
75 47
58 83
67 41
23 33
99 62
65 93
97 1
6 46
24 7
47 79
98 83
63 51
65 7
1 9
67 74
31 3
61 86
49 89
40 94
6 63
63 10
57 86
35 14
67 15
14 95
71 56
49 36
48 83
79 30
19 68
26 53
77 96
99 58
94 68
1 99
97 66
70 18
96 5
64 82
72 49
98 29
10 25
41 87
93 72
64 18
74 55
30 18
3 51
30 22
57 44
56 74
81 60
43 91
74 40
8 1
27 45
60 1
46 61
76 58
77 6
4 20
55 92
38 45
51 79
56 61
93 12
90 33
27 75
45 82
42 37
71 71
15 50
2 55
37 62
15 30
