153
81 15
35 28
1 6
44 37
43 28
64 3
88 39
83 25
57 50
97 7
26 16
45 59
89 4
71 21
38 50
32 99
36 64
84 56
10 79
88 32
96 59
74 66
44 83
32 83
51 4
97 19
66 32
64 59
56 36
28 6
54 97
59 0
73 93
62 85
39 67
46 4
34 86
8 2
74 35
66 70
67 11
69 50
92 28
5 89
43 56
77 48
93 57
52 7
9 82
40 74
64 28
37 16
55 91
50 31
39 19
59 67
63 75
49 77
49 21
3 53
9 87
78 60
36 80
11 93
64 93
99 89
65 36
1 28
67 27
51 28
13 27
77 80
80 35
48 93
82 68
72 90
15 14
64 23
90 86
54 53
29 38
90 44
97 55
47 52
20 90
59 88
68 5
38 13
26 36
73 84
67 61
96 82
78 72
77 31
18 62
88 76
50 40
6 62
91 79
47 11
20 14
51 37
15 55
1 76
86 63
37 70
66 55
4 92
52 20
99 85
81 81
60 81
14 20
10 42
30 0
85 11
7 48
22 38
7 55
17 5
2 25
3 60
46 48
70 74
32 40
37 96
71 31
44 7
84 73
42 93
95 77
58 33
63 46
13 70
4 80
55 79
70 46
67 86
24 76
63 51
61 31
48 43
33 6
4 1
53 14
68 37
44 63
33 36
44 76
35 12
35 19
60 5
33 24
