140
76 93
98 57
10 46
51 19
53 34
96 25
28 31
39 3
53 10
3 15
64 74
26 97
35 94
87 23
67 10
43 69
38 49
76 1
14 26
97 76
61 10
22 76
26 61
12 8
60 54
55 19
36 69
23 65
3 66
5 60
40 61
97 35
75 64
48 45
45 18
17 99
81 5
73 48
71 83
8 52
1 25
85 90
8 73
2 38
36 58
34 64
67 88
61 72
42 46
17 9
95 6
2 89
47 14
32 55
24 93
39 35
57 94
50 67
94 99
74 14
5 6
18 69
53 25
19 46
76 77
74 41
98 44
29 75
99 6
8 37
99 98
97 11
85 41
29 87
80 48
43 7
51 73
53 91
37 13
83 97
67 60
26 13
54 60
66 57
16 32
46 97
61 32
23 79
59 97
51 29
26 25
21 8
10 94
71 97
86 3
70 73
62 51
57 59
10 70
4 86
94 37
16 16
92 28
37 77
56 74
2 75
57 4
62 44
6 25
28 69
34 34
87 51
46 64
45 91
45 73
70 44
46 8
37 38
39 52
79 60
2 99
26 18
67 40
50 53
29 47
26 77
99 63
20 20
95 89
77 15
30 11
75 33
87 16
0 49
64 47
55 44
76 82
13 96
26 34
80 94
