149
40 48
6 31
72 28
51 52
8 40
64 40
83 58
36 59
28 81
84 26
83 5
54 29
28 55
78 67
93 39
79 57
83 68
41 69
81 21
46 96
67 69
16 16
33 94
8 24
78 22
28 99
23 16
98 44
65 19
20 61
36 82
12 68
25 72
20 29
48 15
13 94
48 76
56 90
70 87
11 17
41 24
81 1
82 83
26 65
49 28
93 15
59 80
55 37
45 54
63 98
47 58
52 91
34 55
47 79
47 19
24 47
63 62
28 59
36 6
11 59
20 99
60 10
91 47
80 92
66 82
62 54
33 51
58 74
88 89
29 8
12 48
34 63
32 73
74 85
52 74
10 78
61 22
49 38
71 0
52 43
92 96
56 47
63 30
79 8
83 53
12 14
38 12
68 52
5 56
17 49
80 41
47 62
99 70
2 8
65 23
26 43
44 25
43 97
24 51
7 60
61 46
35 18
96 13
9 95
97 2
40 29
4 84
49 33
59 43
32 46
19 24
3 59
61 73
39 7
34 68
44 91
21 53
23 56
37 30
4 14
96 24
4 40
32 19
39 55
96 62
41 60
5 47
9 28
15 98
82 15
0 51
92 58
12 85
23 11
73 98
13 82
1 24
38 62
32 1
20 1
87 0
66 32
55 41
13 89
51 98
43 14
35 41
50 94
13 56
