162
99 72
75 57
45 46
20 87
71 8
42 27
8 33
55 82
45 8
22 47
66 3
64 23
32 13
97 86
43 70
82 16
74 84
51 94
73 68
6 68
7 82
23 58
28 26
49 39
99 46
32 78
36 21
68 55
55 75
67 67
27 65
56 43
1 99
90 64
35 77
43 91
64 82
9 67
65 85
66 35
30 21
30 73
73 96
33 43
11 78
40 59
55 15
10 99
44 75
65 61
83 52
41 87
12 58
48 99
3 37
12 95
77 43
82 88
72 14
5 51
61 18
23 42
35 60
43 34
70 79
56 18
48 72
90 58
99 99
30 6
65 48
83 5
78 60
33 19
15 48
15 57
89 89
36 67
96 93
11 7
56 32
61 50
92 88
79 47
91 44
94 1
49 10
99 40
81 65
40 81
70 40
42 16
82 62
85 60
89 79
77 4
9 27
1 70
3 7
16 12
51 27
75 36
35 2
96 15
71 99
33 87
1 65
81 37
86 12
33 69
31 38
63 88
62 2
36 89
53 44
29 32
36 31
98 21
40 65
84 42
53 58
9 16
42 51
48 80
55 27
10 30
3 74
68 24
35 35
1 31
55 95
38 7
62 59
43 78
1 82
62 79
97 33
15 1
42 37
59 5
42 62
10 3
54 53
1 49
15 68
14 82
91 23
93 13
34 96
27 3
84 81
66 43
64 96
40 96
56 49
57 87
90 50
48 54
8 95
52 40
23 12
81 84
