89
43 75
38 70
78 37
72 63
71 36
71 2
62 2
55 20
49 36
22 26
34 67
56 57
63 65
55 73
71 69
82 62
41 85
48 85
56 85
70 57
70 44
71 28
71 20
55 32
41 24
37 4
32 2
25 5
35 61
62 59
84 45
31 81
71 11
27 77
36 84
62 84
69 78
57 7
43 35
42 31
40 18
38 11
22 10
22 17
22 33
22 45
22 54
23 60
42 58
60 70
51 74
84 54
84 38
37 77
65 83
68 81
56 11
56 26
39 14
22 37
22 41
23 51
24 65
24 69
25 72
46 58
50 58
80 68
83 66
83 57
39 57
47 55
34 75
70 51
55 14
77 69
36 58
52 55
61 55
65 61
64 68
52 85
66 2
54 34
38 74
34 64
48 77
33 72
78 63
