153
66 12
74 14
79 96
14 89
45 75
41 49
42 28
30 22
78 62
57 39
81 6
21 22
2 38
63 32
48 7
10 12
5 41
13 93
90 42
94 59
93 90
79 36
72 86
48 35
52 60
3 22
51 29
85 95
94 72
41 11
16 13
32 61
89 18
92 27
6 84
57 69
34 57
26 83
51 52
63 70
11 79
73 23
97 85
57 43
15 52
50 72
54 51
38 40
56 30
96 51
12 56
29 95
61 93
64 60
15 9
43 67
76 84
0 13
27 51
25 1
47 50
92 78
29 31
44 37
11 70
38 5
49 46
94 55
44 14
52 90
33 89
29 54
34 66
97 58
45 40
33 3
42 92
32 78
16 26
48 89
82 14
90 48
39 43
93 0
13 30
98 80
12 22
1 65
84 30
95 30
4 32
19 11
35 93
22 13
94 10
42 20
61 2
57 98
47 97
89 52
42 80
49 86
18 76
82 71
63 38
55 64
95 46
22 96
74 2
69 79
98 73
99 19
2 16
72 93
14 67
37 86
18 93
91 33
42 4
6 50
33 97
78 51
58 9
82 24
64 94
78 89
96 42
54 4
40 59
69 24
21 65
60 31
81 17
69 39
84 53
51 82
3 9
26 48
47 58
25 15
52 9
33 18
87 13
76 68
29 10
95 3
14 49
2 45
12 5
47 0
73 29
91 22
56 16
