154
32 52
94 40
69 9
78 38
8 66
36 69
49 90
28 6
41 67
8 8
24 31
20 69
22 73
52 81
9 52
33 78
97 81
50 27
84 6
12 21
88 32
84 35
37 22
55 76
87 90
23 14
86 62
45 86
88 51
72 72
74 98
42 39
24 83
37 77
98 37
68 47
68 27
80 46
64 94
24 49
80 89
45 96
71 28
94 21
9 35
32 97
84 15
97 85
27 11
57 64
61 32
72 34
55 5
15 2
65 41
14 51
98 19
64 36
81 79
60 44
94 61
5 71
18 26
55 26
46 0
22 65
23 18
28 87
32 47
50 73
97 29
23 6
8 61
95 53
95 64
77 78
64 75
54 36
88 7
44 26
44 63
13 54
63 97
10 45
16 6
50 39
28 27
94 48
15 44
77 41
40 87
14 40
28 56
55 31
19 48
80 16
3 43
49 46
13 96
59 7
90 11
11 81
78 92
41 0
73 11
89 1
39 91
64 71
60 85
67 90
87 10
74 21
75 67
93 12
18 35
43 12
41 50
52 17
47 60
97 34
85 96
57 54
50 1
73 41
41 6
19 88
59 37
86 54
90 27
3 22
46 29
42 3
37 54
52 47
76 0
83 41
35 14
92 57
82 25
64 8
98 6
30 16
22 42
76 50
42 29
28 2
68 35
51 23
16 84
2 4
51 69
14 60
12 71
70 13
