150
68 4
6 69
0 50
36 11
55 76
41 90
64 61
43 76
97 66
8 53
57 13
86 81
18 80
34 45
73 27
93 24
20 42
6 22
66 70
43 1
75 66
46 66
76 75
96 58
43 93
84 28
36 91
9 29
19 11
12 22
38 66
17 68
64 33
2 43
57 46
29 91
2 5
25 23
55 86
68 36
33 53
41 81
24 51
50 49
10 16
94 49
85 88
64 44
4 12
63 93
92 41
32 57
17 90
12 82
8 86
2 64
21 71
26 32
87 22
40 19
66 81
28 86
11 74
54 95
70 49
4 18
21 35
8 60
28 56
82 44
6 93
61 37
33 30
80 40
60 91
29 46
56 19
0 24
20 95
84 24
74 63
85 61
76 55
17 41
24 16
89 16
77 93
13 12
7 25
97 18
39 13
62 98
38 85
51 37
77 0
92 93
34 27
44 35
82 91
15 15
48 41
88 68
98 82
79 69
3 88
93 31
84 52
8 13
99 15
47 86
54 56
78 99
30 33
95 80
25 48
43 49
30 0
35 39
2 96
55 64
69 72
85 38
12 32
24 85
92 79
15 35
98 39
18 61
5 4
93 14
67 19
16 51
15 30
47 8
42 40
24 65
71 78
46 55
60 54
59 22
29 5
50 64
32 63
39 30
21 48
60 1
32 8
71 5
5 66
53 72
