151
47 13
71 95
19 3
24 91
38 30
43 92
57 46
74 6
92 40
4 54
5 20
32 87
20 8
62 14
33 37
83 67
79 21
33 60
42 36
10 51
21 36
84 89
98 74
65 72
16 97
8 66
98 65
93 31
57 35
43 62
16 53
64 81
24 97
82 1
49 17
35 19
0 44
25 40
42 85
73 15
95 98
23 54
10 89
76 84
61 96
65 88
16 75
69 3
11 97
58 64
99 2
72 52
31 41
27 66
9 86
34 55
45 77
63 60
78 71
28 80
50 53
80 91
27 29
46 6
67 78
83 24
94 48
38 56
75 35
76 30
62 43
63 85
20 81
58 87
52 99
22 69
64 39
3 41
90 34
68 57
73 11
49 1
15 32
2 17
93 26
44 31
86 70
59 7
79 0
88 28
25 1
15 94
70 80
34 6
52 0
58 74
95 4
46 45
1 27
77 79
25 82
18 89
66 32
63 68
22 60
86 48
73 21
84 83
14 72
54 38
30 69
88 78
13 56
26 49
9 10
99 51
50 39
44 55
87 59
40 8
28 12
70 46
84 9
91 87
21 42
13 25
41 24
0 56
26 75
74 48
60 17
77 10
11 69
57 67
78 14
82 45
29 94
5 85
83 58
4 12
51 61
50 27
79 64
15 47
28 20
34 65
36 59
71 30
1 88
92 53
51 12
