151
7 43
15 17
28 25
61 83
60 6
73 97
31 83
23 0
64 26
10 22
19 7
46 81
41 87
81 13
30 50
63 68
48 25
4 87
2 31
94 58
60 17
32 13
15 93
59 12
29 61
93 25
55 87
56 23
24 85
6 97
81 4
7 74
42 79
33 54
40 34
96 42
4 3
27 12
50 40
12 5
54 61
83 62
88 47
64 9
74 32
51 46
41 50
58 46
18 77
96 7
52 67
92 35
49 10
71 1
75 56
33 88
42 22
13 11
26 80
3 72
77 9
55 19
9 88
23 69
39 12
74 75
82 50
87 22
45 75
67 96
46 31
72 27
74 82
62 77
31 43
10 80
34 75
90 40
99 71
80 89
62 20
80 16
42 13
68 55
68 51
98 99
89 88
54 73
62 95
54 80
69 38
80 20
10 62
27 72
56 41
29 17
81 94
14 54
51 50
75 35
53 12
83 98
7 53
86 71
39 4
49 20
83 47
63 99
42 57
4 49
31 97
24 35
98 2
0 61
63 57
19 47
82 72
44 49
80 35
28 69
50 88
70 30
93 81
8 18
87 56
47 51
7 14
24 6
36 3
80 59
1 91
17 70
96 72
81 83
37 32
25 49
97 46
68 62
89 29
85 6
85 0
1 6
13 57
83 25
54 9
4 55
1 42
10 85
46 9
7 8
49 84
