146
55 68
52 73
15 21
62 91
93 34
19 40
8 77
54 3
72 82
68 6
32 79
4 74
28 59
35 66
4 30
39 35
77 86
87 34
53 20
12 3
7 42
0 5
51 14
59 97
54 9
15 94
17 83
82 30
80 19
73 41
9 38
50 82
34 11
55 50
41 83
71 28
68 99
33 96
5 68
20 17
68 10
74 99
47 50
91 80
4 65
68 0
37 43
90 87
76 62
24 80
1 88
29 72
41 68
97 57
54 88
81 61
90 4
82 38
72 11
52 65
67 61
83 77
95 10
57 14
36 52
5 16
40 95
85 99
72 23
69 24
42 15
93 59
75 49
35 70
19 65
46 44
58 0
81 41
82 65
22 63
82 72
99 95
95 50
37 57
12 79
3 38
62 52
65 12
26 23
58 84
12 32
50 30
81 46
1 84
26 49
93 55
34 59
19 53
82 22
18 3
18 56
17 26
37 79
43 72
32 14
16 67
86 18
43 0
2 93
52 77
30 2
45 6
89 1
91 69
64 56
5 96
99 22
56 26
48 25
21 46
11 26
7 53
77 20
41 25
98 17
37 29
34 42
69 57
42 92
32 67
23 57
48 8
68 72
30 26
67 37
84 0
8 93
68 47
81 68
40 61
42 30
84 49
9 58
51 86
35 99
56 73
