161
35 52
36 73
54 79
30 59
80 58
48 70
9 25
39 24
42 7
29 74
66 69
33 56
71 49
70 22
8 1
24 93
28 51
67 23
87 13
53 5
39 11
81 4
45 93
27 62
66 1
97 81
90 57
59 26
93 48
38 15
59 18
95 88
80 48
20 50
42 55
31 84
61 2
91 4
46 3
96 27
75 47
92 99
62 89
32 78
68 90
98 16
65 37
44 86
72 9
77 19
64 83
17 81
85 82
43 36
97 52
94 76
12 58
45 0
63 41
14 21
6 98
38 37
40 97
19 24
63 28
84 68
34 11
42 16
76 88
9 12
2 85
50 43
87 49
54 67
33 41
69 99
21 59
10 51
95 35
26 46
78 13
96 64
15 48
14 44
25 5
71 86
82 73
29 18
31 89
90 83
60 94
74 39
91 61
79 75
56 0
17 8
20 92
86 32
71 4
16 58
12 9
5 78
84 92
41 3
0 51
62 99
79 65
94 45
56 15
7 21
74 25
49 18
69 10
83 39
19 66
11 17
87 63
34 20
14 61
96 93
24 31
89 29
76 33
8 40
54 98
42 47
43 50
85 28
18 16
79 32
82 31
73 76
95 15
99 67
19 85
20 13
2 8
78 27
75 84
89 87
72 60
65 11
34 38
3 21
77 91
92 69
98 55
90 23
33 14
29 6
86 45
0 44
54 12
63 80
1 17
59 64
5 74
40 43
66 96
62 52
50 50
