148
75 36
26 89
86 35
92 77
37 52
36 84
49 66
94 98
48 15
11 2
24 7
92 89
90 2
63 58
49 53
43 12
25 34
47 73
51 9
86 3
79 19
97 33
4 25
76 74
68 79
25 84
8 52
71 83
93 42
20 85
52 62
13 64
68 7
27 59
63 89
83 30
96 24
59 39
32 30
22 74
28 5
56 21
65 54
54 24
20 31
30 57
92 26
33 95
96 53
34 23
0 0
57 52
32 62
33 33
8 61
57 45
12 31
69 92
81 57
38 68
1 12
20 1
73 16
34 9
2 38
4 11
3 94
79 62
80 39
17 32
13 80
73 9
98 93
20 67
39 80
86 21
38 63
69 41
16 69
57 15
45 59
88 94
2 33
29 17
63 83
40 26
69 71
4 70
5 77
32 70
25 1
50 85
59 97
47 49
89 67
14 73
94 8
87 88
43 8
60 79
24 68
44 80
0 77
27 39
97 0
22 61
57 28
63 23
17 56
97 18
24 43
99 9
99 27
51 26
9 36
46 94
33 39
59 3
72 30
21 28
83 46
88 57
37 91
36 37
17 97
77 1
92 54
31 13
15 44
64 92
91 21
55 98
51 30
76 29
42 37
18 24
79 95
16 91
42 64
36 78
37 22
88 70
74 25
68 27
52 17
89 38
95 74
92 95
