145
89 43
1 32
51 34
40 50
19 25
83 11
23 48
30 59
85 95
65 61
78 15
80 51
11 14
45 68
49 81
84 33
24 6
23 95
83 24
21 29
26 1
19 48
4 56
51 73
26 91
97 66
38 86
22 41
11 77
96 95
37 52
16 57
40 83
28 49
5 76
36 77
56 47
35 12
47 93
97 7
1 72
9 29
46 57
66 48
86 18
82 91
5 41
19 62
41 72
74 27
99 46
60 81
6 84
33 7
55 44
64 98
6 5
12 96
3 8
1 14
57 5
79 86
92 85
46 22
35 27
55 33
16 45
71 67
28 88
81 65
14 63
43 26
39 21
72 33
84 85
98 87
6 61
55 67
18 9
46 62
74 83
30 71
75 63
18 92
80 44
63 10
68 76
44 50
31 42
63 54
81 8
67 53
96 62
90 71
61 17
25 59
80 5
32 99
65 45
94 52
94 10
97 32
9 39
40 0
33 70
70 36
71 97
92 16
93 72
21 33
12 22
30 76
88 6
77 46
17 30
13 29
48 85
72 58
74 2
3 2
1 78
91 90
70 14
63 89
48 2
42 60
83 99
97 53
74 39
48 72
60 8
45 80
30 8
64 19
52 30
97 25
35 97
76 92
10 80
66 9
19 99
68 94
80 81
20 66
41 93
