158
7 56
47 51
49 46
55 98
57 75
71 13
76 25
78 31
80 12
0 31
0 59
6 8
8 87
11 2
18 61
24 72
27 54
34 49
43 68
46 12
50 16
53 53
53 72
60 5
72 4
72 59
79 91
82 62
85 13
88 75
94 11
0 52
1 87
2 42
2 56
3 51
4 1
5 36
5 81
6 45
6 53
7 18
7 41
8 28
8 99
12 26
12 64
13 61
13 85
13 98
14 4
14 58
14 93
15 20
15 27
15 34
16 52
16 68
18 8
18 28
18 87
19 53
19 98
20 35
21 84
23 17
23 50
24 58
24 62
24 87
25 75
26 84
28 4
30 0
30 61
31 16
31 32
31 82
32 25
32 95
34 6
34 21
34 99
35 16
35 54
36 33
36 37
36 46
39 11
39 16
43 73
44 25
45 37
48 61
48 88
52 95
53 45
53 89
54 42
55 28
58 45
59 33
59 54
59 93
60 58
60 68
61 1
61 64
62 41
62 92
63 12
63 30
63 84
66 59
68 26
68 62
69 99
70 0
70 31
70 41
70 88
72 9
72 96
73 28
73 49
74 74
74 87
75 52
76 9
77 43
77 61
77 82
79 86
80 71
81 24
83 19
83 46
84 84
85 71
86 55
87 0
87 89
88 34
88 42
88 49
90 7
91 20
91 30
93 49
93 62
93 72
95 83
95 91
97 87
99 22
99 66
60 74
74 14
