150
54 87
48 62
86 51
43 45
19 74
93 40
26 24
13 56
89 31
4 12
83 35
95 58
60 89
79 52
62 23
19 31
42 76
36 56
61 12
39 42
70 22
74 92
88 78
14 89
79 77
9 16
44 25
35 39
27 70
67 52
5 38
56 18
62 75
7 49
24 87
26 79
92 30
61 34
24 10
9 44
34 77
85 69
96 63
21 44
32 62
39 70
63 79
20 18
49 5
99 71
1 81
11 83
75 87
98 67
36 30
49 34
88 58
99 76
6 60
40 17
17 49
8 28
58 35
38 50
99 53
2 20
77 37
59 0
70 12
35 94
69 42
47 2
43 83
38 66
66 48
94 45
31 34
80 0
7 83
20 47
27 66
79 95
26 3
84 89
38 89
41 53
71 35
25 34
65 42
32 27
25 18
2 94
50 90
62 94
21 83
64 36
84 83
4 32
75 80
4 2
96 74
42 41
76 42
38 80
78 28
24 42
41 67
75 18
68 6
16 44
16 33
99 24
61 3
28 55
29 59
19 21
2 76
31 21
42 30
1 52
22 76
60 69
1 73
45 33
45 12
85 14
60 43
38 23
43 3
63 63
2 98
44 6
71 85
6 68
61 57
21 4
28 19
83 74
76 2
17 61
43 21
99 28
12 50
92 69
50 80
25 93
72 60
1 1
43 94
62 86
