163
9 98
40 20
78 28
45 73
19 76
44 86
5 49
1 87
69 16
26 37
87 18
7 38
49 51
86 65
33 23
86 56
61 92
35 35
44 17
67 2
17 11
62 44
89 89
9 19
61 6
94 58
25 94
28 49
61 76
41 65
88 78
90 14
71 50
0 23
27 46
90 82
98 98
38 70
53 5
37 57
57 85
90 5
14 59
1 94
76 87
84 27
1 98
29 32
49 0
56 63
35 99
0 5
91 60
38 48
82 31
29 53
28 6
5 8
12 25
93 64
74 66
58 54
63 37
79 69
49 25
42 56
84 86
67 24
29 91
81 56
10 46
53 89
54 76
53 29
5 84
1 38
97 29
81 81
24 6
55 97
56 20
5 88
96 50
87 4
10 88
40 39
6 42
31 56
93 97
61 70
16 62
0 47
25 61
15 28
36 43
16 32
8 16
83 76
14 66
13 79
62 65
81 17
68 35
28 85
42 68
87 33
73 18
79 4
64 22
57 36
71 22
29 26
22 43
93 84
31 77
2 63
82 8
90 41
61 10
40 29
81 12
16 48
21 48
26 17
3 19
52 32
41 50
32 0
72 13
62 18
20 5
80 46
73 98
92 32
53 49
17 52
49 70
54 70
66 85
41 88
26 89
95 2
24 76
62 26
20 0
58 77
79 92
65 47
68 80
11 5
49 99
54 35
97 78
80 96
76 33
99 48
64 72
96 5
84 41
95 69
12 30
77 75
40 84
