151
34 31
3 22
26 20
78 7
73 62
25 45
53 11
11 20
73 88
38 66
7 29
58 64
86 89
43 33
76 83
37 61
95 43
5 73
82 77
71 27
35 38
7 92
35 26
12 80
21 6
28 2
56 29
98 17
10 57
87 63
43 14
8 14
27 88
85 44
39 39
42 74
40 1
57 87
16 99
91 10
0 11
18 34
47 42
45 57
60 2
46 61
48 79
11 71
84 6
94 46
34 73
9 95
3 67
79 84
48 12
23 82
86 75
85 32
52 99
62 13
47 71
89 30
65 86
64 8
1 60
71 8
46 38
29 7
67 67
21 11
79 27
33 46
20 29
13 51
67 33
89 43
20 24
58 73
45 91
18 77
82 2
16 83
36 70
22 15
27 67
64 52
34 59
72 34
88 83
82 96
70 94
49 39
84 65
28 76
66 64
47 50
31 93
53 47
7 2
60 6
85 19
16 39
7 85
77 11
70 71
20 58
8 45
24 39
24 78
24 10
3 43
56 20
52 24
32 81
21 96
61 87
13 76
31 87
80 36
77 33
1 1
78 74
49 74
47 84
10 48
46 4
49 23
89 97
13 5
96 80
29 16
36 85
33 10
83 51
88 27
1 31
92 98
83 59
14 12
42 10
5 16
50 18
73 1
97 60
95 67
76 57
61 38
97 0
56 14
29 21
78 61
