153
61 38
83 64
77 91
3 38
24 14
36 81
40 73
89 21
4 64
22 50
43 87
31 41
35 15
72 59
56 53
3 76
28 18
17 26
85 30
46 50
9 87
65 65
74 74
88 13
86 69
73 97
86 3
70 9
69 52
12 72
97 48
63 12
83 92
34 77
3 26
11 52
78 32
15 46
60 32
25 47
56 21
39 70
43 71
60 90
41 13
27 5
78 96
39 85
68 95
99 67
76 24
45 80
88 79
82 29
27 50
7 69
12 58
45 0
25 21
85 43
44 17
29 69
82 97
43 23
8 50
88 55
30 94
79 69
37 1
57 29
58 42
56 8
98 5
53 95
42 68
74 28
0 84
39 33
50 36
21 36
20 31
87 50
91 70
74 86
45 20
20 95
91 89
12 85
32 18
34 70
91 77
87 58
19 16
92 25
25 86
23 44
33 57
94 62
38 27
37 47
1 20
50 43
34 40
78 75
17 87
6 14
21 68
46 75
34 66
21 59
66 3
59 46
8 11
96 83
12 7
68 91
15 0
72 64
33 88
35 34
1 12
41 79
38 36
1 72
50 96
40 91
61 60
61 80
35 92
78 4
96 99
29 61
22 76
26 32
76 57
43 61
14 15
59 63
95 26
24 62
86 47
67 27
17 13
17 73
88 84
44 41
42 31
56 82
3 16
31 30
50 20
91 5
65 37
