104
19 20
27 46
6 7
11 12
23 25
44 4
66 44
58 46
88 8
34 42
74 26
21 39
14 24
37 14
44 36
44 8
31 28
42 78
20 4
88 72
2 40
8 30
16 31
99 99
11 44
29 23
17 49
42 14
36 30
6 15
42 27
22 88
92 4
50 60
68 78
54 86
34 98
59 76
84 28
88 16
36 60
37 26
2 60
92 10
12 30
32 74
84 54
78 80
96 26
36 92
90 42
1 6
36 9
33 22
3 9
25 30
10 2
29 38
22 28
2 20
1 45
16 37
39 40
49 13
2 30
29 14
36 66
18 52
72 18
46 50
6 19
45 72
14 42
16 74
42 54
20 76
39 80
49 26
31 56
17 92
33 52
28 42
72 60
61 56
99 30
89 60
67 52
91 66
81 78
71 52
61 12
51 18
41 48
53 50
98 19
49 38
96 72
86 81
72 69
61 51
99 3
67 5
39 2
14 15
