149
70 70
44 53
35 57
58 55
30 68
55 36
66 77
98 25
79 8
32 5
20 25
97 36
53 90
27 50
8 95
72 19
85 90
86 72
71 55
95 29
99 95
76 46
1 54
72 36
84 58
26 44
23 84
51 68
51 55
29 63
79 51
96 88
33 50
42 7
93 58
10 14
64 54
58 88
81 79
85 38
50 7
13 76
5 60
7 9
38 56
58 68
51 51
69 80
58 98
89 73
80 86
93 89
46 99
11 58
59 45
25 63
98 6
59 59
36 67
99 71
25 11
62 43
2 63
30 83
91 13
55 25
71 16
9 39
79 41
29 31
54 70
84 15
44 81
45 67
64 69
17 26
73 77
8 53
40 50
55 87
6 98
81 48
31 23
56 80
17 42
69 27
68 49
20 56
52 33
7 80
48 90
89 23
93 51
40 62
91 17
72 87
17 58
76 30
43 98
92 98
54 58
61 21
9 1
34 19
49 45
31 54
78 56
74 8
64 60
92 47
73 22
43 22
84 23
33 95
19 15
29 97
39 72
57 15
7 49
91 38
23 93
35 11
10 83
65 10
9 17
59 7
81 93
24 88
66 98
26 5
54 28
66 63
62 36
39 27
44 46
58 4
94 79
38 6
24 1
51 42
76 88
87 5
65 16
80 66
45 93
61 71
81 69
31 72
67 66
