154
65 25
35 16
7 81
99 72
2 31
86 20
1 76
82 41
16 36
66 41
49 0
82 1
57 51
96 60
19 5
31 97
13 68
25 55
35 79
93 83
27 86
69 99
3 59
83 93
89 41
48 45
75 21
92 96
92 33
47 12
38 21
26 8
32 5
22 89
9 43
1 84
15 22
72 10
17 2
67 91
30 35
98 96
24 42
57 66
35 95
87 72
33 8
22 53
62 92
41 82
81 15
55 32
74 44
19 21
90 74
21 57
35 43
78 57
93 92
58 56
51 35
62 8
89 50
58 1
15 49
38 64
65 98
76 25
42 21
63 46
44 70
14 32
53 69
45 89
66 33
14 83
63 84
25 48
13 63
4 13
54 27
86 6
53 63
80 68
55 9
95 80
98 82
98 3
75 77
81 37
25 95
38 84
78 9
9 48
76 48
49 74
38 89
88 26
38 12
68 6
99 93
60 98
46 73
26 16
93 41
59 35
92 4
50 8
96 30
66 57
95 68
57 81
85 13
83 60
77 84
32 32
41 3
71 67
68 10
46 22
98 49
55 78
88 35
11 22
81 63
71 85
95 75
41 94
69 80
74 66
28 31
24 27
50 64
80 45
15 87
28 40
23 99
43 86
84 48
22 83
71 56
1 95
17 30
93 24
56 24
35 58
94 65
85 57
3 47
86 97
68 17
19 11
3 35
1 28
