149
96 78
79 32
87 40
19 40
17 69
74 55
18 11
50 7
97 26
37 98
12 26
99 99
71 29
96 93
63 7
31 97
57 51
43 32
22 52
97 86
97 74
30 34
58 57
79 58
47 97
51 55
66 28
85 24
36 20
64 2
66 16
36 6
60 85
0 0
0 99
99 0
25 21
59 81
10 64
6 43
53 36
93 23
81 21
52 31
81 95
32 73
99 63
24 18
29 3
16 74
70 52
49 0
15 42
40 79
82 2
63 36
19 19
39 48
56 28
96 14
22 23
7 54
8 7
66 78
96 67
48 50
34 24
39 1
46 2
53 49
63 90
63 44
45 91
71 10
35 94
99 57
82 48
64 39
41 12
86 9
11 16
93 85
98 82
35 54
23 48
44 67
44 14
70 61
38 23
50 27
37 37
87 13
35 67
21 0
21 91
7 63
0 23
39 93
84 57
57 25
84 63
77 49
28 53
38 40
14 83
13 13
40 96
89 64
6 59
75 4
43 58
45 10
90 11
3 77
89 47
55 20
66 12
9 32
70 16
91 97
71 68
96 5
67 50
45 82
17 94
82 6
7 80
64 47
44 38
45 75
95 36
19 81
57 90
7 23
24 6
61 77
64 63
5 16
5 4
74 8
12 54
54 83
77 72
27 8
19 26
56 3
1 18
99 79
78 36
