158
53 49
5 18
98 82
77 59
44 63
46 39
79 4
78 10
24 54
35 34
86 53
93 7
36 73
49 3
89 81
18 62
32 82
48 15
57 17
89 3
9 90
87 63
86 60
79 66
57 36
13 22
83 19
87 78
77 54
92 18
18 70
73 88
78 1
47 85
54 16
1 70
78 34
38 92
73 26
46 54
35 23
65 14
51 92
54 79
74 48
42 97
30 19
87 18
53 61
38 84
2 87
43 83
61 53
15 40
17 74
37 4
40 66
34 14
51 83
92 91
94 26
62 96
2 52
79 40
56 97
14 88
44 27
27 65
64 7
71 84
76 70
28 23
17 34
66 48
48 10
77 45
12 51
72 8
13 67
34 19
61 46
27 16
92 80
70 11
94 97
9 85
96 94
66 44
88 86
32 25
98 57
4 49
1 8
85 23
64 62
45 91
60 61
76 38
77 78
64 21
15 15
10 2
6 75
68 51
30 35
78 23
8 97
74 31
45 8
51 66
66 28
13 43
62 87
28 29
51 24
26 98
7 29
61 10
55 56
65 57
49 29
43 37
7 67
72 72
88 91
63 2
31 58
47 80
87 56
88 66
45 70
35 8
4 93
49 44
20 58
1 94
38 26
75 21
44 79
94 72
98 50
91 63
3 32
18 9
44 75
70 60
67 9
87 0
20 75
32 44
11 7
24 28
25 36
11 77
84 88
38 13
7 81
83 3
