143
16 82
77 35
65 35
66 49
9 50
82 85
85 24
9 21
84 36
19 33
72 4
27 22
36 35
29 78
88 71
90 79
71 80
43 49
75 15
52 73
47 7
79 52
90 87
29 83
3 69
2 12
3 77
5 97
86 61
55 56
18 65
69 75
84 47
4 6
39 9
39 18
55 70
59 85
37 94
14 86
98 79
38 46
92 45
61 31
34 6
12 80
47 32
76 24
8 75
18 4
52 40
91 99
93 94
99 66
97 21
96 69
26 77
48 98
62 98
15 56
81 19
65 78
23 98
75 1
34 59
65 3
80 2
12 30
79 90
98 8
10 84
60 75
27 88
19 55
0 97
70 21
90 36
57 52
31 61
83 30
36 53
25 39
34 22
30 42
57 81
98 42
19 9
70 90
32 9
86 18
73 69
33 73
56 45
2 31
28 52
91 73
50 29
32 48
99 82
1 35
8 53
7 11
65 62
11 3
47 44
56 59
23 88
99 90
57 35
72 63
43 14
45 55
15 63
94 25
37 56
4 44
60 24
50 16
22 23
26 91
37 50
85 76
8 60
40 74
67 29
65 22
32 37
26 16
48 21
11 14
49 70
24 63
46 77
41 28
64 91
5 55
59 97
99 25
68 66
32 91
26 49
60 34
67 54
