149
10 52
12 58
89 40
91 91
13 73
79 10
59 66
76 84
43 92
94 70
70 99
19 99
0 36
5 83
57 21
8 44
66 93
94 6
41 87
79 34
82 57
78 95
3 91
2 1
40 97
28 43
27 97
41 18
35 84
1 11
22 7
15 6
5 65
63 35
55 97
77 51
83 84
17 40
27 79
48 28
65 76
35 99
52 48
4 21
96 87
55 68
58 28
68 30
31 33
38 25
18 35
87 3
83 71
98 46
95 25
70 3
67 22
89 11
30 6
86 21
63 51
42 25
33 22
49 10
85 9
85 53
27 7
56 52
53 79
90 68
48 3
62 24
73 74
92 28
19 78
7 34
75 90
23 33
7 9
11 31
84 28
91 15
90 95
10 66
90 63
81 0
45 35
28 55
31 98
4 45
36 47
49 17
59 57
26 22
40 45
54 71
91 34
22 91
83 64
95 16
53 17
39 5
50 83
18 29
74 9
99 61
88 92
11 18
48 77
80 29
67 35
51 52
75 36
71 31
64 20
16 98
40 64
78 23
48 87
11 7
20 66
11 35
63 58
28 30
16 24
41 2
65 54
97 11
14 92
13 82
17 14
74 41
98 21
78 16
23 41
85 47
14 65
51 6
7 2
20 87
9 23
45 58
32 88
51 93
45 12
96 67
2 96
75 81
12 76
