156
88 3
52 31
25 7
57 9
56 15
80 17
43 65
63 86
35 4
41 12
17 20
42 23
75 23
62 27
45 33
78 34
48 36
0 44
65 49
87 52
15 56
51 57
68 63
57 69
73 70
77 75
89 75
5 79
57 80
6 87
24 90
74 92
19 96
69 1
97 1
29 2
54 5
85 6
64 8
17 9
77 10
12 10
84 11
68 13
95 14
16 15
73 17
31 18
43 18
46 19
25 19
49 22
88 22
54 24
6 25
32 26
51 26
41 27
90 28
19 28
49 29
15 30
20 31
40 33
30 35
60 35
14 36
26 38
82 38
1 39
23 39
69 40
92 40
10 41
27 41
78 42
17 42
89 43
55 43
71 44
22 45
57 46
84 46
36 47
99 47
17 48
90 48
12 49
52 50
20 50
75 51
38 52
16 53
30 53
70 54
46 55
42 55
20 57
99 58
9 58
44 59
35 60
59 60
87 61
30 61
8 62
81 62
55 63
38 64
76 66
15 66
66 67
94 68
28 68
0 69
25 70
89 71
59 72
16 73
46 73
19 74
54 74
97 76
66 77
42 78
1 78
30 79
68 80
85 81
19 82
33 83
69 83
10 84
58 85
82 85
29 86
43 87
98 88
27 89
51 90
48 91
71 91
83 93
92 93
39 94
95 95
63 95
0 96
70 97
78 97
15 98
62 99
75 99
59 14
80 21
87 0
