116
23 16
19 13
26 12
28 5
16 23
27 19
13 10
33 11
33 19
19 19
29 25
3 3
16 30
22 27
39 14
4 9
6 16
10 2
21 2
21 7
7 12
1 13
2 17
13 4
15 17
1 8
7 4
9 7
10 14
23 22
30 1
23 3
30 9
37 18
2 5
4 14
17 9
19 2
20 5
25 27
30 22
32 13
2 10
5 2
5 7
8 10
8 15
10 5
12 2
25 2
31 25
1 1
1 2
2 1
6 9
11 11
22 24
24 7
26 27
22 10
27 23
28 26
30 14
32 17
33 9
34 15
35 20
37 12
38 13
38 17
39 16
40 15
13 6
13 13
15 14
16 29
19 23
19 27
20 25
27 26
29 2
31 23
32 12
32 18
33 16
34 10
34 20
35 10
36 11
36 19
13 11
14 8
15 6
16 20
16 21
16 28
17 28
26 5
27 10
28 23
29 8
29 19
30 3
30 7
31 20
33 14
13 7
13 8
15 11
16 19
16 22
16 24
16 25
18 11
27 6
29 15
