148
78 48
8 33
11 67
53 50
60 81
74 10
39 30
37 7
5 71
57 94
67 30
44 12
34 19
41 41
0 80
66 86
23 76
0 69
18 93
96 0
9 46
61 2
96 45
80 90
39 54
48 47
69 37
92 11
51 39
49 56
53 31
8 0
82 44
48 67
42 22
64 51
89 86
79 82
16 34
82 73
71 69
57 20
44 60
3 36
28 94
52 24
87 51
45 21
31 68
49 50
74 82
30 22
38 88
94 79
60 72
86 42
84 68
75 30
59 7
30 48
69 50
64 68
7 91
81 26
99 57
50 74
0 47
63 94
27 24
3 60
69 74
56 13
69 25
3 16
92 33
98 34
26 88
9 14
94 53
11 54
27 18
39 64
84 32
70 40
86 6
7 86
39 82
77 76
7 11
19 89
34 9
24 33
88 99
89 66
77 2
56 3
51 60
1 8
52 9
43 1
29 97
11 40
4 42
68 12
50 70
78 58
50 30
38 10
51 6
62 27
18 48
0 54
63 43
84 52
50 99
52 43
37 45
14 87
36 52
90 1
30 7
48 2
58 59
62 9
95 10
0 21
94 70
34 67
16 52
19 74
18 40
68 45
57 63
61 37
21 17
33 59
56 84
4 27
89 54
92 94
90 74
68 61
45 52
82 80
86 47
26 0
2 12
40 33
