160
72 54
57 30
85 61
58 47
91 57
93 30
45 64
76 37
96 95
65 4
34 27
9 70
28 86
19 1
35 37
24 47
67 26
56 39
96 35
7 47
33 7
73 69
45 15
23 12
58 54
2 94
74 7
19 65
66 64
17 39
59 75
46 89
20 60
16 84
69 55
20 56
13 32
50 71
35 68
62 71
3 81
43 50
50 15
65 47
40 86
98 8
55 61
80 91
31 58
63 36
41 41
54 57
92 7
73 2
16 72
21 94
3 31
59 59
38 96
83 15
7 77
70 42
80 73
81 51
47 1
38 14
12 10
90 42
15 63
6 87
8 24
66 90
61 56
0 22
58 83
54 78
48 43
9 29
71 85
48 30
49 27
32 52
67 84
89 10
54 98
58 92
6 57
97 14
94 77
76 61
78 79
82 97
51 32
15 15
62 48
81 3
98 19
58 16
21 77
97 74
66 10
55 4
47 69
68 20
73 13
70 11
53 93
88 19
44 19
57 35
25 63
32 70
14 97
7 6
28 90
89 68
93 87
51 82
4 64
27 28
28 98
75 90
98 30
47 22
74 80
4 19
35 93
24 72
49 66
78 65
34 17
7 18
29 53
21 27
70 93
81 28
9 62
43 38
54 88
23 18
48 50
43 76
60 67
48 98
77 72
90 24
88 56
98 62
62 0
82 81
30 20
77 19
45 54
44 47
86 29
40 73
80 39
46 60
59 43
75 50
