103
6 41
6 3
6 21
21 3
21 21
36 3
36 21
51 3
51 21
66 3
66 21
81 3
81 21
6 56
21 38
21 56
36 38
36 56
51 38
51 56
66 38
66 56
81 38
81 56
93 96
93 78
78 96
78 78
63 96
63 78
48 96
48 78
33 96
33 78
2 0
2 9
0 21
9 27
17 0
17 9
15 21
24 27
32 0
32 9
30 21
39 27
47 0
47 9
45 21
54 27
62 0
62 9
60 21
69 27
77 0
77 9
75 21
84 27
2 35
2 44
0 56
9 62
17 35
17 44
15 56
24 62
32 35
32 44
30 56
39 62
47 35
47 44
45 56
54 62
62 35
62 44
60 56
69 62
77 35
77 44
75 56
84 62
97 99
97 90
99 78
90 72
82 99
82 90
84 78
75 72
67 99
67 90
69 78
60 72
52 99
52 90
54 78
45 72
37 99
37 90
39 78
30 72
18 96
