160
21 45
32 78
37 50
2 69
86 27
70 0
11 95
11 83
92 61
84 10
9 21
32 83
32 17
31 12
23 62
13 29
14 18
68 85
63 79
77 37
97 3
40 62
56 76
60 76
47 23
7 55
42 52
50 47
19 93
93 46
96 79
1 87
74 80
25 30
37 42
89 95
92 85
56 48
81 7
61 49
11 2
26 12
98 42
41 27
16 60
85 97
46 62
30 47
41 10
51 87
9 51
78 33
60 1
95 99
55 21
50 9
47 40
78 55
73 64
29 32
33 66
81 52
92 74
22 91
79 99
33 26
54 2
51 12
11 71
97 62
61 16
90 8
85 65
92 93
49 59
67 49
87 57
5 75
85 90
18 66
19 23
10 64
60 22
76 41
97 36
8 8
75 48
39 70
10 32
99 85
77 95
70 88
81 24
51 43
45 44
99 33
53 66
26 95
44 33
56 14
99 76
74 33
16 37
40 4
87 86
66 97
18 57
16 11
39 89
65 36
30 55
26 25
53 18
93 50
42 81
5 79
50 90
47 32
80 59
65 6
41 17
13 7
25 1
69 81
66 90
82 81
46 19
5 59
56 96
87 68
58 68
34 0
67 30
8 74
9 12
94 31
80 20
12 74
66 59
39 0
15 64
45 5
60 52
78 68
0 58
93 88
52 56
22 37
32 70
82 91
48 3
79 75
60 37
42 47
74 12
91 14
92 4
66 82
8 92
24 46
