150
37 59
96 24
72 87
78 85
27 87
64 62
1 55
89 92
3 28
67 58
83 16
53 78
36 44
60 66
58 61
82 79
25 42
55 74
48 24
49 99
26 30
54 86
46 50
9 73
78 3
91 68
22 90
92 96
20 85
76 20
37 74
97 73
49 62
7 63
72 0
34 47
98 37
45 84
17 64
69 35
65 84
99 6
76 90
32 89
96 46
49 13
3 76
66 78
99 22
48 10
33 80
89 32
15 7
37 37
24 7
27 48
57 30
73 8
54 62
81 57
42 69
64 5
16 80
79 42
94 51
34 13
3 66
99 81
28 53
79 11
69 18
2 81
89 84
41 95
91 10
30 29
53 4
54 14
26 61
97 59
66 40
2 85
7 98
32 20
14 39
14 85
90 64
7 94
59 79
83 24
14 51
32 93
67 21
11 11
78 66
68 82
85 3
75 84
9 16
11 4
62 40
5 35
85 8
98 9
75 75
67 66
57 99
82 0
77 62
61 26
21 55
1 95
22 2
58 34
72 48
11 38
64 23
32 59
14 99
88 88
86 61
4 17
86 39
58 88
54 40
58 54
50 66
24 46
61 0
18 25
89 59
12 66
7 56
50 87
90 19
35 31
92 82
73 62
37 68
12 79
59 21
19 46
90 6
19 72
55 66
14 74
89 3
83 92
65 55
71 84
