164
48 12
81 8
32 32
33 21
41 41
60 4
75 10
84 71
9 41
10 12
23 11
28 5
28 41
40 17
44 4
53 10
57 5
57 44
59 85
61 10
69 2
75 39
89 65
91 89
92 78
93 71
1 1
1 68
2 49
2 81
2 4
2 94
2 61
3 22
4 38
4 19
5 28
6 91
7 48
7 15
7 11
8 88
8 71
9 8
9 1
10 91
11 48
12 2
12 99
12 65
13 29
13 58
14 91
14 18
15 83
16 77
16 1
17 93
18 43
18 12
19 19
19 50
20 1
20 29
21 22
21 61
22 76
22 34
22 8
24 81
24 63
25 33
26 93
27 19
28 47
29 27
29 68
30 1
30 17
32 74
32 9
34 89
35 44
37 68
37 9
38 29
38 4
38 82
39 38
39 55
41 96
43 67
43 87
44 22
45 49
45 60
47 6
47 68
48 80
48 44
50 1
51 28
52 75
52 91
52 31
54 19
54 49
54 78
56 99
57 23
58 13
58 71
60 34
61 69
63 56
63 78
63 66
64 13
64 25
65 90
66 31
66 74
66 80
68 8
69 81
70 53
71 18
71 67
72 40
72 56
72 14
73 78
74 19
76 89
76 34
78 16
79 54
79 61
81 81
81 24
82 93
82 31
83 56
85 85
85 43
86 93
86 54
87 37
88 17
89 50
90 41
90 6
90 2
91 9
92 33
93 53
94 11
95 46
96 19
97 64
98 98
99 4
99 50
85 12
