154
12 18
33 37
55 60
2 11
38 9
23 23
84 99
65 6
54 74
44 0
34 4
82 55
25 72
77 96
97 48
10 97
47 29
17 68
74 68
87 15
81 31
65 18
8 22
75 41
20 55
29 82
46 56
36 31
16 17
73 9
36 77
73 50
80 91
75 12
14 54
32 19
81 82
74 34
65 37
45 90
67 68
15 50
95 91
64 23
1 88
50 90
32 59
29 0
37 25
37 91
42 44
77 8
9 39
44 10
88 11
77 81
88 27
12 7
22 2
47 41
1 60
40 97
6 75
60 48
55 88
5 80
76 2
46 22
23 65
93 20
12 42
76 88
97 79
89 3
13 70
26 98
44 48
36 15
61 15
64 64
45 16
25 1
14 3
26 55
85 19
45 94
5 33
84 91
20 8
14 25
1 83
50 42
72 88
29 75
35 73
42 61
17 2
5 69
40 66
29 52
22 76
30 64
69 58
0 35
95 25
47 97
29 12
26 33
55 5
48 73
70 32
39 49
70 97
90 46
98 37
65 27
73 45
11 83
8 43
94 85
40 58
6 66
86 5
69 45
1 65
33 63
81 78
76 44
77 16
78 22
54 84
99 25
68 79
5 47
36 85
86 24
13 30
42 87
73 80
62 86
44 68
59 64
74 24
91 67
59 28
10 52
61 96
62 26
46 84
23 42
37 57
82 96
35 10
2 6
