161
93 8
47 22
88 36
33 85
49 39
59 61
81 93
67 95
56 66
35 68
74 92
30 80
40 44
73 47
96 60
11 63
64 34
55 94
98 42
63 37
96 30
7 7
89 15
42 67
99 70
60 99
64 13
84 4
38 40
0 99
41 23
77 15
31 48
36 14
3 25
63 29
83 25
95 21
97 89
59 22
25 40
58 83
41 13
28 20
76 61
0 53
35 50
2 5
4 71
2 40
3 8
49 29
59 11
35 56
85 74
33 10
10 38
75 34
54 9
32 65
66 3
4 37
90 40
12 91
58 73
7 55
71 0
96 85
46 80
33 6
90 64
42 30
13 0
5 84
10 14
74 10
70 41
68 51
99 35
86 90
16 98
36 27
31 99
56 2
24 12
20 73
15 20
97 26
27 61
67 48
1 36
6 31
65 19
23 43
8 90
23 4
72 19
6 62
63 84
49 79
50 13
14 78
79 99
0 67
39 92
4 89
31 73
46 71
76 22
33 1
76 45
40 56
53 62
32 34
36 46
27 1
11 41
99 76
0 32
12 85
19 2
55 85
11 10
8 48
42 94
91 57
54 28
91 78
7 40
46 86
26 35
71 15
25 84
60 66
17 36
99 22
85 16
78 18
69 30
74 55
46 65
37 53
24 16
62 23
93 69
32 14
68 22
8 73
98 6
85 50
27 94
48 94
85 11
28 97
54 57
80 41
87 83
14 29
90 29
17 90
46 60
