147
28 62
50 89
42 93
59 90
17 12
98 21
21 83
68 41
87 63
45 16
63 68
41 7
15 75
60 5
4 44
79 7
96 67
79 67
62 58
32 44
4 34
75 66
33 80
47 32
24 18
2 53
84 88
5 7
72 77
73 15
53 29
60 19
4 58
47 79
33 24
96 83
56 81
63 26
98 14
83 55
1 90
60 32
82 96
43 50
69 28
35 11
66 63
37 60
36 46
10 57
79 23
45 45
22 76
65 98
18 61
25 90
50 97
40 44
29 76
42 77
30 22
56 1
2 10
28 96
16 96
74 48
36 67
53 91
92 81
46 64
55 21
73 25
26 35
64 21
48 69
21 48
11 19
41 26
66 70
89 41
47 99
5 61
59 63
8 0
99 89
55 97
68 82
23 40
50 55
50 46
63 50
72 54
44 27
19 54
48 76
27 40
45 0
82 39
63 35
64 54
0 24
97 25
58 60
3 20
81 92
2 80
39 86
74 12
85 19
78 44
53 56
85 91
99 49
59 41
9 54
60 48
40 83
91 73
23 62
66 76
75 73
99 39
94 35
0 39
76 59
68 59
89 92
87 67
36 33
44 55
29 2
62 80
35 74
1 73
7 47
46 58
82 78
26 85
17 87
40 66
56 85
42 22
57 13
16 72
69 69
25 25
91 63
