120
52 83
91 92
71 66
91 52
64 83
96 55
69 88
76 61
80 53
71 91
30 41
60 78
76 70
55 87
81 97
76 98
67 96
72 82
98 60
87 99
61 57
64 58
55 65
5 25
35 15
37 46
15 1
94 62
99 92
63 95
89 82
85 91
89 75
85 50
75 81
70 56
54 51
98 69
64 73
66 78
57 73
87 57
40 22
38 32
5 16
22 37
45 17
22 20
41 36
19 33
44 26
47 31
8 32
14 22
25 10
17 26
1 0
16 47
9 36
15 31
11 46
44 32
21 44
93 83
56 70
65 51
60 91
50 96
82 79
61 50
74 53
51 74
76 91
88 69
87 72
57 98
63 67
54 80
91 67
95 87
98 84
82 66
68 73
63 89
53 94
78 88
87 95
94 71
96 75
89 60
92 99
50 57
79 80
71 50
53 58
69 70
60 71
84 71
88 65
96 81
74 58
59 86
93 56
58 58
75 66
79 69
97 64
95 94
33 41
37 14
7 27
16 1
30 39
37 47
66 59
76 73
56 66
72 89
78 55
88 90
