158
30 6
71 8
12 9
42 91
72 89
62 1
33 14
14 17
7 22
41 23
35 27
78 30
8 32
3 34
10 40
67 43
7 47
20 52
33 54
93 60
13 61
89 64
79 79
56 87
37 92
99 93
84 97
23 1
3 30
24 33
92 34
35 41
95 53
80 58
52 68
42 75
11 83
50 2
3 5
52 11
94 12
86 13
58 15
31 18
37 19
70 20
30 21
98 24
18 25
65 26
42 28
69 29
65 33
61 36
42 37
45 38
60 39
3 41
90 44
73 45
2 46
65 48
45 49
86 50
9 51
44 53
91 55
76 56
21 57
52 58
59 59
49 63
77 65
64 66
43 67
33 68
6 69
84 70
10 71
2 72
85 73
56 74
92 75
3 76
51 77
59 78
86 80
70 81
18 82
36 83
80 84
40 85
85 86
62 89
9 90
94 94
76 95
59 96
22 98
94 99
39 9
99 2
6 4
75 5
20 6
62 8
45 11
66 12
19 13
1 14
97 15
72 17
51 18
76 19
89 20
57 22
13 23
21 26
45 27
83 28
56 29
31 36
54 38
38 39
84 40
63 45
31 46
20 47
28 49
68 50
38 54
70 56
3 57
55 61
98 62
84 63
61 64
73 66
70 67
36 69
77 71
27 72
53 73
34 74
37 77
48 78
30 79
1 81
94 82
89 86
37 88
67 90
71 95
31 97
62 98
58 99
77 9
1 1
