148
54 87
52 76
66 7
92 22
95 5
86 30
84 35
78 66
89 12
86 53
72 75
92 80
56 93
74 90
71 69
66 65
59 4
96 60
25 15
85 75
94 1
68 90
71 60
72 49
92 32
57 70
76 5
90 57
72 55
9 15
53 12
66 15
73 21
55 41
62 89
82 59
15 68
94 86
15 72
13 83
17 6
75 25
19 72
97 53
51 93
81 13
85 61
0 0
93 72
81 51
22 77
65 18
94 45
58 36
93 52
17 78
80 8
81 71
3 14
35 40
0 20
12 21
34 0
21 27
28 27
60 57
95 28
69 83
74 40
19 12
63 77
13 1
99 84
59 39
86 65
56 79
50 60
58 96
81 75
65 28
85 1
17 22
13 57
12 7
9 70
95 77
61 7
19 68
63 86
57 50
84 87
62 31
88 73
55 47
63 64
54 24
0 8
13 27
80 26
54 33
12 63
68 86
68 56
17 62
58 30
60 20
86 81
88 96
21 1
26 43
28 1
6 27
22 63
34 28
68 23
22 21
86 21
22 7
21 57
74 97
63 98
88 2
91 38
98 16
51 15
6 1
62 23
21 83
15 16
81 42
0 28
34 8
12 77
15 12
19 16
90 42
95 15
65 93
85 12
34 20
79 94
66 45
36 46
25 70
93 9
70 65
90 26
70 78
