145
60 58
23 54
31 57
45 18
76 51
90 67
23 72
31 48
53 18
80 89
92 79
3 41
3 51
9 39
10 33
12 89
13 6
17 0
26 78
28 89
30 81
31 88
35 51
35 62
35 81
41 47
45 6
45 75
48 61
53 27
56 45
65 22
75 16
79 94
83 45
88 93
92 58
97 45
0 53
1 45
2 7
6 24
10 56
12 29
13 66
14 78
17 80
19 35
20 90
21 15
23 4
23 88
24 40
24 59
24 98
26 36
28 16
28 61
29 12
29 22
29 42
29 68
29 76
30 2
32 72
34 34
34 38
34 65
35 23
35 41
35 94
37 6
37 35
40 78
40 94
41 1
42 33
42 88
43 28
43 92
44 56
44 65
45 68
46 33
47 54
48 86
49 79
49 93
51 82
52 85
53 94
54 50
54 64
56 33
56 60
56 74
56 88
58 82
58 91
60 42
61 35
62 92
63 19
64 70
65 40
65 96
68 16
68 70
70 73
71 80
73 32
74 75
75 36
75 44
75 60
75 71
75 78
76 56
77 24
77 67
77 74
78 2
78 12
78 46
80 71
80 75
83 68
84 6
84 33
85 29
86 2
88 32
89 15
91 8
92 91
93 36
94 7
95 51
97 72
97 88
97 98
98 29
98 36
99 56
96 76
