156
90 63
8 36
4 31
81 31
20 57
10 11
81 76
62 26
11 60
94 30
21 9
65 54
11 80
37 99
6 4
41 83
43 80
1 83
88 97
3 92
47 61
3 58
76 90
32 41
84 33
87 38
24 18
30 95
47 65
15 54
0 20
76 30
57 44
10 0
92 47
49 87
55 66
79 97
67 77
17 67
54 31
28 76
55 93
68 57
34 37
60 10
11 14
22 44
46 11
92 97
70 39
81 69
33 29
90 81
75 44
37 63
51 0
22 28
5 76
82 58
48 1
38 0
24 10
84 15
79 83
25 27
15 89
6 43
78 47
90 21
30 34
16 81
90 30
82 26
39 21
53 84
73 96
60 16
67 86
4 82
59 36
1 76
73 62
52 94
19 36
49 34
83 11
4 20
43 66
32 11
7 55
76 17
7 64
36 45
74 47
15 98
1 25
53 8
35 57
70 51
48 14
86 71
63 30
75 59
75 77
53 40
28 20
91 88
88 16
70 44
68 74
76 41
46 37
94 56
14 66
58 75
23 87
74 10
63 44
99 73
51 26
29 5
9 91
82 84
48 91
3 68
29 87
59 3
1 52
64 99
79 63
42 87
83 88
57 23
22 1
11 35
83 42
23 64
7 86
64 83
17 63
54 36
39 56
71 6
15 1
83 99
5 51
78 2
89 2
58 63
27 57
0 3
93 84
99 79
77 51
86 67
