149
32 80
0 66
10 45
25 34
42 81
49 20
3 86
54 48
25 26
43 94
51 90
86 41
20 32
19 52
21 70
86 3
17 84
89 35
36 78
87 62
12 30
29 86
96 54
63 79
20 41
71 59
67 5
78 94
32 33
39 59
63 20
53 5
30 24
29 40
61 27
70 93
51 9
81 82
33 29
55 29
43 40
57 3
34 14
3 71
78 28
47 85
1 4
31 99
63 60
8 52
2 81
45 65
74 98
19 13
72 31
50 40
74 68
39 24
64 57
26 17
71 50
82 97
42 37
29 63
47 93
92 85
65 72
56 38
75 74
49 26
82 66
23 59
50 36
78 9
56 22
53 35
12 26
14 62
86 74
12 35
7 68
41 63
65 90
80 71
46 89
97 80
87 21
58 17
9 79
14 6
50 1
69 13
40 19
71 43
62 91
42 72
96 75
79 55
32 65
18 8
88 68
66 65
60 13
11 51
33 77
46 42
42 55
69 88
77 85
74 55
21 5
99 91
95 94
34 41
0 75
98 58
92 3
9 25
28 37
57 53
66 45
19 62
72 76
88 9
65 48
87 82
50 45
58 48
31 47
85 18
44 51
25 98
91 72
75 37
5 4
81 51
16 27
22 63
18 66
63 0
80 31
47 71
53 55
61 87
42 0
96 63
69 78
58 73
36 83
