151
12 8
79 50
18 81
77 19
67 31
70 27
86 76
36 65
95 10
88 89
21 26
18 72
11 23
29 59
6 59
79 83
91 66
9 67
1 10
68 63
55 56
68 1
86 28
28 96
95 51
57 33
11 45
78 12
61 53
76 62
42 69
53 53
49 87
19 46
98 46
89 13
33 45
50 6
64 23
17 67
56 28
38 44
28 76
99 72
99 93
1 97
46 4
2 68
67 45
69 42
5 39
98 87
95 15
65 38
91 20
92 92
88 42
5 71
74 6
97 90
66 66
69 92
21 52
13 14
66 84
47 98
96 94
10 51
57 47
92 14
40 40
52 60
46 47
43 19
14 30
21 36
4 20
80 39
44 74
33 19
88 83
62 73
64 79
40 79
0 43
41 53
67 17
59 77
59 22
99 67
71 5
63 1
37 0
26 27
56 68
40 90
84 53
35 11
33 78
27 37
76 39
80 0
6 81
61 87
17 93
10 87
14 57
32 38
99 55
96 77
55 39
0 15
14 50
76 98
4 12
21 92
44 57
42 5
87 37
45 40
58 43
84 7
49 19
21 67
81 26
79 93
35 93
19 5
27 73
0 56
25 0
65 11
94 35
48 13
68 80
21 60
97 61
32 90
26 19
55 64
55 9
67 75
0 49
35 58
90 58
60 81
2 73
58 93
15 3
83 91
15 83
