155
17 31
58 26
73 7
87 63
97 13
49 55
12 22
31 78
98 33
86 39
32 68
40 63
41 76
89 98
66 54
40 51
29 42
85 79
52 68
48 34
2 14
16 7
2 25
58 10
16 70
67 33
7 37
81 88
23 55
41 90
38 3
4 76
91 66
23 34
99 96
25 88
57 20
87 0
47 63
95 18
28 58
37 89
85 70
29 5
12 99
20 51
35 11
35 15
55 92
53 57
28 65
47 44
76 75
3 98
36 25
44 39
95 41
64 82
68 82
82 97
34 58
33 51
98 63
52 40
35 34
26 38
34 94
13 59
15 34
57 61
50 27
39 26
22 22
77 35
78 94
14 49
26 14
46 78
6 68
78 98
59 89
45 53
16 56
64 89
61 93
95 58
36 6
61 58
69 90
8 55
69 15
97 55
35 30
21 78
90 36
68 26
84 52
62 20
26 84
2 2
19 89
41 0
76 24
42 94
85 9
66 18
72 74
9 17
30 96
27 73
80 40
62 29
0 92
25 97
36 78
58 73
45 31
89 28
36 99
8 95
52 91
78 63
92 22
12 73
6 62
29 23
93 47
86 91
71 34
52 1
73 17
42 55
2 31
97 27
58 0
6 87
12 14
36 83
95 96
95 80
92 79
48 67
76 53
54 79
42 15
18 46
43 79
93 32
20 60
36 74
11 80
66 9
98 40
99 4
53 52
