143
11 11
3 3
16 16
2 17
42 63
92 6
46 34
42 2
58 57
34 53
92 17
21 82
86 87
60 4
85 21
30 83
84 83
74 10
13 90
20 72
77 63
75 68
17 90
29 98
77 90
29 38
21 43
91 44
20 24
80 86
95 76
78 58
91 69
22 62
69 56
71 90
4 22
29 71
6 6
12 99
23 98
12 78
12 34
85 11
24 36
10 63
13 40
85 76
9 87
3 89
23 56
85 44
47 40
7 77
28 35
61 23
81 91
17 11
6 45
5 60
45 44
16 46
1 31
19 52
14 7
56 43
2 10
48 13
20 2
30 10
82 64
42 76
53 16
92 77
95 90
46 73
90 88
55 87
98 53
78 37
6 72
64 98
99 5
67 48
58 62
71 50
72 78
35 34
26 21
16 33
34 59
61 60
86 14
92 21
41 28
34 45
82 97
66 0
35 21
63 50
99 69
54 13
77 78
65 11
34 98
74 95
72 29
99 63
70 37
87 72
16 21
63 17
24 71
79 52
3 83
34 13
33 85
9 98
9 54
71 84
78 75
20 68
53 36
26 0
66 27
77 34
51 78
52 84
73 34
16 54
37 99
2 51
40 23
51 98
38 39
95 66
58 30
96 86
51 32
41 40
93 55
70 10
59 40
