151
81 21
54 55
5 4
98 40
68 7
58 19
8 30
83 58
4 62
63 84
72 63
38 90
8 41
39 14
39 99
1 47
87 86
47 29
91 24
20 45
63 59
44 7
60 68
26 78
38 45
96 76
14 6
24 91
34 36
72 5
26 7
95 0
90 47
3 13
5 72
17 53
66 20
15 95
55 51
22 8
40 76
64 76
98 97
18 60
57 35
68 63
76 88
66 42
67 28
66 14
4 85
10 84
89 72
66 73
19 97
10 93
86 20
43 67
6 23
4 98
33 80
73 67
22 74
9 57
23 56
34 41
81 73
39 64
1 53
90 82
14 42
8 65
28 95
93 80
69 44
42 73
83 0
32 46
39 7
49 75
80 92
75 17
14 91
94 58
45 38
24 1
29 58
32 4
50 49
61 2
0 85
0 34
38 40
81 4
29 43
36 95
52 35
32 66
33 54
32 98
83 66
61 78
46 25
95 42
72 14
10 25
34 51
95 64
49 39
5 67
79 11
19 25
18 20
96 8
78 40
72 77
77 84
72 32
4 90
88 75
53 68
62 28
58 6
4 18
78 31
11 46
79 28
85 6
69 3
14 34
34 87
7 26
47 20
23 63
78 66
88 9
37 37
30 76
86 12
91 40
93 31
37 0
58 59
72 27
61 8
93 12
23 71
41 22
70 52
5 81
2 8
