142
18 37
28 91
78 95
94 97
23 10
85 41
53 70
26 65
85 82
85 91
65 65
51 21
70 92
35 18
5 52
26 52
29 70
5 30
63 11
13 62
55 83
51 42
24 46
28 49
39 95
61 91
32 38
50 48
38 48
98 35
57 15
71 13
38 59
41 43
87 61
36 43
33 7
13 87
67 96
0 3
53 29
31 81
4 36
38 11
88 75
27 21
57 96
49 37
6 98
20 28
69 3
44 61
23 81
61 83
26 40
8 54
59 4
62 76
71 98
63 71
16 76
79 67
78 14
70 47
15 7
73 34
62 48
73 77
27 2
4 46
71 61
66 87
36 87
84 24
74 91
33 74
44 75
48 7
32 47
49 1
4 84
73 38
18 10
60 8
22 84
60 68
35 96
73 16
66 17
95 91
74 63
80 44
75 21
77 77
48 15
34 79
75 80
79 90
60 34
6 16
1 47
19 59
0 11
49 53
2 64
79 83
9 75
26 82
18 45
71 28
16 54
9 91
54 63
88 13
82 40
93 62
51 93
55 59
44 52
85 9
12 53
64 43
4 21
69 42
0 91
94 74
23 19
26 28
45 38
95 71
79 60
98 40
10 31
91 54
9 40
62 55
76 54
9 23
54 52
36 68
41 79
33 22
