152
63 50
70 26
83 43
97 58
26 75
61 75
73 36
50 22
66 11
98 84
35 72
24 62
50 75
38 9
10 73
88 29
74 93
78 8
21 38
96 23
86 12
91 88
78 16
29 24
39 25
12 24
73 54
39 89
15 30
83 38
10 39
16 63
4 84
83 58
96 51
63 78
55 40
8 84
34 56
55 67
58 56
10 20
2 19
32 98
53 21
9 11
47 90
17 92
66 83
64 40
67 48
5 18
43 89
72 16
54 91
38 80
6 8
5 78
74 82
0 16
80 84
94 73
65 33
85 50
31 79
7 45
91 13
80 60
54 30
77 70
15 96
94 12
51 52
79 92
24 18
39 30
82 19
90 9
3 48
49 38
96 65
80 97
74 12
69 12
4 43
39 49
56 87
9 80
41 45
36 93
46 52
26 68
64 96
58 65
60 11
65 64
25 12
30 67
16 24
71 74
52 25
33 40
93 19
93 91
17 83
88 61
44 20
85 88
60 32
69 8
61 26
2 31
45 80
96 90
68 68
25 29
61 45
79 30
94 28
49 43
14 75
90 72
63 71
74 48
11 76
5 58
29 61
80 47
58 69
10 94
41 14
20 32
32 90
9 97
88 92
42 37
66 75
86 26
35 82
6 55
30 29
82 74
69 23
26 93
73 69
57 74
28 51
96 35
83 92
42 95
2 60
59 80
