143
72 56
31 85
15 13
19 90
85 66
96 34
24 40
10 80
64 83
79 55
52 26
32 49
95 43
60 6
83 10
55 48
75 48
21 64
96 29
84 3
62 56
33 71
94 57
17 38
29 9
99 86
48 18
52 80
3 34
78 35
39 62
81 89
48 97
1 49
4 71
0 23
65 8
59 81
41 66
24 96
94 7
76 87
24 80
47 23
16 64
51 37
68 13
16 92
7 27
69 50
41 56
30 69
83 39
55 57
37 26
39 77
43 24
69 6
8 97
28 12
97 49
72 76
33 34
21 54
77 63
78 41
38 42
40 25
10 90
96 2
91 78
17 67
17 3
46 62
49 7
48 14
85 79
82 36
10 11
72 43
73 84
6 41
0 46
84 18
27 23
80 31
63 16
85 7
40 6
37 95
96 61
70 34
14 35
89 58
33 19
89 91
6 21
3 28
43 74
80 17
55 66
17 73
12 77
31 53
12 4
86 15
11 23
87 22
59 39
69 25
59 68
36 6
20 98
29 48
40 98
50 47
10 51
52 6
21 4
67 76
11 87
3 43
86 69
36 35
30 35
97 26
69 69
58 51
41 52
90 13
44 81
71 37
52 84
23 70
23 16
42 95
50 67
68 17
31 59
84 63
62 88
92 30
13 81
