144
38 5
68 51
61 9
17 48
55 83
60 84
43 96
11 23
71 96
90 52
84 59
22 30
84 71
92 14
10 85
26 94
42 58
21 9
59 92
42 89
91 70
28 15
23 69
9 56
85 88
14 45
89 3
72 17
9 74
35 91
96 83
96 55
95 23
17 75
88 97
85 25
49 97
32 84
79 86
35 61
83 1
74 79
31 96
74 64
0 81
78 93
54 17
93 53
89 93
65 69
53 94
5 52
40 64
60 73
51 88
16 28
67 11
98 61
10 29
73 45
29 80
27 52
51 52
18 67
50 14
91 65
92 32
55 27
53 73
4 59
32 32
46 74
18 63
10 52
77 19
72 58
79 37
32 18
58 38
62 65
88 77
6 12
33 39
52 58
32 59
27 88
18 10
90 59
42 27
39 45
1 16
22 77
55 3
60 99
24 73
76 28
51 5
11 79
98 73
92 5
54 54
98 1
46 36
55 57
57 69
84 85
0 43
88 83
69 69
79 58
67 81
82 48
99 44
54 32
34 3
35 73
37 42
20 26
63 59
63 21
68 24
26 29
85 63
66 28
47 90
78 40
46 10
12 58
54 45
12 96
94 97
69 76
5 77
95 36
39 85
71 35
2 25
85 16
48 87
9 15
15 72
92 42
14 19
15 24
