148
88 8
38 41
4 4
59 80
65 70
97 52
11 50
71 34
88 81
13 36
16 66
11 91
50 15
96 31
3 88
2 92
7 21
71 27
74 3
45 68
74 68
49 36
91 37
59 58
54 65
75 26
88 27
68 86
27 64
6 46
41 96
6 76
10 10
64 61
31 74
75 47
37 94
64 15
22 34
84 61
70 99
37 76
48 90
7 14
11 25
88 98
45 5
27 71
70 11
65 39
63 34
25 29
28 15
2 33
1 9
13 14
81 35
25 12
57 45
73 8
3 21
83 3
87 92
83 75
39 99
24 93
41 31
30 94
84 48
26 55
11 96
94 84
77 92
60 61
30 80
37 65
25 67
88 63
38 19
55 60
60 73
22 79
96 93
23 22
99 66
55 36
26 85
15 96
18 17
38 5
38 33
60 22
16 78
67 32
16 26
6 28
35 37
91 45
84 95
37 45
17 30
1 61
41 36
45 9
59 32
55 85
69 61
32 7
65 18
55 73
27 47
11 85
90 70
15 87
86 85
11 62
53 21
68 55
99 74
66 83
11 45
41 73
41 44
70 83
19 47
11 81
17 44
77 31
30 34
56 70
21 56
10 2
22 49
92 41
61 25
40 55
90 31
31 61
25 82
21 61
65 98
80 98
31 83
81 39
61 18
91 14
15 71
94 50
