150
28 18
39 58
15 81
41 42
3 46
97 85
8 18
48 24
94 62
28 44
53 96
3 79
4 14
26 32
52 12
56 17
12 91
93 87
18 28
91 47
31 26
65 65
34 41
55 47
22 31
34 97
71 29
23 36
3 41
85 3
49 44
93 94
43 16
67 85
56 38
1 9
58 87
75 79
74 75
94 11
89 37
69 43
77 60
65 79
84 23
21 1
92 32
50 57
0 26
33 18
90 42
67 12
34 78
8 94
61 13
60 64
26 88
19 54
76 23
5 30
40 92
22 49
80 29
82 57
29 34
63 57
14 74
1 97
97 81
73 87
63 42
83 76
49 3
56 33
12 14
63 93
73 54
52 5
55 0
46 52
32 65
34 72
46 81
33 9
91 12
39 96
18 93
1 2
35 5
1 13
38 17
75 11
34 92
22 86
21 92
9 31
2 59
11 28
47 19
58 26
11 39
58 21
58 72
22 97
71 77
78 32
0 19
89 64
86 88
61 19
83 71
73 37
15 12
97 26
60 91
24 55
30 75
24 25
48 98
17 3
12 96
75 41
16 7
94 78
84 54
39 86
68 89
67 71
74 0
48 65
64 97
22 11
38 83
82 88
23 83
46 30
45 91
32 87
70 74
63 24
44 8
26 73
21 6
12 61
88 28
14 27
39 46
37 61
40 39
2 82
