158
41 11
14 10
48 3
39 53
50 45
18 56
82 4
55 44
3 14
14 18
37 83
11 46
58 35
73 75
33 10
29 21
45 53
66 66
41 64
92 37
23 3
96 83
34 63
17 29
57 63
9 65
52 56
81 58
78 97
61 96
32 43
18 99
39 29
55 59
75 24
37 0
14 63
60 93
38 39
4 51
47 68
86 33
32 49
8 33
25 83
16 91
75 48
83 35
5 77
40 18
71 46
13 27
40 72
96 24
80 53
66 34
93 56
81 78
99 55
72 27
31 54
19 82
33 59
87 74
41 92
21 26
24 92
12 70
73 8
6 24
93 52
51 34
89 24
82 25
3 54
67 75
82 46
50 94
28 68
9 1
1 10
69 17
99 20
30 95
95 65
96 0
87 28
90 30
60 32
65 0
41 7
53 72
36 26
5 99
25 23
56 2
11 75
62 44
60 41
33 19
29 85
25 41
25 27
65 81
75 56
61 82
83 10
97 76
78 41
34 88
11 4
85 52
36 93
98 5
19 65
84 71
95 69
52 81
86 1
16 42
71 99
30 28
70 64
2 67
48 72
26 57
62 74
71 37
26 75
28 38
5 48
58 81
44 38
58 56
46 59
88 70
21 45
47 62
74 89
86 66
89 10
49 76
73 71
71 58
54 50
49 22
82 20
26 98
20 39
73 43
68 49
43 35
26 87
66 30
34 53
64 7
53 47
42 15
