156
26 28
10 0
84 24
10 88
88 68
94 9
15 50
91 66
36 88
22 17
80 78
65 72
74 95
16 73
31 2
25 52
45 48
53 77
92 32
87 83
33 38
21 59
34 97
39 57
52 38
69 43
35 5
38 66
90 76
38 24
47 60
20 67
15 78
51 54
54 19
91 81
74 88
23 13
56 57
52 59
73 19
53 28
67 31
48 92
0 28
44 94
6 29
55 0
39 71
85 15
62 0
58 36
19 8
59 45
46 57
22 54
88 34
11 71
30 56
0 51
24 63
46 26
98 93
34 71
90 53
79 39
59 26
55 52
57 62
68 16
4 78
8 12
45 88
8 16
49 16
83 51
98 38
99 11
97 97
92 62
59 21
9 55
53 67
79 0
95 71
30 9
27 94
99 82
26 38
92 25
89 20
54 89
79 7
89 47
68 28
97 1
75 83
7 77
79 35
29 14
93 93
47 39
13 33
65 66
63 4
93 6
16 1
15 26
47 13
26 76
49 36
86 42
70 12
36 36
98 33
57 69
20 84
44 20
79 30
2 75
76 61
66 13
61 32
11 50
42 11
51 71
60 93
53 94
65 49
77 19
72 4
72 67
9 36
99 90
94 88
49 79
41 96
12 63
32 60
96 74
37 53
81 16
62 17
76 14
34 48
68 51
46 70
14 66
47 75
46 82
90 5
62 23
77 26
59 54
5 32
73 64
