156
84 50
76 86
38 35
28 34
6 11
36 86
43 6
2 37
83 20
61 8
58 90
76 66
97 91
5 83
53 1
37 94
15 81
48 11
4 45
22 19
98 54
23 4
22 46
92 79
87 13
47 60
89 88
8 40
3 25
44 42
63 83
36 15
99 45
70 67
28 60
61 39
31 72
24 86
71 39
51 18
97 40
12 13
12 2
40 83
37 28
33 62
80 81
16 96
97 34
32 6
20 16
84 99
52 79
73 71
49 0
91 64
61 22
21 52
4 80
75 99
88 66
22 76
94 19
10 66
85 79
14 31
52 40
36 47
99 87
2 16
82 77
23 72
93 1
5 99
44 28
91 50
54 58
53 87
14 20
55 81
33 20
98 62
47 22
86 31
30 52
85 45
27 16
98 94
83 36
50 97
0 10
79 96
45 94
29 10
2 98
12 23
67 62
23 55
30 57
66 54
50 7
38 63
17 99
92 59
13 58
67 68
84 60
44 63
54 9
11 10
65 25
59 77
16 15
83 74
32 90
53 22
98 25
61 52
3 20
89 81
66 76
35 58
60 70
6 62
48 91
64 93
38 21
46 72
91 21
37 50
56 34
82 0
0 24
54 14
88 22
68 59
27 79
73 61
82 26
4 69
33 98
22 61
51 34
91 6
53 48
69 14
11 49
93 85
97 16
98 2
41 1
6 94
20 80
51 28
79 85
81 51
