157
27 47
39 56
61 59
28 37
34 27
28 0
27 92
32 49
97 91
54 98
66 80
92 14
56 4
22 39
74 95
20 5
63 30
88 56
60 68
63 36
20 96
26 8
71 1
69 52
74 59
42 43
2 8
15 38
87 89
28 25
55 51
44 91
3 83
60 94
75 22
23 69
15 91
66 96
36 52
35 41
37 83
12 32
19 79
88 75
20 0
13 67
37 16
23 56
85 42
14 18
62 71
44 82
4 67
16 82
1 89
42 67
8 28
50 27
12 10
42 48
75 41
1 80
9 23
74 38
50 53
92 84
98 20
15 73
60 8
4 57
30 22
28 64
78 18
0 47
9 56
56 38
37 62
79 62
62 80
2 32
70 90
64 9
38 10
66 5
20 55
3 36
54 0
9 11
40 17
68 30
36 6
7 74
4 94
53 29
15 7
85 63
50 98
63 4
27 32
21 16
44 15
29 56
96 81
92 44
81 33
21 10
55 69
70 57
85 80
49 1
67 99
97 31
56 83
27 21
38 37
34 95
62 97
66 61
80 79
96 46
40 6
54 56
85 7
73 11
81 68
71 64
68 21
99 40
31 13
50 46
9 49
10 79
70 8
88 50
47 39
94 32
7 70
70 71
8 37
22 32
67 10
51 20
57 73
81 19
28 86
81 14
80 50
62 87
88 70
40 0
60 14
23 19
93 29
43 56
57 9
79 98
41 53
