154
13 33
64 56
29 84
62 65
96 93
4 16
32 90
81 14
75 62
80 83
93 6
62 79
31 26
56 57
68 49
24 4
6 76
62 43
68 91
73 42
65 25
15 78
95 76
57 34
25 44
34 43
3 39
59 96
61 71
69 45
73 78
25 90
81 65
24 17
81 29
37 70
27 64
80 42
88 82
11 48
1 91
78 20
31 30
62 87
57 38
1 25
54 90
43 97
55 45
50 97
4 48
32 77
38 5
89 12
67 9
23 82
5 69
4 73
26 21
70 4
23 30
20 48
90 21
2 61
83 7
32 6
88 53
71 35
72 96
87 62
68 1
50 80
29 49
80 78
99 41
10 18
27 18
30 16
74 22
63 35
40 0
67 82
34 37
46 84
34 23
6 30
62 6
37 46
56 0
17 74
3 43
60 13
64 51
70 55
89 95
47 78
63 90
23 39
97 9
9 55
7 27
94 35
16 2
63 11
8 43
34 98
21 89
52 25
98 67
2 82
98 57
17 49
51 69
38 78
12 68
0 16
11 98
9 7
53 62
35 15
34 53
53 30
16 88
79 34
9 92
83 73
48 14
98 0
77 47
17 18
29 2
70 28
99 63
86 8
49 37
91 15
66 97
82 86
98 21
3 8
35 92
47 71
18 53
8 10
60 9
56 64
89 35
5 97
37 39
30 70
8 99
39 51
99 75
75 81
