127
79 90
72 88
78 46
80 96
81 75
82 43
88 77
93 9
14 10
26 16
27 42
28 9
50 24
52 7
54 42
55 20
77 66
80 62
80 35
82 13
85 27
86 21
89 82
93 83
15 27
17 17
18 47
48 19
51 12
59 45
60 41
69 47
72 98
76 15
77 0
89 31
90 91
90 61
94 55
0 0
1 4
2 8
3 16
5 28
10 34
11 5
15 45
15 21
17 33
17 42
17 37
18 26
20 6
22 44
27 24
35 12
40 33
45 37
48 29
50 0
50 35
53 36
55 50
56 38
57 3
58 30
59 25
60 49
62 27
64 54
65 69
67 63
68 13
68 71
68 34
68 8
69 17
70 54
70 23
70 29
71 36
71 32
71 70
71 94
72 60
72 44
72 78
73 81
74 85
75 52
75 27
75 18
75 71
77 4
77 55
79 9
80 28
80 56
81 67
81 23
83 57
83 53
85 8
85 72
86 35
87 0
87 50
89 99
90 49
95 69
96 44
97 80
97 4
98 13
98 30
99 8
18 12
30 41
69 87
81 86
82 71
82 99
83 37
86 16
90 5
96 85
84 78
