147
69 44
44 89
53 90
63 43
50 52
97 71
66 91
25 25
91 76
56 76
49 22
35 69
52 67
8 96
35 15
31 21
1 20
67 83
29 42
81 65
15 31
65 30
71 33
18 36
72 51
1 58
20 42
55 83
34 39
82 4
23 50
19 64
48 39
38 25
51 36
2 28
54 47
14 4
69 67
60 95
17 84
38 54
30 93
12 74
13 93
58 36
40 42
14 58
87 18
66 12
96 51
46 74
61 86
79 73
97 29
38 19
32 5
15 44
44 18
1 97
76 72
64 99
31 90
11 40
42 27
43 46
96 8
77 46
77 63
8 27
48 90
36 1
73 89
30 33
29 18
80 15
89 48
29 87
8 39
30 9
42 11
46 15
62 5
88 34
88 59
43 51
94 5
85 80
78 35
85 12
10 53
21 21
42 69
10 77
38 75
60 91
99 21
7 18
34 33
8 58
44 35
26 78
90 86
11 82
58 59
86 43
77 87
68 32
86 9
10 64
98 97
54 43
58 9
14 77
79 20
40 48
69 6
1 49
71 60
68 15
28 47
96 84
90 67
61 56
82 35
42 56
89 64
73 40
82 74
10 34
1 25
20 32
68 72
8 80
50 16
25 20
94 16
12 14
38 61
0 31
54 97
74 31
95 89
52 81
52 93
61 77
49 55
