163
0 5
98 3
28 18
51 65
72 77
9 13
16 46
24 9
18 16
98 48
78 84
80 96
99 39
52 46
29 5
75 60
40 89
22 24
59 24
20 81
63 46
1 82
66 68
74 30
44 34
33 50
73 92
39 81
48 76
55 32
33 84
43 43
42 39
48 84
84 56
88 18
79 79
53 76
9 79
27 25
37 49
12 22
96 65
22 39
13 12
49 13
35 15
36 33
37 56
36 25
57 49
96 61
88 44
62 88
80 65
37 36
4 98
59 11
52 83
63 9
53 12
69 84
60 79
73 40
91 66
47 40
84 86
33 68
71 57
87 50
85 1
0 0
88 4
85 5
74 99
74 83
93 91
80 39
65 17
13 97
29 75
84 81
61 85
99 79
52 97
7 94
70 19
35 39
18 39
45 58
87 40
17 6
28 51
79 9
81 16
15 65
57 95
18 69
62 65
32 11
1 51
6 9
85 30
31 42
26 73
6 26
77 56
86 92
41 92
5 78
99 15
38 43
3 45
71 35
57 8
66 1
25 77
15 49
7 3
48 68
74 53
97 9
58 37
12 35
52 4
63 96
64 81
49 57
10 30
6 87
47 27
12 71
95 77
67 53
33 89
85 37
30 26
23 99
39 52
90 61
56 69
27 57
19 65
6 19
66 40
61 16
81 62
99 23
60 58
18 30
13 32
89 57
21 27
5 58
42 62
66 76
82 13
53 24
86 14
93 63
68 81
26 32
91 38
