149
45 2
3 87
65 87
91 30
97 27
9 39
90 55
74 20
92 61
66 4
52 47
45 52
85 48
64 60
73 95
38 36
39 45
2 17
71 58
26 27
98 58
61 65
26 85
55 89
49 41
1 93
28 45
4 8
86 10
18 64
24 71
86 91
45 72
97 73
97 53
49 61
95 76
1 25
10 87
41 9
61 42
29 61
84 26
37 22
32 62
24 60
55 0
53 12
28 76
67 50
27 54
6 40
54 97
55 67
79 72
13 92
7 24
69 30
95 80
5 3
44 60
15 51
84 64
60 46
67 58
37 41
49 83
37 84
19 96
4 47
97 44
5 98
4 63
31 48
75 32
68 37
68 11
82 67
1 29
9 99
10 83
69 85
45 33
53 22
64 30
99 6
52 8
19 41
78 60
92 35
59 56
39 50
21 22
99 78
91 24
64 96
99 88
85 41
24 99
77 22
13 84
9 74
32 9
88 87
84 54
35 67
74 67
95 12
84 33
74 42
48 99
98 11
49 11
50 68
12 73
80 5
83 74
20 91
82 78
46 40
57 36
49 96
56 85
85 2
47 91
29 68
34 72
33 1
37 74
11 31
41 56
79 43
95 40
82 89
3 60
72 4
50 23
77 77
56 39
43 28
31 21
0 58
98 19
7 43
14 69
15 89
22 76
53 83
69 90
