109
96 36
28 17
95 3
27 95
38 27
95 26
28 6
67 26
58 93
95 30
38 4
85 37
28 83
12 53
86 26
58 29
96 47
85 71
85 3
92 71
27 62
28 0
1 75
93 56
83 17
63 27
59 37
27 36
86 49
37 84
61 84
56 73
53 72
49 24
93 64
27 11
73 84
16 83
53 1
18 35
28 73
26 53
24 84
73 16
2 59
38 17
27 50
27 46
52 96
92 53
17 38
57 0
47 58
73 12
42 85
63 92
12 89
75 36
17 62
62 15
3 9
12 94
5 27
11 84
24 71
49 86
46 51
15 74
39 91
82 7
50 38
19 95
5 92
17 26
95 9
95 93
27 56
86 57
60 3
91 8
56 86
74 95
10 42
90 25
7 82
53 26
53 93
17 49
1 35
19 4
96 43
47 82
19 43
92 17
85 99
63 72
48 93
17 58
82 57
95 75
2 82
74 58
28 89
26 59
56 25
27 99
92 4
96 22
35 26
