159
88 5
95 13
54 29
55 71
95 30
95 39
62 82
4 82
78 20
58 8
53 54
25 14
71 6
29 58
33 71
63 54
36 10
40 57
8 91
29 95
77 8
1 85
65 99
69 25
13 49
62 41
83 31
99 55
61 61
1 37
9 74
85 17
42 14
58 97
36 79
36 74
85 60
33 93
34 99
44 53
18 2
2 22
51 14
10 1
60 69
73 97
58 36
67 3
6 18
3 49
43 49
31 20
30 66
73 28
45 42
48 93
96 69
63 4
69 82
79 56
13 18
95 49
9 96
76 1
91 23
92 72
72 60
96 43
91 27
82 52
96 73
67 67
28 31
16 79
76 91
50 78
35 50
57 16
58 12
25 65
77 98
26 62
32 28
27 37
12 53
60 21
0 89
58 49
99 84
61 75
61 27
31 14
42 10
77 75
4 13
70 41
79 47
49 83
95 18
37 17
70 15
2 10
53 22
27 75
69 76
10 24
85 80
81 72
43 3
9 40
26 68
24 48
18 92
45 91
36 5
61 90
44 82
83 45
81 91
3 73
66 36
19 42
6 60
39 38
16 45
86 64
47 60
88 83
83 22
31 82
22 88
40 32
42 64
31 0
87 51
9 48
60 3
95 58
19 72
19 48
76 44
76 13
45 20
50 0
71 68
51 75
84 27
15 93
41 67
91 35
18 7
73 86
12 58
47 16
0 43
91 91
41 84
54 35
90 8
