85
57 55
53 74
42 64
56 69
63 54
39 59
59 49
39 70
51 67
45 59
35 65
48 74
60 74
54 60
67 57
45 69
61 66
58 60
61 46
64 48
31 66
33 60
41 73
49 77
47 61
42 57
49 70
44 70
51 60
48 67
66 54
58 47
60 67
66 58
45 58
39 66
35 66
59 70
52 66
38 58
56 66
36 67
59 59
59 76
56 51
60 75
49 67
59 75
47 73
34 66
35 62
37 71
66 55
52 65
41 57
38 71
49 65
58 67
62 49
37 61
53 67
53 56
37 59
60 50
39 58
63 51
58 74
44 60
39 71
45 65
57 49
43 60
63 57
37 63
46 62
63 56
57 59
38 69
39 68
46 65
54 58
41 68
45 62
45 63
52 69
