150
7 70
88 21
68 33
34 76
48 90
43 97
69 49
35 42
43 61
2 50
73 25
52 37
14 92
20 92
35 7
2 24
88 59
82 58
53 87
70 58
16 96
58 98
63 65
86 44
48 49
80 46
69 77
74 89
58 76
54 95
13 89
31 42
34 85
66 73
95 90
80 85
24 78
48 59
38 38
44 35
91 91
48 22
21 98
59 66
34 64
48 17
77 50
19 5
3 78
59 18
86 79
28 87
58 57
44 52
99 75
11 42
34 32
30 33
56 86
20 72
22 3
39 49
3 83
5 65
81 97
65 58
32 13
72 54
9 3
5 87
49 85
87 50
27 83
27 35
81 41
73 93
70 21
36 18
24 59
57 82
53 64
85 82
11 77
19 26
2 93
2 5
9 21
13 82
15 19
91 29
10 54
28 17
3 31
99 89
71 98
11 14
79 75
48 5
80 11
45 74
28 53
41 14
39 57
93 83
13 30
40 29
33 58
29 63
91 49
82 34
15 54
4 99
85 5
92 71
3 13
28 80
55 54
68 17
15 61
29 73
95 96
70 7
85 71
43 38
88 95
77 81
7 55
87 26
2 66
42 84
63 18
16 34
68 54
72 0
28 10
90 4
19 58
88 11
91 38
28 40
84 68
95 13
15 46
90 53
25 6
28 66
10 69
76 26
43 89
49 93
