143
14 45
97 37
66 94
69 3
80 13
33 46
88 3
68 73
85 46
58 41
26 24
15 38
8 49
66 18
74 25
69 82
98 86
0 49
36 62
84 84
98 17
89 30
32 55
48 85
88 91
38 94
20 98
78 97
3 11
50 28
32 96
97 58
70 6
38 53
54 36
67 86
56 80
62 79
61 15
82 89
66 64
81 69
37 2
56 27
19 12
53 78
92 16
24 2
1 99
10 5
0 36
88 40
38 88
14 32
40 73
47 45
46 75
30 90
20 32
35 86
48 61
22 85
30 29
77 21
16 2
62 73
11 72
28 93
23 90
61 45
78 31
60 53
55 13
28 75
81 53
9 99
78 24
94 5
49 3
96 80
84 70
90 97
74 91
6 26
41 17
13 69
77 6
67 36
59 97
68 78
38 69
74 8
56 62
42 33
52 88
90 8
88 14
91 54
20 7
99 25
78 62
61 66
52 48
91 88
50 56
85 33
94 62
6 36
45 18
81 32
97 63
83 63
78 68
4 55
17 80
42 62
16 66
50 18
74 44
40 1
30 70
67 30
7 62
95 13
67 47
90 81
45 58
54 94
4 63
63 38
6 76
8 89
12 97
47 13
93 9
10 93
82 76
99 11
34 19
65 61
69 60
84 50
62 42
