151
37 67
96 5
46 73
35 90
83 32
90 92
54 72
51 41
79 85
69 21
30 20
52 18
24 98
58 86
79 99
38 46
65 38
82 90
39 85
74 79
90 23
98 91
93 49
44 65
52 25
26 70
29 81
96 64
86 96
16 71
53 95
98 10
35 33
81 94
44 54
27 13
92 15
2 57
76 6
97 56
87 55
49 80
99 29
18 19
0 53
5 30
72 13
56 69
45 14
88 49
25 54
9 12
68 61
32 7
24 58
96 19
29 63
69 99
39 3
18 23
1 37
74 52
10 58
83 9
14 83
75 69
66 66
3 92
15 57
75 32
10 42
47 61
93 67
69 67
25 6
44 19
81 68
33 83
73 18
6 22
58 5
46 49
74 65
11 61
50 83
80 41
65 74
50 37
17 89
31 60
40 8
92 64
32 43
74 58
76 55
70 88
90 2
96 82
24 75
82 62
62 4
76 94
93 55
23 3
29 92
59 8
23 85
89 85
25 49
81 56
7 52
79 13
44 89
33 46
1 41
35 52
95 39
41 13
10 7
68 3
55 48
89 7
13 36
64 17
87 19
47 28
94 88
6 60
46 23
41 91
18 77
88 68
54 45
93 36
28 44
9 95
13 31
15 92
28 1
42 0
36 78
94 10
29 39
65 86
41 95
24 24
31 17
51 70
40 65
49 15
92 95
