152
71 94
33 32
9 48
68 5
45 39
19 2
71 60
3 94
56 97
65 30
79 35
29 26
17 40
80 49
94 24
61 20
61 57
6 2
10 8
51 68
41 5
73 81
62 6
18 20
83 22
65 83
38 46
75 19
66 74
51 49
19 52
98 93
35 38
4 27
75 32
30 36
90 0
65 53
88 43
9 90
44 28
27 86
7 72
2 34
83 2
17 60
36 17
98 30
15 11
74 77
62 40
76 16
32 89
9 18
74 27
5 76
30 69
2 73
23 81
88 61
69 78
35 91
55 21
59 68
82 55
49 54
13 60
35 71
79 97
40 35
5 15
94 12
76 46
13 24
75 66
53 76
77 61
39 31
29 7
92 38
65 13
54 73
86 75
3 0
97 98
18 72
19 24
58 28
35 42
98 20
12 30
96 81
19 28
74 4
54 35
89 39
91 46
40 68
36 97
11 41
77 70
32 40
93 3
8 81
70 89
77 74
41 57
88 67
11 84
3 31
39 50
56 44
99 23
71 46
14 97
4 6
81 32
86 53
12 20
20 44
17 46
0 13
95 78
34 75
15 36
28 64
56 52
91 74
39 65
33 94
9 1
45 95
26 4
4 63
6 19
23 21
16 67
37 1
35 9
64 90
64 62
51 38
45 9
53 43
33 85
52 61
25 93
21 98
97 54
37 78
74 90
52 96
