146
44 88
50 48
90 67
25 60
93 94
9 78
78 41
15 24
40 14
54 9
55 21
19 10
58 55
44 22
86 32
38 95
21 78
16 99
74 55
15 73
14 76
23 49
48 28
48 40
78 72
62 6
4 11
62 75
2 3
29 89
67 83
5 48
20 37
96 74
44 67
51 92
48 98
97 7
89 27
57 82
76 26
55 73
93 49
30 45
89 91
42 45
58 68
25 14
49 24
89 23
83 91
8 54
67 66
52 14
71 54
63 62
13 10
34 8
40 83
6 29
83 22
59 10
43 2
36 26
96 23
44 79
35 4
66 76
76 52
34 29
93 10
77 66
74 78
14 45
21 98
63 46
12 85
64 39
15 82
61 21
61 41
45 15
34 1
81 18
81 80
23 67
85 13
97 65
10 70
59 76
67 24
28 63
5 55
37 41
16 90
66 14
68 18
63 25
83 8
61 17
65 73
75 10
88 45
7 2
83 54
26 85
6 93
61 88
86 56
11 43
14 7
73 45
66 51
35 69
18 80
23 26
62 68
8 9
64 84
34 44
97 34
72 15
13 15
36 34
77 87
32 38
2 49
64 94
30 51
30 3
73 85
47 18
66 4
54 32
43 59
71 31
17 1
16 60
77 95
13 48
19 65
7 83
76 7
31 17
11 90
56 99
