131
1 4
12 6
11 23
10 13
0 13
99 3
10 88
10 0
15 29
18 9
11 32
55 29
10 46
33 30
10 56
6 10
61 10
29 29
50 29
33 15
55 34
18 21
80 15
14 15
15 11
13 84
8 77
29 80
23 70
51 70
29 39
14 74
35 90
1 99
30 99
99 15
10 40
88 16
77 16
23 43
27 2
49 49
51 99
95 5
3 89
80 10
11 71
13 65
24 11
24 34
44 11
46 17
15 55
27 55
3 76
99 23
25 99
34 80
50 39
3 17
8 19
5 20
33 25
55 39
15 20
44 44
10 50
30 44
55 44
15 42
33 40
23 53
27 12
21 17
49 59
32 52
4 7
13 0
88 40
1 70
1 62
1 82
20 34
87 76
77 77
17 78
25 86
30 34
21 7
0 0
5 10
13 88
98 6
11 57
9 78
30 39
18 19
10 54
18 29
51 29
34 15
82 15
57 34
13 75
29 82
23 73
51 73
34 88
8 9
15 10
15 32
32 32
57 29
13 29
11 46
10 44
30 29
33 29
58 29
21 9
18 10
61 11
61 12
99 0
10 89
11 20
11 35
0 10
13 17
10 34
13 27
