146
62 54
31 58
91 42
94 10
22 46
40 29
54 68
61 47
73 39
94 89
85 31
95 46
53 27
49 9
92 77
47 51
33 36
2 21
66 51
30 1
74 86
9 28
59 60
38 69
44 65
10 70
25 10
38 73
3 3
43 22
66 78
31 47
45 92
16 50
89 97
94 30
8 74
64 68
58 67
34 62
77 24
87 3
26 24
48 71
61 33
16 86
84 6
54 55
28 52
29 82
91 73
51 63
40 66
77 35
46 75
97 55
0 53
75 13
25 37
8 33
23 83
42 60
76 64
68 91
37 61
14 46
64 64
29 91
7 40
20 28
67 7
88 76
83 56
20 96
78 96
62 43
81 24
17 43
73 97
16 95
57 15
59 9
1 48
6 68
30 70
2 64
50 41
56 81
76 4
14 37
88 54
14 20
29 32
57 23
39 51
64 84
73 24
72 68
15 25
7 46
23 54
20 24
97 36
76 54
38 20
47 68
39 89
93 53
71 62
63 89
37 1
50 33
25 16
23 91
44 99
23 58
2 16
95 75
55 18
2 40
70 18
93 38
13 68
12 0
49 96
46 27
77 91
35 27
85 12
66 21
83 82
63 24
29 20
61 78
72 94
57 85
54 75
19 1
81 59
40 24
42 73
81 64
84 63
11 17
7 99
42 8
