148
70 65
66 62
85 25
51 21
52 85
78 2
6 14
80 49
31 97
56 38
36 53
3 76
95 20
69 52
94 44
8 99
31 65
30 85
54 7
64 24
75 59
79 9
49 31
4 63
84 91
27 72
13 93
37 60
11 80
97 13
53 76
98 18
81 54
7 51
62 74
93 11
86 20
46 59
65 31
54 13
96 28
28 80
12 52
86 56
18 71
32 43
66 2
22 35
84 30
48 26
33 72
61 54
42 46
27 45
60 27
72 91
50 72
26 3
66 19
56 2
45 87
91 37
34 63
71 97
23 76
72 18
63 8
14 29
10 87
53 27
17 46
20 82
4 86
97 2
58 92
70 84
67 37
78 91
38 91
66 79
68 75
38 38
95 98
83 19
32 92
23 26
60 7
97 38
78 80
62 89
4 47
42 32
71 33
2 40
45 25
89 96
4 91
30 9
19 92
89 30
66 56
20 56
86 13
8 8
9 64
46 43
13 4
40 95
54 73
22 86
19 49
74 9
6 59
27 50
48 94
98 74
3 17
73 82
84 85
99 64
38 43
76 47
49 10
56 53
60 84
65 99
92 24
21 53
1 49
25 82
62 40
34 6
44 56
48 66
52 3
15 85
8 22
19 12
26 89
32 77
11 30
31 14
80 66
1 81
34 80
58 78
63 60
69 69
