159
93 1
21 23
11 36
58 46
40 86
94 43
81 28
7 45
37 58
31 33
29 50
57 97
51 74
61 75
8 15
37 78
24 86
65 43
67 93
85 34
27 53
48 21
26 33
28 11
46 86
41 63
19 78
44 76
59 92
50 47
66 16
6 82
84 67
54 58
99 53
40 41
63 89
58 19
12 64
92 87
89 83
88 58
16 65
99 63
47 78
75 77
62 35
31 25
6 0
70 94
84 12
37 91
27 93
97 82
97 88
3 1
9 9
75 93
89 15
1 43
36 29
41 27
96 95
12 27
33 45
31 37
69 24
96 32
76 73
27 99
36 7
89 68
23 99
27 82
19 69
56 66
23 91
22 10
30 76
54 2
32 52
53 55
58 60
43 1
92 78
52 79
68 42
83 18
81 6
44 32
9 2
18 84
49 34
48 9
6 89
91 5
38 12
12 23
33 84
60 63
48 31
37 33
96 9
15 12
56 30
90 55
16 55
11 56
16 35
92 18
79 98
58 55
25 69
56 14
26 73
47 4
3 71
47 97
49 81
31 65
15 7
68 60
32 56
56 37
41 37
58 82
94 66
13 99
62 52
84 1
15 31
97 47
0 16
56 74
6 50
84 24
52 62
78 65
61 23
12 10
67 4
10 70
52 21
29 21
22 48
75 38
13 1
50 94
2 83
42 4
2 91
35 97
16 93
37 64
25 59
61 16
11 40
11 44
12 33
