155
25 97
80 0
95 97
17 75
12 53
11 47
44 91
95 48
84 24
18 57
1 52
55 9
88 6
29 8
58 14
92 59
91 17
3 47
1 85
21 78
57 51
36 68
38 92
14 82
90 74
68 14
48 13
89 55
57 58
90 65
63 81
16 62
89 26
81 82
7 27
34 86
25 6
93 7
64 47
85 80
76 94
96 74
64 73
0 68
98 86
23 31
17 15
45 18
9 82
50 4
30 96
70 73
72 34
73 82
18 29
8 43
85 53
8 79
73 14
77 27
60 60
6 60
25 60
12 76
46 78
12 95
10 9
35 7
82 65
2 13
21 53
23 48
95 13
80 35
7 15
54 75
17 42
10 62
95 18
13 88
72 0
90 38
65 27
36 97
10 22
53 39
40 45
42 58
24 86
7 46
32 68
2 56
88 31
39 37
49 40
46 64
42 68
9 12
51 48
26 39
74 91
26 53
98 68
19 61
78 7
36 34
54 43
41 1
50 37
24 27
94 25
9 67
48 88
98 1
53 97
8 32
93 40
89 60
36 14
26 44
41 25
11 3
66 21
41 84
64 99
77 76
69 28
14 39
94 2
1 78
73 75
74 78
19 3
62 87
13 13
22 22
33 22
43 76
67 7
82 94
29 69
21 94
65 92
2 31
0 60
33 42
75 36
21 70
34 53
46 68
68 82
50 44
8 6
24 18
8 53
