149
22 61
67 53
86 34
85 65
44 76
97 52
68 7
46 46
79 53
15 81
15 66
15 31
5 91
39 36
19 36
64 37
16 18
25 65
44 5
29 30
91 95
56 13
48 80
96 74
57 58
67 70
36 54
74 78
39 47
69 36
17 13
69 61
80 48
23 98
70 96
83 94
22 3
75 43
23 53
62 12
19 54
18 59
5 41
73 1
75 7
4 35
62 24
76 47
61 89
20 66
60 96
74 11
36 95
62 58
22 11
55 85
5 28
5 10
45 17
8 63
96 15
3 48
2 88
4 1
79 64
16 99
35 18
49 51
51 24
55 99
92 20
29 23
60 1
97 44
1 43
25 8
6 99
42 79
2 84
5 56
66 50
72 8
36 84
95 33
12 99
81 26
91 48
11 82
88 70
35 99
74 4
95 85
57 90
66 80
91 26
74 82
75 16
36 74
82 61
22 34
27 50
52 52
9 31
4 61
12 73
46 69
42 32
34 48
27 14
31 73
39 51
22 74
78 75
72 56
67 45
54 32
51 69
41 56
68 13
25 27
76 34
65 65
78 19
51 93
63 85
31 45
26 11
11 62
31 79
10 42
58 80
18 78
18 51
90 16
40 88
85 20
33 68
94 79
56 69
29 64
22 95
85 79
61 6
21 7
5 77
70 83
94 39
53 4
23 58
