118
7 51
35 99
22 84
35 64
48 66
52 71
64 73
1 89
2 20
6 21
9 99
12 72
17 46
17 60
22 36
29 93
34 89
35 78
46 92
59 77
67 86
70 92
77 81
0 52
1 26
2 57
7 16
10 91
14 17
14 37
14 79
15 74
22 77
26 86
27 45
27 80
29 50
32 72
37 45
37 82
41 52
48 87
50 98
51 76
52 85
56 67
57 95
58 83
63 97
76 99
0 62
0 94
3 9
4 42
4 81
4 95
5 45
5 61
7 12
7 38
8 27
8 44
8 86
10 23
10 57
10 63
11 31
12 41
12 84
17 24
17 55
17 86
17 91
18 40
19 52
19 75
19 82
19 96
21 68
22 28
23 31
24 69
27 37
27 41
27 64
28 67
28 89
30 31
30 61
31 42
31 76
32 68
33 46
35 51
38 58
39 70
39 94
45 79
46 58
48 80
50 58
53 57
53 82
55 60
55 79
59 70
61 91
69 99
74 86
75 77
77 93
82 85
94 97
21 60
37 88
46 70
31 94
67 74
