148
16 17
82 36
23 40
55 32
45 61
73 63
12 70
38 96
69 60
63 20
49 46
66 78
31 95
22 7
24 97
94 24
5 62
22 73
94 99
62 67
67 55
31 63
44 0
23 91
54 42
94 32
25 54
88 46
18 55
37 90
11 29
46 10
58 48
24 80
54 48
98 96
84 90
91 91
58 62
88 21
81 66
66 1
88 41
17 70
66 40
69 20
65 28
35 22
99 45
7 91
10 47
19 95
35 52
57 74
23 3
75 69
74 29
56 78
35 63
14 76
72 73
67 91
78 43
97 65
5 50
41 9
99 40
18 50
42 92
58 91
38 61
82 76
33 32
78 91
93 72
18 65
45 77
83 62
2 56
35 10
95 17
85 32
9 10
22 35
62 51
7 66
87 1
67 32
8 85
33 6
54 92
29 22
90 96
50 30
66 23
54 69
18 39
95 84
87 17
29 2
58 40
69 43
82 95
7 54
12 22
50 7
91 29
95 46
14 48
29 60
30 81
35 85
35 58
52 76
1 29
1 77
90 88
94 9
59 30
84 44
62 12
11 62
97 60
99 88
85 72
62 96
92 45
98 50
45 23
59 1
4 7
38 37
72 25
9 38
13 25
55 14
1 24
1 85
5 0
63 57
25 21
96 41
85 51
2 18
72 44
10 17
35 98
11 67
