104
97 26
97 52
4 38
10 54
30 52
97 64
2 61
3 88
14 44
16 57
1 12
1 21
5 68
7 33
17 37
23 31
24 57
32 38
36 24
94 90
96 83
97 33
97 41
2 97
9 25
18 5
27 46
97 72
11 11
11 83
13 76
22 96
23 8
91 45
92 35
97 19
1 1
1 6
6 93
10 30
10 74
12 97
13 14
16 18
19 21
22 24
26 11
26 22
27 92
29 14
30 30
30 88
31 24
33 85
34 34
36 83
40 82
42 17
42 23
47 17
49 82
51 19
52 29
54 38
55 48
56 56
57 69
58 82
86 15
90 24
91 28
93 19
93 40
93 50
93 56
93 61
93 74
93 86
96 13
99 15
4 23
5 58
5 85
18 44
26 29
28 57
8 71
97 75
1 99
3 68
3 96
7 25
12 84
13 10
14 78
16 7
23 95
25 44
28 48
93 33
93 46
94 26
97 20
97 56
