133
71 61
40 59
31 35
64 36
74 24
74 18
39 46
23 29
55 72
55 65
54 30
23 79
79 62
67 26
90 48
25 3
21 63
22 70
28 77
64 42
82 75
36 60
79 24
53 25
33 56
18 76
64 18
36 75
66 64
74 13
72 70
79 30
28 9
69 46
71 76
60 66
59 49
34 22
42 23
60 58
69 56
7 72
73 81
28 67
44 63
0 69
32 67
85 82
78 70
7 28
36 82
28 23
41 90
64 55
10 29
65 29
33 49
30 59
0 0
21 41
83 25
27 93
48 15
76 31
62 23
12 77
82 44
65 67
7 53
21 52
78 58
46 93
43 57
42 86
20 30
31 30
26 43
84 33
79 55
41 16
35 9
84 60
47 38
42 33
99 50
22 57
4 70
56 34
28 27
51 58
14 18
98 54
68 53
7 98
61 78
17 20
13 68
61 32
48 62
56 54
83 38
18 27
72 28
35 52
36 17
19 37
63 71
25 87
15 24
13 36
89 71
18 56
10 18
48 75
81 81
67 82
72 41
28 81
74 78
26 74
21 23
89 20
73 88
45 17
36 32
85 16
49 5
63 4
33 27
24 67
76 27
58 70
31 39
