148
6 18
66 80
89 72
38 4
64 23
56 83
97 31
46 59
57 36
15 61
87 31
60 43
77 77
80 57
31 48
58 56
18 72
85 64
43 30
42 41
49 89
44 47
86 95
12 70
60 64
57 47
33 65
77 64
16 51
7 75
46 24
33 60
38 56
22 50
15 93
50 53
34 31
31 4
53 14
24 97
35 42
62 90
3 13
97 38
46 2
52 33
75 99
4 57
32 39
4 66
71 31
12 27
3 79
23 36
61 20
86 49
24 10
41 90
26 80
35 28
67 63
42 52
27 63
94 16
51 20
92 92
26 18
36 68
46 36
23 86
49 4
61 97
63 70
18 80
47 70
86 19
28 2
37 87
50 17
10 8
36 91
26 68
46 31
23 17
70 13
15 43
89 44
2 6
18 2
62 2
0 18
93 99
93 44
73 84
31 78
23 74
63 37
98 52
69 25
89 37
70 51
46 81
0 93
95 83
18 25
29 37
78 21
32 72
73 6
81 74
76 87
54 2
51 97
68 37
98 47
81 40
68 85
66 51
52 61
91 10
99 20
19 85
30 30
9 47
41 45
27 55
59 69
73 95
39 93
39 38
0 1
19 69
53 46
76 11
48 77
18 6
38 21
23 66
38 30
70 62
13 49
59 16
53 30
27 75
11 21
27 44
53 38
8 14
