148
74 32
53 45
47 73
78 66
52 7
19 90
57 91
60 60
64 12
83 60
79 97
27 15
71 75
55 34
87 72
23 11
19 24
27 24
4 54
72 4
66 36
40 45
46 43
2 25
73 28
99 47
69 84
38 61
86 0
83 66
86 21
28 33
13 25
30 58
18 36
75 60
39 80
9 62
64 4
71 1
36 8
37 56
32 33
73 96
41 65
73 54
82 77
86 69
82 69
95 26
40 9
47 61
27 5
0 73
9 83
45 35
92 59
79 74
22 35
45 31
19 16
33 53
43 60
17 54
83 27
14 93
17 65
8 14
1 2
90 12
10 80
87 6
58 43
16 18
97 44
3 79
92 74
27 93
95 91
33 43
98 58
20 64
50 87
86 56
62 43
71 89
41 20
10 37
15 9
61 87
80 83
27 49
34 94
66 45
31 14
80 19
89 61
25 86
60 38
40 49
84 88
22 17
64 8
40 14
31 88
10 54
85 9
47 23
89 83
3 71
18 48
58 13
87 90
81 91
3 34
29 53
13 98
96 23
50 19
12 31
41 37
81 46
57 51
40 0
78 53
81 6
69 99
2 21
79 39
2 44
31 65
55 68
91 96
86 51
56 57
65 30
74 23
34 37
88 78
27 72
6 49
35 22
6 88
78 28
68 72
63 59
68 76
49 5
