148
66 32
5 76
46 68
53 9
1 52
20 25
88 5
40 17
60 67
15 50
61 85
19 96
98 45
26 53
59 14
85 73
87 43
15 3
23 43
23 62
87 56
23 56
86 92
0 89
62 54
80 13
48 58
23 73
36 18
72 22
34 66
41 60
31 27
93 68
90 72
16 31
55 24
36 80
29 75
45 91
77 18
62 4
36 93
89 31
99 5
63 13
97 83
23 17
87 35
89 13
70 13
58 97
8 15
85 32
95 73
89 52
81 83
76 97
9 66
15 74
29 9
80 29
21 37
71 80
24 3
42 75
75 42
59 0
49 78
38 71
4 14
85 65
8 30
53 77
78 68
67 19
95 5
98 52
45 96
12 96
71 32
63 42
2 33
76 10
67 58
85 83
0 16
53 96
93 51
26 11
78 50
35 53
91 99
84 57
51 37
96 70
15 89
49 26
17 81
39 46
13 37
27 78
53 43
12 82
9 84
4 81
51 22
1 84
36 26
74 62
91 7
20 11
99 29
38 96
21 81
33 6
80 7
95 9
32 14
7 63
30 82
28 67
9 38
0 20
85 69
58 73
0 80
3 38
34 11
39 56
52 53
2 65
24 90
36 49
32 97
60 51
95 64
46 1
91 75
27 17
54 27
98 16
62 24
49 95
42 13
43 88
36 37
1 48
