150
49 44
85 1
29 70
70 39
4 6
57 58
17 44
1 99
76 50
84 16
80 13
68 34
26 67
70 81
77 33
75 95
77 6
7 91
2 83
19 86
30 56
17 34
94 45
57 94
3 14
99 5
7 53
67 86
52 59
59 67
33 46
53 54
54 40
57 99
66 93
70 19
60 53
72 71
41 35
57 19
14 40
37 73
33 82
33 27
45 70
10 18
30 92
12 80
67 14
56 84
21 11
70 13
79 78
83 54
34 99
48 52
78 58
34 54
71 53
27 7
39 52
55 13
73 23
73 66
48 74
34 10
61 90
45 25
67 90
14 8
49 28
88 68
87 34
21 75
43 90
14 58
37 37
29 50
1 29
97 99
19 2
24 90
84 28
63 35
14 86
45 64
90 44
32 95
44 48
41 26
4 1
72 45
78 47
11 94
45 6
52 86
52 2
99 96
8 68
56 16
49 79
92 71
37 48
83 47
73 36
95 29
34 34
13 0
92 8
36 14
55 31
9 99
72 76
91 92
22 66
82 23
95 82
0 1
61 31
77 99
94 89
23 87
42 73
67 79
97 18
63 12
60 21
90 95
34 76
42 53
4 87
98 83
13 13
33 17
50 37
15 93
34 69
13 32
64 19
69 0
66 65
65 32
51 97
85 91
76 64
45 80
25 53
2 9
36 57
11 10
