133
42 25
57 61
44 95
53 87
58 97
0 75
95 75
93 1
69 71
29 9
81 49
9 61
26 92
75 26
45 10
73 22
35 95
72 53
23 58
92 53
23 69
44 6
75 41
56 53
86 25
80 19
54 27
4 13
42 56
63 6
48 53
7 8
29 98
31 23
97 15
80 58
54 35
38 82
50 7
10 44
86 95
43 20
68 39
8 35
49 36
3 0
75 70
99 38
20 20
37 48
10 81
14 74
8 97
72 14
15 88
91 44
81 77
40 9
11 51
51 65
24 34
61 90
84 19
38 69
62 47
2 28
25 80
34 52
60 42
50 23
20 37
66 17
97 3
94 8
9 67
65 65
4 56
64 88
2 93
53 20
75 78
94 46
5 31
3 97
83 93
6 81
20 15
18 93
99 54
85 46
40 98
14 48
91 7
39 29
67 55
88 84
78 74
93 25
31 63
16 18
13 11
41 35
21 45
58 30
60 56
59 7
80 34
28 55
46 80
53 70
69 2
34 73
89 49
89 80
14 61
67 22
11 78
36 44
50 82
18 56
27 75
65 79
98 59
27 17
24 74
59 23
15 64
51 50
60 77
74 1
63 36
48 0
79 95
