154
31 56
18 92
49 28
89 14
3 78
35 36
92 53
13 23
45 1
88 27
21 83
8 28
30 43
89 34
3 5
56 84
89 44
25 89
16 59
36 13
6 95
34 6
8 79
67 77
95 11
55 79
26 21
24 4
48 45
93 6
93 61
16 27
77 60
64 14
43 51
24 14
60 64
39 34
11 45
40 82
43 89
21 59
95 49
22 31
47 34
60 24
67 61
87 68
50 19
24 0
18 21
22 77
65 22
83 51
21 54
83 4
90 1
29 74
88 86
67 3
9 5
48 64
52 10
31 66
1 33
30 2
35 63
88 64
51 3
46 57
42 86
69 48
13 15
9 39
55 44
18 66
17 34
9 69
38 85
47 41
60 71
61 19
1 75
39 9
86 80
37 22
87 4
14 37
5 99
40 49
19 48
11 34
36 0
85 25
1 18
58 18
36 25
17 9
68 27
43 61
3 11
96 22
94 90
84 13
23 50
82 17
1 0
83 40
57 27
36 72
6 91
31 78
72 92
97 82
5 61
73 57
67 15
72 97
22 66
70 89
71 11
4 31
75 66
82 1
58 49
9 13
74 88
27 16
80 54
45 14
12 0
44 26
5 25
31 13
62 96
41 44
40 69
72 69
62 7
18 30
6 47
5 68
56 63
40 20
47 86
74 51
79 34
52 66
59 10
50 59
92 99
46 50
3 45
10 22
