150
48 93
49 36
85 2
54 73
81 96
60 80
98 46
16 45
17 11
66 36
46 52
78 45
3 15
8 90
6 2
82 81
4 45
34 28
38 52
32 21
23 54
87 15
9 36
5 97
13 69
33 37
54 35
87 58
30 52
58 62
75 9
90 18
1 83
27 39
78 88
44 41
85 75
30 92
99 26
22 36
40 65
52 60
80 17
20 23
92 48
20 93
59 30
31 88
21 72
60 46
30 15
96 32
88 31
42 20
1 31
70 44
54 95
62 49
13 75
14 84
94 22
24 81
51 94
95 28
15 41
53 24
70 9
42 15
98 15
57 37
3 94
50 14
66 74
0 70
61 52
87 72
50 86
97 51
55 88
38 44
62 0
95 0
52 11
12 39
28 79
71 97
77 67
87 8
59 10
50 77
73 81
94 40
89 35
10 18
80 72
74 20
44 9
92 44
42 75
35 98
36 75
68 40
16 29
83 55
30 66
0 79
84 41
90 51
67 81
49 70
98 8
28 71
68 22
36 19
55 51
98 89
77 39
80 34
13 56
17 85
96 56
49 9
28 24
83 90
8 24
71 41
76 97
85 37
44 48
41 3
75 71
12 61
64 10
89 69
29 98
43 38
9 62
68 69
15 94
44 34
37 40
60 99
21 89
21 78
62 39
20 84
13 81
94 73
74 24
51 33
