145
55 76
64 23
30 7
79 33
4 71
59 37
70 37
30 14
31 64
99 29
78 2
32 70
1 79
56 57
46 63
85 65
23 13
38 92
57 24
69 98
61 12
43 45
40 60
93 11
99 17
97 71
97 66
6 65
81 77
46 23
58 61
19 62
33 46
3 23
96 15
44 83
36 18
75 21
97 87
35 51
27 16
10 88
72 19
65 57
43 75
69 27
94 4
66 82
64 34
77 38
89 13
48 6
9 54
5 83
1 17
21 26
49 46
37 59
1 92
65 6
20 6
37 89
32 34
79 16
22 80
33 75
62 81
35 39
28 53
70 91
34 92
5 50
88 3
8 1
38 32
79 96
38 54
67 31
47 99
30 59
63 15
69 5
21 57
81 27
72 31
21 19
56 88
99 39
36 12
30 80
0 37
91 7
56 51
80 54
94 24
54 13
55 40
51 95
24 69
78 43
37 99
40 68
37 35
84 41
89 55
11 17
53 59
50 69
90 18
39 16
73 87
56 21
22 22
26 89
3 6
39 46
84 93
0 26
19 32
74 93
93 86
71 55
58 96
27 44
88 81
72 1
59 70
42 32
48 42
28 73
16 31
51 84
67 15
89 27
54 47
20 88
68 0
43 52
91 92
73 10
21 3
79 80
8 71
67 38
0 70
