154
30 72
8 76
89 69
5 93
58 68
26 85
95 71
12 12
81 14
94 13
69 11
75 54
77 3
71 25
19 27
45 44
37 80
5 84
87 82
31 20
91 40
82 58
18 33
54 74
8 49
37 55
0 76
93 62
51 85
31 28
42 9
62 27
31 60
52 59
35 31
28 17
86 94
4 3
11 27
29 64
91 83
53 28
57 75
35 0
97 20
89 54
43 35
97 43
48 12
77 33
15 48
10 70
79 46
90 8
29 98
37 10
29 12
48 35
58 81
46 20
34 89
81 21
68 93
59 48
34 81
41 98
99 7
29 4
40 51
34 8
63 50
68 33
51 46
65 63
11 96
6 14
19 80
20 87
48 76
1 87
96 34
98 82
43 14
20 58
0 92
92 33
64 97
22 64
13 80
64 77
25 19
47 97
20 69
99 67
41 62
2 14
46 39
30 7
68 98
16 16
70 21
33 67
96 93
88 25
83 47
57 15
8 43
70 29
75 28
0 9
90 80
7 29
8 4
65 30
35 85
69 16
92 73
73 60
52 24
84 55
45 54
93 6
93 43
13 31
24 24
68 57
17 54
23 35
59 31
9 56
69 1
51 7
21 48
0 49
89 93
71 84
37 27
61 64
67 20
7 65
10 23
8 86
30 51
15 72
79 10
74 72
66 40
85 91
40 30
33 50
16 85
82 38
8 97
27 69
