153
36 69
14 15
35 27
68 48
30 63
21 43
7 48
77 90
22 89
20 95
8 81
36 10
66 91
34 79
14 48
29 17
40 65
5 8
82 60
82 29
97 83
52 6
49 43
1 55
47 6
27 40
77 46
77 18
67 1
34 13
28 24
6 93
12 2
10 61
19 14
63 52
46 98
34 75
56 3
71 35
73 11
89 19
84 73
15 10
36 98
14 68
91 26
84 68
31 42
49 32
71 97
14 27
9 19
59 82
73 40
30 57
88 16
69 69
77 74
48 12
22 82
86 60
82 10
98 13
60 30
20 75
38 48
76 97
92 50
51 82
56 54
2 68
44 75
81 6
99 53
80 14
11 35
47 93
41 93
89 91
66 33
51 88
67 99
11 30
42 88
31 51
28 66
30 30
38 34
8 40
77 62
1 77
38 75
29 46
45 53
47 35
69 81
85 9
81 54
52 73
14 60
65 29
39 79
63 74
15 87
78 36
55 88
6 36
39 23
95 93
85 17
69 7
17 33
13 64
49 21
5 72
20 64
61 69
11 23
79 24
90 1
48 68
38 92
27 80
65 70
92 9
1 91
71 28
37 61
27 95
94 24
4 25
42 82
19 84
3 99
95 29
90 98
49 48
0 16
72 67
95 97
95 56
68 36
89 76
24 51
13 5
14 41
62 84
99 60
67 77
0 85
67 43
56 30
