150
41 64
24 8
71 65
37 44
27 44
29 14
56 48
3 8
39 78
81 59
50 79
26 80
48 17
24 62
52 99
90 18
25 5
39 54
72 49
24 25
64 49
85 72
51 1
3 28
16 32
76 77
86 40
78 10
59 4
10 11
6 87
5 61
91 28
90 49
79 64
47 44
47 38
39 20
97 10
50 61
23 48
34 16
23 75
95 55
97 48
52 95
48 88
10 80
45 25
42 51
31 6
87 85
95 60
34 87
6 58
84 89
43 10
17 50
17 96
92 24
59 77
13 48
34 66
33 21
15 79
64 78
30 17
97 39
66 73
40 73
3 20
4 44
79 41
77 97
36 59
88 46
86 66
41 99
73 3
48 23
53 7
71 22
97 64
80 19
24 72
34 41
71 70
74 10
83 95
47 12
94 78
70 80
74 80
73 28
53 87
77 74
29 23
69 18
42 6
64 20
12 86
96 68
59 11
23 55
78 30
18 11
36 24
56 70
61 33
3 91
99 14
98 43
75 58
99 77
88 55
99 1
71 34
83 22
92 68
62 67
92 56
80 96
55 61
68 58
86 18
97 25
24 68
59 52
61 42
65 88
92 9
73 92
58 25
53 47
38 15
50 13
5 50
66 24
40 87
77 47
80 52
94 88
51 33
33 93
39 1
90 87
11 70
36 10
77 91
43 61
