155
17 92
36 27
96 47
41 42
52 69
1 62
88 13
13 49
7 86
55 16
15 36
51 98
3 86
66 64
9 18
52 53
19 37
11 78
31 91
20 74
73 10
95 35
83 15
87 80
49 39
94 71
0 36
66 71
24 99
35 87
51 45
49 18
47 14
96 81
32 9
89 71
44 37
33 62
36 33
65 21
23 57
31 26
28 36
0 1
8 97
62 31
36 77
68 48
73 98
56 27
72 28
98 40
79 72
53 38
74 69
22 53
57 46
38 38
97 54
92 97
20 80
83 57
61 51
69 52
78 64
95 63
15 58
16 2
79 68
94 26
51 26
34 58
57 9
18 86
44 3
47 30
80 60
37 0
46 81
35 96
18 18
27 79
99 67
57 31
12 6
35 73
74 55
12 99
37 66
74 94
42 75
46 89
91 93
76 21
40 16
99 60
13 39
92 37
85 75
78 35
90 33
24 24
78 77
59 79
3 90
91 56
61 97
73 75
70 90
99 1
44 70
71 68
36 61
65 54
1 22
62 93
47 34
8 15
19 21
69 4
54 57
76 3
18 9
62 9
75 36
6 0
26 47
57 91
78 25
61 17
14 87
93 53
0 55
65 47
0 96
23 11
9 1
18 55
70 25
16 50
85 70
54 93
86 49
39 49
72 84
81 97
33 44
34 81
13 14
25 95
91 0
45 58
72 62
50 72
1 66
