154
83 2
79 15
50 89
64 17
98 8
8 77
92 47
63 44
90 17
57 53
66 7
12 88
42 95
51 38
87 98
60 16
78 59
77 98
43 9
95 84
46 42
94 34
23 69
78 65
41 35
67 39
25 2
13 97
55 32
33 81
94 54
44 51
39 87
72 19
21 5
9 60
31 63
93 99
58 78
96 72
3 55
19 68
15 82
91 37
29 52
76 91
61 27
32 37
0 8
48 49
41 31
27 85
62 64
17 56
39 6
71 66
41 81
1 95
9 22
1 90
93 1
7 8
21 79
70 53
18 1
72 83
20 19
26 32
22 76
56 47
39 45
23 49
58 72
50 6
12 15
8 43
1 44
63 60
40 16
14 24
28 1
77 6
34 12
50 28
46 68
40 51
47 93
61 96
15 68
29 7
59 22
13 7
16 29
63 4
52 15
2 19
67 67
5 84
60 82
87 41
72 29
95 75
86 75
71 10
99 67
52 33
2 79
66 85
88 50
51 98
59 86
0 1
54 44
57 58
65 36
0 14
33 1
12 47
17 88
72 94
42 12
53 90
44 47
42 72
47 80
60 10
77 88
7 67
6 50
92 10
57 98
26 90
18 36
8 34
51 25
35 43
16 48
93 79
87 35
76 30
88 59
0 64
84 91
66 77
92 51
4 88
45 4
67 58
85 60
15 20
81 43
63 20
46 88
87 6
