155
54 10
8 29
65 4
56 76
33 63
3 68
92 84
54 41
23 11
90 23
21 30
69 37
57 58
83 89
75 45
10 86
62 24
55 50
52 16
45 72
63 12
48 14
16 31
14 95
12 18
77 89
48 64
60 91
70 81
40 95
58 21
77 64
26 55
12 5
22 66
28 79
47 69
44 10
67 46
47 60
37 65
43 79
34 93
70 25
19 40
16 73
11 68
63 84
92 47
86 97
57 17
85 67
39 88
64 38
88 66
27 24
54 85
87 14
99 16
37 77
47 88
26 35
83 39
28 90
46 31
87 83
38 42
78 39
94 94
67 56
59 46
7 8
42 59
91 43
42 26
90 54
11 34
53 23
93 37
12 98
98 78
93 87
71 22
30 13
57 35
70 9
66 63
69 51
4 76
59 71
36 30
88 5
5 21
51 2
87 18
0 80
81 98
13 54
34 52
84 44
15 15
46 91
41 82
73 96
2 88
47 53
61 30
39 25
97 37
36 87
36 15
68 86
93 68
82 75
95 75
98 43
38 18
70 67
42 99
31 17
87 10
23 1
79 48
99 22
78 97
41 92
13 79
14 46
69 97
19 50
78 26
30 98
90 17
93 16
64 18
98 25
24 25
86 74
14 42
87 93
54 54
7 84
77 14
72 56
28 28
77 23
27 20
73 16
59 88
82 0
92 79
0 16
20 53
63 74
8 24
