159
68 72
30 88
23 4
3 4
31 85
13 65
77 29
15 14
58 91
4 29
20 79
4 68
85 55
25 77
78 66
70 76
51 59
51 37
17 5
27 98
72 38
37 85
41 48
40 63
40 35
83 87
96 81
74 79
66 84
20 37
46 96
31 27
62 75
10 25
78 80
52 54
8 87
9 51
26 54
46 51
45 27
28 72
12 57
54 7
22 33
85 41
41 67
35 14
49 20
52 90
75 70
84 78
37 21
69 58
52 77
8 56
47 82
93 92
85 5
31 9
20 96
53 83
9 17
75 45
46 6
9 7
79 74
99 88
37 98
32 38
71 63
52 43
39 41
56 61
25 57
91 36
75 84
84 97
58 19
79 23
91 75
69 90
44 76
27 81
95 85
40 7
60 47
76 9
27 42
4 23
90 54
59 36
45 60
48 9
27 24
27 29
57 73
37 78
82 30
21 46
80 58
90 49
59 96
41 84
70 98
56 11
94 19
9 12
22 49
5 15
57 3
39 52
5 79
14 19
18 64
46 45
54 97
8 76
50 73
61 28
9 71
13 0
86 92
68 34
80 71
26 5
95 44
14 54
20 30
66 93
35 69
26 66
0 7
64 5
81 90
49 28
87 44
88 84
21 89
81 37
86 59
91 17
36 40
4 59
49 78
22 71
97 78
84 1
33 24
75 59
35 46
32 56
87 67
83 67
45 39
72 89
63 87
22 84
65 73
