147
71 15
1 1
3 47
8 26
54 98
67 93
78 15
79 58
5 10
4 27
10 83
18 10
18 92
21 27
22 3
30 68
32 54
33 2
35 19
37 67
38 42
41 44
44 16
55 18
58 95
61 87
65 16
68 76
72 55
73 20
75 77
81 69
84 83
84 28
85 12
87 46
95 79
98 16
2 35
6 18
7 39
7 5
8 8
10 15
12 49
13 3
13 13
14 29
14 88
17 1
17 25
20 23
20 86
21 39
23 10
23 55
24 19
24 36
15 19
11 7
25 74
9 93
16 73
19 19
19 58
26 26
26 99
27 8
27 85
28 17
28 56
29 48
29 29
30 41
31 10
32 17
34 43
35 96
36 37
37 2
39 79
40 33
40 7
41 25
42 29
42 61
43 68
45 8
45 32
46 46
46 13
47 18
47 94
48 29
48 99
49 56
49 87
50 6
50 15
51 18
52 77
52 38
53 85
53 13
54 55
55 79
56 24
57 31
58 47
59 53
59 7
60 17
61 75
62 39
63 45
63 4
64 33
64 98
66 67
66 88
68 55
71 48
74 62
76 90
76 81
80 87
82 3
82 37
83 56
87 27
88 3
88 74
89 59
90 71
90 11
91 53
91 15
92 21
92 67
93 39
93 1
94 49
94 7
95 4
96 64
99 68
78 63
