150
85 98
43 26
35 12
95 61
52 74
12 77
87 76
93 27
77 91
6 31
81 33
83 67
4 53
65 87
50 50
20 15
46 19
53 90
29 49
12 20
10 36
34 38
14 65
54 99
70 50
94 17
25 1
42 60
89 90
90 39
56 69
23 90
80 63
6 98
46 38
68 90
49 54
71 73
74 10
29 66
82 89
98 26
88 64
71 85
54 8
34 66
93 48
21 75
15 39
57 42
13 46
72 76
70 5
82 46
71 94
23 9
44 45
98 7
57 72
11 74
8 40
67 70
71 11
27 44
78 13
50 35
19 90
87 37
68 64
88 2
28 54
56 48
65 65
55 5
70 17
18 20
37 49
2 91
83 38
35 35
83 30
41 73
89 16
89 70
51 41
65 55
74 28
40 28
66 25
37 29
29 70
7 70
98 32
1 82
33 9
22 93
22 83
94 89
89 12
27 30
3 18
24 35
17 79
69 2
53 31
8 76
50 15
68 81
87 81
54 18
94 45
92 77
12 89
93 55
23 56
42 9
38 2
57 84
25 74
86 71
55 25
78 42
46 64
22 60
74 56
53 82
31 97
54 40
37 39
41 67
82 73
72 34
18 94
60 36
29 87
79 28
46 13
85 10
23 65
10 67
72 0
39 45
12 31
2 38
44 0
64 34
16 56
17 5
48 69
87 54
