161
2 51
13 37
13 6
36 29
10 83
55 5
72 72
77 17
78 80
71 14
40 92
35 47
8 9
34 39
26 62
44 72
3 28
39 95
89 84
42 63
53 44
89 71
48 88
97 50
63 4
50 46
51 69
73 65
87 88
32 85
60 75
39 6
87 48
91 41
17 9
27 82
61 49
83 40
34 14
59 52
20 93
42 85
50 95
76 43
29 31
89 20
3 71
71 46
59 25
43 37
72 40
5 7
4 32
40 49
39 52
26 35
77 31
9 68
46 26
54 85
82 86
96 86
58 29
57 96
60 39
36 78
19 83
45 17
20 49
78 64
5 40
96 68
31 90
81 99
16 75
85 72
9 64
45 69
97 91
69 92
79 34
6 59
68 52
85 68
74 30
14 45
43 56
7 75
1 38
77 4
36 22
58 99
86 9
86 16
1 57
25 97
42 12
96 77
7 52
71 89
46 92
51 84
16 48
5 44
88 13
66 97
50 37
47 81
86 59
25 31
86 78
85 0
80 10
20 40
17 25
27 9
80 54
23 77
40 17
97 96
0 88
81 81
49 29
54 39
34 0
36 60
90 93
54 13
46 10
70 95
49 17
54 52
92 55
48 56
64 89
4 4
39 11
16 1
58 61
73 4
32 44
80 50
17 44
26 2
62 36
48 49
31 20
1 95
38 55
4 80
73 97
81 89
76 36
84 47
88 98
9 93
39 45
64 0
24 14
24 27
97 23
