87
60 60
11 11
61 11
11 61
11 39
61 39
11 89
61 89
33 33
83 33
33 83
83 83
33 17
83 17
33 67
83 67
3 3
53 3
3 53
53 53
3 47
53 47
3 97
53 97
42 42
92 42
42 92
92 92
42 8
92 8
42 58
92 58
20 20
70 20
20 70
70 70
20 30
70 30
20 80
70 80
65 65
47 47
97 47
47 97
97 97
47 3
97 3
47 53
97 53
28 28
78 28
28 78
78 78
28 22
78 22
28 72
78 72
37 37
87 37
37 87
87 87
37 13
87 13
37 63
87 63
15 15
65 15
15 65
15 35
65 35
15 85
65 85
23 23
73 23
23 73
73 73
23 27
73 27
23 77
73 77
8 8
58 8
8 58
8 42
58 42
8 92
58 92
