148
66 90
60 96
3 80
20 58
24 20
64 41
55 41
3 62
30 10
21 50
46 52
83 23
18 75
21 64
59 86
78 61
66 80
10 48
84 42
98 44
27 61
30 40
18 92
29 26
93 82
20 7
95 50
61 80
82 92
64 63
69 0
20 33
1 42
44 21
80 41
2 16
96 72
58 8
97 93
15 53
34 87
93 12
42 63
32 84
26 1
41 27
23 43
52 72
59 38
53 66
76 19
97 60
86 4
38 38
72 12
37 17
82 96
28 56
50 69
17 34
83 59
80 30
14 20
75 11
47 44
97 24
93 98
79 20
16 82
91 91
60 69
63 34
59 30
43 34
66 53
16 45
65 68
0 36
24 37
89 96
79 91
7 4
44 47
29 86
76 3
73 0
72 88
83 77
79 55
29 90
60 74
51 55
9 70
88 54
45 77
35 6
56 67
43 97
54 44
24 33
77 7
34 37
39 42
99 6
38 94
43 82
86 36
9 55
39 97
96 28
46 18
34 19
30 4
53 34
39 4
29 32
65 37
7 19
39 46
18 23
35 58
60 57
26 82
70 51
50 43
73 40
34 72
95 64
49 30
93 76
89 79
20 40
86 30
44 57
57 14
27 7
98 57
99 81
3 54
74 97
45 14
4 29
66 21
36 65
81 50
0 82
23 47
57 97
