152
31 13
74 25
59 31
12 5
29 68
69 42
93 71
37 8
40 57
53 25
91 20
15 56
97 20
64 55
74 91
28 7
29 38
51 84
0 65
76 71
76 46
73 9
87 60
39 93
12 42
12 11
40 62
39 34
18 76
33 95
25 8
19 13
44 68
80 43
15 98
59 83
21 26
74 43
82 4
90 37
74 4
65 82
59 89
32 74
91 63
26 91
33 99
3 47
99 94
18 31
20 83
91 26
4 12
86 93
2 39
42 86
67 50
89 11
73 97
66 72
41 25
99 76
34 84
36 91
53 64
28 94
68 85
65 47
72 55
65 2
98 49
79 12
15 71
44 3
72 21
60 62
39 68
97 44
27 24
16 66
58 17
69 30
43 99
65 68
25 99
49 72
94 0
96 57
31 91
63 96
9 0
52 76
52 45
36 67
30 48
51 38
97 26
87 26
6 82
10 55
72 38
83 80
26 53
17 36
45 22
0 58
16 6
15 82
36 53
36 71
99 39
55 15
71 92
49 93
27 34
79 81
77 60
83 47
8 68
60 69
3 52
5 44
47 18
21 22
69 61
59 50
14 87
71 50
56 11
46 0
39 50
57 39
63 44
45 32
89 51
65 38
22 48
23 36
23 93
68 23
46 10
13 38
59 20
94 14
49 1
73 0
86 0
49 34
92 34
56 71
26 75
74 29
