150
11 52
12 34
3 52
77 62
38 33
85 66
71 41
72 3
74 27
91 95
26 91
24 22
42 69
74 81
28 83
91 78
84 18
0 35
68 27
62 53
12 66
32 8
38 5
69 77
87 28
15 94
88 8
13 8
65 75
43 34
84 26
12 77
92 56
32 85
0 0
58 72
57 8
5 61
81 86
98 70
15 23
22 39
76 13
27 62
61 77
5 73
59 62
43 12
66 12
36 96
16 30
20 74
70 14
83 58
56 79
92 25
41 6
33 91
22 67
99 95
74 65
81 34
51 40
2 21
51 90
60 67
71 93
31 98
4 18
67 2
30 94
1 7
96 32
71 97
77 50
38 93
78 0
96 20
3 90
36 66
33 3
25 26
40 23
4 12
77 99
72 72
83 69
1 14
22 2
45 90
52 17
21 6
96 51
91 43
98 8
92 51
89 87
11 44
37 1
64 22
75 96
10 16
95 55
92 75
80 90
53 21
58 55
66 92
26 6
54 10
32 63
50 5
87 21
58 45
33 26
17 40
70 81
45 79
82 30
67 63
10 60
36 84
19 84
79 76
49 96
49 87
93 90
32 30
79 93
73 49
7 69
74 89
50 34
83 98
61 39
86 42
29 67
63 1
0 26
20 15
44 82
78 84
78 80
20 87
18 69
18 52
76 18
99 45
43 51
8 53
