103
50 28
6 0
6 7
6 14
6 21
6 28
6 35
6 42
6 49
6 56
6 63
6 70
27 0
27 7
27 14
27 21
27 28
27 35
27 42
27 49
27 56
27 63
27 70
27 77
48 0
48 7
48 14
48 21
48 35
48 42
48 49
48 56
48 63
48 70
0 0
14 0
0 7
14 7
0 14
14 14
0 21
14 21
0 28
14 28
0 35
14 35
0 42
14 42
0 49
14 49
0 56
14 56
0 63
14 63
0 70
14 70
21 0
35 0
21 7
35 7
21 14
35 14
21 21
35 21
21 28
35 28
21 35
35 35
21 42
35 42
21 49
35 49
21 56
35 56
21 63
35 63
21 70
35 70
21 77
35 77
42 0
56 0
42 7
56 7
42 14
56 14
42 21
56 21
42 28
56 28
42 35
56 35
42 42
56 42
42 49
56 49
42 56
56 56
42 63
56 63
42 70
56 70
69 69
