156
74 78
80 3
84 9
41 90
9 62
85 33
59 77
12 82
56 86
29 71
40 31
82 78
7 65
73 56
69 32
70 7
1 92
58 16
55 56
14 45
34 59
30 60
59 39
73 31
14 58
56 20
8 18
72 84
1 41
66 37
85 88
70 18
30 82
23 6
47 90
31 87
52 15
38 59
64 1
80 36
35 38
87 66
95 10
9 1
64 63
0 48
18 67
25 27
71 12
51 45
88 94
39 17
52 94
79 27
33 28
27 48
83 41
92 89
76 71
60 68
0 80
56 70
70 23
72 40
75 23
28 68
20 62
94 20
53 35
68 90
64 96
41 44
94 7
0 34
21 97
46 81
85 3
90 53
16 93
78 52
98 69
45 1
95 25
19 41
85 48
43 28
94 83
10 37
80 20
98 20
34 0
45 66
97 79
1 7
24 89
7 54
1 53
92 0
84 95
61 73
83 18
13 0
65 19
91 37
78 80
64 16
50 52
53 68
47 69
13 87
46 39
95 31
54 90
8 88
96 13
93 99
90 62
40 78
1 18
66 25
63 40
61 8
1 87
33 94
87 58
78 95
48 11
7 49
91 46
60 92
8 70
19 8
92 27
70 63
50 58
94 45
22 9
44 95
33 46
77 12
17 22
44 13
0 62
6 10
23 24
54 65
50 4
30 65
47 49
46 77
27 24
79 86
80 13
18 2
80 8
55 77
