161
88 50
13 7
10 22
79 68
0 78
58 28
29 95
34 66
84 85
88 28
85 15
76 54
36 26
94 37
75 17
7 10
28 46
99 76
56 35
28 72
72 20
95 22
5 95
92 24
3 31
81 35
43 83
29 51
39 72
53 92
60 36
95 63
98 53
62 89
94 52
22 7
71 98
99 12
44 69
19 64
34 92
67 95
35 63
83 44
68 55
28 60
57 99
54 10
48 66
47 13
48 56
98 96
13 35
67 1
64 33
13 91
69 33
89 83
72 52
98 43
11 12
29 25
18 20
83 58
42 99
33 78
99 2
96 85
98 67
58 73
66 9
89 13
21 3
10 28
21 73
35 21
87 71
30 35
22 25
91 86
58 9
15 62
73 12
78 41
8 39
74 31
61 71
5 68
73 46
25 71
29 19
79 73
69 6
38 65
49 53
94 10
65 57
23 79
41 58
99 89
80 64
93 3
90 5
39 90
18 29
64 48
46 45
59 33
62 43
41 9
29 78
91 0
67 65
41 42
89 65
16 75
88 59
52 27
89 89
76 81
45 63
22 70
58 88
85 20
41 76
46 85
91 33
23 93
53 23
19 98
37 5
64 93
22 31
88 74
18 6
6 87
12 2
1 65
81 6
13 58
66 19
86 46
32 72
74 95
18 81
49 71
96 47
68 90
35 29
27 85
68 25
30 14
66 62
98 7
95 40
24 64
22 57
31 2
62 60
48 0
88 54
