119
90 95
2 2
1 14
14 1
0 8
8 0
7 7
12 12
17 17
0 20
20 0
72 72
4 68
68 4
3 42
4 56
6 84
84 6
56 4
42 3
6 18
18 6
3 33
33 3
40 50
2 28
28 2
7 77
8 88
9 99
88 8
77 7
99 9
3 51
51 3
78 3
3 78
40 40
50 50
60 60
80 80
40 60
40 70
40 80
50 40
50 60
50 70
50 80
60 40
60 50
60 70
60 80
70 40
70 50
70 60
70 80
80 40
80 50
80 60
80 70
15 20
18 24
21 28
24 32
27 36
30 40
33 44
36 48
42 56
45 60
4 12
12 4
12 16
90 91
90 99
20 20
75 75
5 70
70 5
3 9
9 3
5 15
15 5
4 44
5 55
6 66
66 6
55 5
44 4
2 34
5 85
85 5
34 2
70 70
39 52
2 22
22 2
4 20
20 4
19 19
73 73
74 74
6 8
13 13
15 15
16 16
18 18
9 12
5 5
6 6
8 8
9 9
10 10
11 11
14 14
6 2
0 19
19 0
2 6
